<?xml version="1.0" encoding="UTF-8"?>
<testsuite name="tests.WebQuizEngineTest" tests="1" skipped="0" failures="0" errors="0" timestamp="2023-09-28T14:23:29" hostname="iKoks-Ubuntu" time="5.014">
  <properties/>
  <testcase name="start" classname="tests.WebQuizEngineTest" time="5.014"/>
  <system-out><![CDATA[?[1;31m
Start test 1?[0m
?[0;34m
?[0m?[0;34m  .   ____          _            __ _ _
?[0m?[0;34m /\\ / ___'_ __ _ _(_)_ __  __ _ \ \ \ \
?[0m?[0;34m( ( )\___ | '_ | '_| | '_ \/ _` | \ \ \ \
?[0m?[0;34m \\/  ___)| |_)| | | | | || (_| |  ) ) ) )
?[0m?[0;34m  '  |____| .__|_| |_|_| |_\__, | / / / /
?[0m?[0;34m =========|_|==============|___/=/_/_/_/
?[0m?[0;34m :: Spring Boot ::                (v2.5.6)
?[0m?[0;34m
?[0m?[0;34m2023-09-28 16:23:29.567  INFO 14250 --- [    Test worker] engine.WebQuizEngine                     : Starting WebQuizEngine using Java 17.0.8.1 on iKoks-Ubuntu with PID 14250 (started by tamerlan in /home/tamerlan/IdeaProjects/Web Quiz Engine (Java)/Web Quiz Engine (Java)/task)
?[0m?[0;34m2023-09-28 16:23:29.570  INFO 14250 --- [    Test worker] engine.WebQuizEngine                     : No active profile set, falling back to default profiles: default
?[0m?[0;34m2023-09-28 16:23:30.374  INFO 14250 --- [    Test worker] .s.d.r.c.RepositoryConfigurationDelegate : Bootstrapping Spring Data JPA repositories in DEFAULT mode.
?[0m?[0;34m2023-09-28 16:23:30.410  INFO 14250 --- [    Test worker] .s.d.r.c.RepositoryConfigurationDelegate : Finished Spring Data repository scanning in 30 ms. Found 3 JPA repository interfaces.
?[0m?[0;34m2023-09-28 16:23:30.820  INFO 14250 --- [    Test worker] o.s.b.w.embedded.tomcat.TomcatWebServer  : Tomcat initialized with port(s): 8889 (http)
?[0m?[0;34m2023-09-28 16:23:30.829  INFO 14250 --- [    Test worker] o.apache.catalina.core.StandardService   : Starting service [Tomcat]
?[0m?[0;34m2023-09-28 16:23:30.829  INFO 14250 --- [    Test worker] org.apache.catalina.core.StandardEngine  : Starting Servlet engine: [Apache Tomcat/9.0.54]
?[0m?[0;34m2023-09-28 16:23:30.889  INFO 14250 --- [    Test worker] o.a.c.c.C.[Tomcat].[localhost].[/]       : Initializing Spring embedded WebApplicationContext
?[0m?[0;34m2023-09-28 16:23:30.889  INFO 14250 --- [    Test worker] w.s.c.ServletWebServerApplicationContext : Root WebApplicationContext: initialization completed in 1283 ms
?[0m?[0;34m2023-09-28 16:23:30.998  INFO 14250 --- [    Test worker] com.zaxxer.hikari.HikariDataSource       : HikariPool-1 - Starting...
?[0m?[0;34m2023-09-28 16:23:31.127  INFO 14250 --- [    Test worker] com.zaxxer.hikari.HikariDataSource       : HikariPool-1 - Start completed.
?[0m?[0;34m2023-09-28 16:23:31.133  INFO 14250 --- [    Test worker] o.s.b.a.h2.H2ConsoleAutoConfiguration    : H2 console available at '/h2-ui'. Database available at 'jdbc:h2:mem:testdb'
?[0m?[0;34m2023-09-28 16:23:31.256  INFO 14250 --- [    Test worker] o.hibernate.jpa.internal.util.LogHelper  : HHH000204: Processing PersistenceUnitInfo [name: default]
?[0m?[0;34m2023-09-28 16:23:31.294  INFO 14250 --- [    Test worker] org.hibernate.Version                    : HHH000412: Hibernate ORM core version 5.4.32.Final
?[0m?[0;34m2023-09-28 16:23:31.388  INFO 14250 --- [    Test worker] o.hibernate.annotations.common.Version   : HCANN000001: Hibernate Commons Annotations {5.1.2.Final}
?[0m?[0;34m2023-09-28 16:23:31.460  INFO 14250 --- [    Test worker] org.hibernate.dialect.Dialect            : HHH000400: Using dialect: org.hibernate.dialect.H2Dialect
?[0m?[0;34mHibernate: drop table if exists quiz CASCADE 
?[0m?[0;34mHibernate: drop table if exists quiz_answer CASCADE 
?[0m?[0;34mHibernate: drop table if exists quiz_option CASCADE 
?[0m?[0;34mHibernate: create table quiz (id integer generated by default as identity, text varchar(255), title varchar(255), primary key (id))
?[0m?[0;34mHibernate: create table quiz_answer (id integer generated by default as identity, index integer, quiz_id integer not null, primary key (id))
?[0m?[0;34mHibernate: create table quiz_option (id integer generated by default as identity, index integer, option varchar(255), quiz_id integer not null, primary key (id))
?[0m?[0;34mHibernate: alter table quiz_answer add constraint FKoxi2td1x8cc3y4a0vlsg2hfnc foreign key (quiz_id) references quiz
?[0m?[0;34mHibernate: alter table quiz_option add constraint FK134e3ro35naxwfjqcda4ckljn foreign key (quiz_id) references quiz
?[0m?[0;34m2023-09-28 16:23:31.946  INFO 14250 --- [    Test worker] o.h.e.t.j.p.i.JtaPlatformInitiator       : HHH000490: Using JtaPlatform implementation: [org.hibernate.engine.transaction.jta.platform.internal.NoJtaPlatform]
?[0m?[0;34m2023-09-28 16:23:31.951  INFO 14250 --- [    Test worker] j.LocalContainerEntityManagerFactoryBean : Initialized JPA EntityManagerFactory for persistence unit 'default'
?[0m?[0;34m2023-09-28 16:23:32.237  WARN 14250 --- [    Test worker] JpaBaseConfiguration$JpaWebConfiguration : spring.jpa.open-in-view is enabled by default. Therefore, database queries may be performed during view rendering. Explicitly configure spring.jpa.open-in-view to disable this warning
?[0m?[0;34m2023-09-28 16:23:32.686  INFO 14250 --- [    Test worker] o.s.b.a.e.web.EndpointLinksResolver      : Exposing 14 endpoint(s) beneath base path '/actuator'
?[0m?[0;34m2023-09-28 16:23:32.723  INFO 14250 --- [    Test worker] o.s.b.w.embedded.tomcat.TomcatWebServer  : Tomcat started on port(s): 8889 (http) with context path ''
?[0m?[0;34m2023-09-28 16:23:32.738  INFO 14250 --- [    Test worker] engine.WebQuizEngine                     : Started WebQuizEngine in 3.422 seconds (JVM running for 3.981)
?[0;34m2023-09-28 16:23:32.979  INFO 14250 --- [nio-8889-exec-1] o.a.c.c.C.[Tomcat].[localhost].[/]       : Initializing Spring DispatcherServlet 'dispatcherServlet'
?[0m?[0;34m2023-09-28 16:23:32.983  INFO 14250 --- [nio-8889-exec-1] o.s.web.servlet.DispatcherServlet        : Initializing Servlet 'dispatcherServlet'
?[0m?[0;34m2023-09-28 16:23:32.985  INFO 14250 --- [nio-8889-exec-1] o.s.web.servlet.DispatcherServlet        : Completed initialization in 1 ms
?[0m?[0;34mHibernate: select quiz0_.id as id1_0_, quiz0_.text as text2_0_, quiz0_.title as title3_0_ from quiz quiz0_
?[0m?[1;31m
Start test 2?[0m
?[0;34mHibernate: insert into quiz (id, text, title) values (null, ?, ?)
?[0m?[0;34mHibernate: insert into quiz_answer (id, index, quiz_id) values (null, ?, ?)
?[0m?[0;34mHibernate: insert into quiz_option (id, index, option, quiz_id) values (null, ?, ?, ?)
?[0m?[0;34mHibernate: insert into quiz_option (id, index, option, quiz_id) values (null, ?, ?, ?)
?[0m?[0;34mHibernate: insert into quiz_option (id, index, option, quiz_id) values (null, ?, ?, ?)
?[0m?[0;34mHibernate: insert into quiz_option (id, index, option, quiz_id) values (null, ?, ?, ?)
?[0m?[0;34mHibernate: update quiz_answer set quiz_id=? where id=?
?[0m?[0;34mHibernate: update quiz_option set quiz_id=? where id=?
?[0m?[0;34mHibernate: update quiz_option set quiz_id=? where id=?
?[0m?[0;34mHibernate: update quiz_option set quiz_id=? where id=?
?[0m?[0;34mHibernate: update quiz_option set quiz_id=? where id=?
?[1;31m
Start test 3?[0m
?[0;34mHibernate: select quiz0_.id as id1_0_0_, quiz0_.text as text2_0_0_, quiz0_.title as title3_0_0_ from quiz quiz0_ where quiz0_.id=?
?[0m?[0;34mHibernate: select options0_.quiz_id as quiz_id4_2_0_, options0_.id as id1_2_0_, options0_.id as id1_2_1_, options0_.index as index2_2_1_, options0_.option as option3_2_1_ from quiz_option options0_ where options0_.quiz_id=?
?[1;31m
Start test 4?[0m
?[0;34mHibernate: select quiz0_.id as id1_0_0_, quiz0_.text as text2_0_0_, quiz0_.title as title3_0_0_ from quiz quiz0_ where quiz0_.id=?
?[1;31m
Start test 5?[0m
?[0;34mHibernate: select quiz0_.id as id1_0_, quiz0_.text as text2_0_, quiz0_.title as title3_0_ from quiz quiz0_
?[0m?[0;34mHibernate: select options0_.quiz_id as quiz_id4_2_0_, options0_.id as id1_2_0_, options0_.id as id1_2_1_, options0_.index as index2_2_1_, options0_.option as option3_2_1_ from quiz_option options0_ where options0_.quiz_id=?
?[1;31m
Start test 6?[0m
?[0;34mHibernate: insert into quiz (id, text, title) values (null, ?, ?)
?[0m?[0;34mHibernate: insert into quiz_answer (id, index, quiz_id) values (null, ?, ?)
?[0m?[0;34mHibernate: insert into quiz_option (id, index, option, quiz_id) values (null, ?, ?, ?)
?[0m?[0;34mHibernate: insert into quiz_option (id, index, option, quiz_id) values (null, ?, ?, ?)
?[0m?[0;34mHibernate: insert into quiz_option (id, index, option, quiz_id) values (null, ?, ?, ?)
?[0m?[0;34mHibernate: insert into quiz_option (id, index, option, quiz_id) values (null, ?, ?, ?)
?[0m?[0;34mHibernate: update quiz_answer set quiz_id=? where id=?
?[0m?[0;34mHibernate: update quiz_option set quiz_id=? where id=?
?[0m?[0;34mHibernate: update quiz_option set quiz_id=? where id=?
?[0m?[0;34mHibernate: update quiz_option set quiz_id=? where id=?
?[0m?[0;34mHibernate: update quiz_option set quiz_id=? where id=?
?[1;31m
Start test 7?[0m
?[0;34mHibernate: select quiz0_.id as id1_0_0_, quiz0_.text as text2_0_0_, quiz0_.title as title3_0_0_ from quiz quiz0_ where quiz0_.id=?
?[0m?[0;34mHibernate: select options0_.quiz_id as quiz_id4_2_0_, options0_.id as id1_2_0_, options0_.id as id1_2_1_, options0_.index as index2_2_1_, options0_.option as option3_2_1_ from quiz_option options0_ where options0_.quiz_id=?
?[1;31m
Start test 8?[0m
?[0;34mHibernate: select quiz0_.id as id1_0_0_, quiz0_.text as text2_0_0_, quiz0_.title as title3_0_0_ from quiz quiz0_ where quiz0_.id=?
?[1;31m
Start test 9?[0m
?[0;34mHibernate: select quiz0_.id as id1_0_, quiz0_.text as text2_0_, quiz0_.title as title3_0_ from quiz quiz0_
?[0m?[0;34mHibernate: select options0_.quiz_id as quiz_id4_2_0_, options0_.id as id1_2_0_, options0_.id as id1_2_1_, options0_.index as index2_2_1_, options0_.option as option3_2_1_ from quiz_option options0_ where options0_.quiz_id=?
?[0m?[0;34mHibernate: select options0_.quiz_id as quiz_id4_2_0_, options0_.id as id1_2_0_, options0_.id as id1_2_1_, options0_.index as index2_2_1_, options0_.option as option3_2_1_ from quiz_option options0_ where options0_.quiz_id=?
?[1;31m
Start test 10?[0m
?[0;34mHibernate: select quiz0_.id as id1_0_0_, quiz0_.text as text2_0_0_, quiz0_.title as title3_0_0_ from quiz quiz0_ where quiz0_.id=?
?[0m?[0;34mHibernate: select answers0_.quiz_id as quiz_id3_1_0_, answers0_.id as id1_1_0_, answers0_.id as id1_1_1_, answers0_.index as index2_1_1_ from quiz_answer answers0_ where answers0_.quiz_id=?
?[1;31m
Start test 11?[0m
?[0m?[0;34mHibernate: select quiz0_.id as id1_0_0_, quiz0_.text as text2_0_0_, quiz0_.title as title3_0_0_ from quiz quiz0_ where quiz0_.id=?
?[0m?[0;34mHibernate: select answers0_.quiz_id as quiz_id3_1_0_, answers0_.id as id1_1_0_, answers0_.id as id1_1_1_, answers0_.index as index2_1_1_ from quiz_answer answers0_ where answers0_.quiz_id=?
?[1;31m
Start test 12?[0m
?[0m?[0;34mHibernate: select quiz0_.id as id1_0_0_, quiz0_.text as text2_0_0_, quiz0_.title as title3_0_0_ from quiz quiz0_ where quiz0_.id=?
?[0m?[0;34mHibernate: select answers0_.quiz_id as quiz_id3_1_0_, answers0_.id as id1_1_0_, answers0_.id as id1_1_1_, answers0_.index as index2_1_1_ from quiz_answer answers0_ where answers0_.quiz_id=?
?[1;31m
Start test 13?[0m
?[0m?[0;34mHibernate: select quiz0_.id as id1_0_0_, quiz0_.text as text2_0_0_, quiz0_.title as title3_0_0_ from quiz quiz0_ where quiz0_.id=?
?[0m?[0;34mHibernate: select answers0_.quiz_id as quiz_id3_1_0_, answers0_.id as id1_1_0_, answers0_.id as id1_1_1_, answers0_.index as index2_1_1_ from quiz_answer answers0_ where answers0_.quiz_id=?
?[1;31m
Start test 14?[0m
?[0m?[0;34mHibernate: select quiz0_.id as id1_0_0_, quiz0_.text as text2_0_0_, quiz0_.title as title3_0_0_ from quiz quiz0_ where quiz0_.id=?
?[0m?[0;34mHibernate: select answers0_.quiz_id as quiz_id3_1_0_, answers0_.id as id1_1_0_, answers0_.id as id1_1_1_, answers0_.index as index2_1_1_ from quiz_answer answers0_ where answers0_.quiz_id=?
?[1;31m
Start test 15?[0m
?[0m?[0;34mHibernate: select quiz0_.id as id1_0_0_, quiz0_.text as text2_0_0_, quiz0_.title as title3_0_0_ from quiz quiz0_ where quiz0_.id=?
?[0m?[0;34mHibernate: select answers0_.quiz_id as quiz_id3_1_0_, answers0_.id as id1_1_0_, answers0_.id as id1_1_1_, answers0_.index as index2_1_1_ from quiz_answer answers0_ where answers0_.quiz_id=?
?[1;31m
Start test 16?[0m
?[0m?[0;34mHibernate: select quiz0_.id as id1_0_0_, quiz0_.text as text2_0_0_, quiz0_.title as title3_0_0_ from quiz quiz0_ where quiz0_.id=?
?[0m?[0;34mHibernate: select answers0_.quiz_id as quiz_id3_1_0_, answers0_.id as id1_1_0_, answers0_.id as id1_1_1_, answers0_.index as index2_1_1_ from quiz_answer answers0_ where answers0_.quiz_id=?
?[1;31m
Start test 17?[0m
?[0m?[0;34mHibernate: select quiz0_.id as id1_0_0_, quiz0_.text as text2_0_0_, quiz0_.title as title3_0_0_ from quiz quiz0_ where quiz0_.id=?
?[0m?[0;34mHibernate: select answers0_.quiz_id as quiz_id3_1_0_, answers0_.id as id1_1_0_, answers0_.id as id1_1_1_, answers0_.index as index2_1_1_ from quiz_answer answers0_ where answers0_.quiz_id=?
?[1;31m
Start test 18?[0m
?[0m?[0;34m2023-09-28 16:23:33.433  WARN 14250 --- [nio-8889-exec-8] .w.s.m.s.DefaultHandlerExceptionResolver : Resolved [org.springframework.http.converter.HttpMessageNotReadableException: JSON parse error: Unexpected character ('"' (code 34)): was expecting comma to separate Object entries; nested exception is com.fasterxml.jackson.core.JsonParseException: Unexpected character ('"' (code 34)): was expecting comma to separate Object entries<LF> at [Source: (PushbackInputStream); line: 4, column: 4]]
?[1;31m
Start test 19?[0m
?[0m?[0;34m2023-09-28 16:23:33.448  WARN 14250 --- [nio-8889-exec-9] .w.s.m.s.DefaultHandlerExceptionResolver : Resolved [org.springframework.http.converter.HttpMessageNotReadableException: JSON parse error: Unexpected character ('"' (code 34)): was expecting comma to separate Object entries; nested exception is com.fasterxml.jackson.core.JsonParseException: Unexpected character ('"' (code 34)): was expecting comma to separate Object entries<LF> at [Source: (PushbackInputStream); line: 5, column: 4]]
?[1;31m
Start test 20?[0m
?[0m?[0;34m2023-09-28 16:23:33.455  WARN 14250 --- [io-8889-exec-10] .w.s.m.s.DefaultHandlerExceptionResolver : Resolved [org.springframework.http.converter.HttpMessageNotReadableException: JSON parse error: Unexpected character ('"' (code 34)): was expecting comma to separate Object entries; nested exception is com.fasterxml.jackson.core.JsonParseException: Unexpected character ('"' (code 34)): was expecting comma to separate Object entries<LF> at [Source: (PushbackInputStream); line: 4, column: 4]]
?[1;31m
Start test 21?[0m
?[0m?[0;34m2023-09-28 16:23:33.462  WARN 14250 --- [nio-8889-exec-1] .w.s.m.s.DefaultHandlerExceptionResolver : Resolved [org.springframework.http.converter.HttpMessageNotReadableException: JSON parse error: Unexpected character ('"' (code 34)): was expecting comma to separate Object entries; nested exception is com.fasterxml.jackson.core.JsonParseException: Unexpected character ('"' (code 34)): was expecting comma to separate Object entries<LF> at [Source: (PushbackInputStream); line: 5, column: 4]]
?[1;31m
Start test 22?[0m
?[1;31m
Start test 23?[0m
?[0m?[0;34m2023-09-28 16:23:33.478  WARN 14250 --- [nio-8889-exec-5] .w.s.m.s.DefaultHandlerExceptionResolver : Resolved [org.springframework.http.converter.HttpMessageNotReadableException: JSON parse error: Unexpected character ('"' (code 34)): was expecting comma to separate Object entries; nested exception is com.fasterxml.jackson.core.JsonParseException: Unexpected character ('"' (code 34)): was expecting comma to separate Object entries<LF> at [Source: (PushbackInputStream); line: 5, column: 4]]
?[1;31m
Start test 24?[0m
?[0m?[0;34m2023-09-28 16:23:33.484  WARN 14250 --- [nio-8889-exec-2] .w.s.m.s.DefaultHandlerExceptionResolver : Resolved [org.springframework.http.converter.HttpMessageNotReadableException: JSON parse error: Unexpected character ('"' (code 34)): was expecting comma to separate Object entries; nested exception is com.fasterxml.jackson.core.JsonParseException: Unexpected character ('"' (code 34)): was expecting comma to separate Object entries<LF> at [Source: (PushbackInputStream); line: 5, column: 4]]
?[1;31m
Start test 25?[0m
?[0m?[0;34mHibernate: insert into quiz (id, text, title) values (null, ?, ?)
?[0m?[0;34mHibernate: insert into quiz_answer (id, index, quiz_id) values (null, ?, ?)
?[0m?[0;34mHibernate: insert into quiz_answer (id, index, quiz_id) values (null, ?, ?)
?[0m?[0;34mHibernate: insert into quiz_option (id, index, option, quiz_id) values (null, ?, ?, ?)
?[0m?[0;34mHibernate: insert into quiz_option (id, index, option, quiz_id) values (null, ?, ?, ?)
?[0m?[0;34mHibernate: insert into quiz_option (id, index, option, quiz_id) values (null, ?, ?, ?)
?[0m?[0;34mHibernate: insert into quiz_option (id, index, option, quiz_id) values (null, ?, ?, ?)
?[0m?[0;34mHibernate: update quiz_answer set quiz_id=? where id=?
?[0m?[0;34mHibernate: update quiz_answer set quiz_id=? where id=?
?[0m?[0;34mHibernate: update quiz_option set quiz_id=? where id=?
?[0m?[0;34mHibernate: update quiz_option set quiz_id=? where id=?
?[0m?[0;34mHibernate: update quiz_option set quiz_id=? where id=?
?[0m?[0;34mHibernate: update quiz_option set quiz_id=? where id=?
?[1;31m
Start test 26?[0m
?[0m?[0;34mHibernate: select quiz0_.id as id1_0_0_, quiz0_.text as text2_0_0_, quiz0_.title as title3_0_0_ from quiz quiz0_ where quiz0_.id=?
?[0m?[0;34mHibernate: select options0_.quiz_id as quiz_id4_2_0_, options0_.id as id1_2_0_, options0_.id as id1_2_1_, options0_.index as index2_2_1_, options0_.option as option3_2_1_ from quiz_option options0_ where options0_.quiz_id=?
?[1;31m
Start test 27?[0m
?[0m?[0;34mHibernate: select quiz0_.id as id1_0_0_, quiz0_.text as text2_0_0_, quiz0_.title as title3_0_0_ from quiz quiz0_ where quiz0_.id=?
?[1;31m
Start test 28?[0m
?[0m?[0;34mHibernate: select quiz0_.id as id1_0_0_, quiz0_.text as text2_0_0_, quiz0_.title as title3_0_0_ from quiz quiz0_ where quiz0_.id=?
?[0m?[0;34mHibernate: select answers0_.quiz_id as quiz_id3_1_0_, answers0_.id as id1_1_0_, answers0_.id as id1_1_1_, answers0_.index as index2_1_1_ from quiz_answer answers0_ where answers0_.quiz_id=?
?[1;31m
Start test 29?[0m
?[0m?[0;34mHibernate: select quiz0_.id as id1_0_0_, quiz0_.text as text2_0_0_, quiz0_.title as title3_0_0_ from quiz quiz0_ where quiz0_.id=?
?[0m?[0;34mHibernate: select answers0_.quiz_id as quiz_id3_1_0_, answers0_.id as id1_1_0_, answers0_.id as id1_1_1_, answers0_.index as index2_1_1_ from quiz_answer answers0_ where answers0_.quiz_id=?
?[1;31m
Start test 30?[0m
?[0m?[0;34mHibernate: select quiz0_.id as id1_0_0_, quiz0_.text as text2_0_0_, quiz0_.title as title3_0_0_ from quiz quiz0_ where quiz0_.id=?
?[0m?[0;34mHibernate: select answers0_.quiz_id as quiz_id3_1_0_, answers0_.id as id1_1_0_, answers0_.id as id1_1_1_, answers0_.index as index2_1_1_ from quiz_answer answers0_ where answers0_.quiz_id=?
?[1;31m
Start test 31?[0m
?[0m?[0;34mHibernate: select quiz0_.id as id1_0_0_, quiz0_.text as text2_0_0_, quiz0_.title as title3_0_0_ from quiz quiz0_ where quiz0_.id=?
?[0m?[0;34mHibernate: select answers0_.quiz_id as quiz_id3_1_0_, answers0_.id as id1_1_0_, answers0_.id as id1_1_1_, answers0_.index as index2_1_1_ from quiz_answer answers0_ where answers0_.quiz_id=?
?[1;31m
Start test 32?[0m
?[0m?[0;34mHibernate: select quiz0_.id as id1_0_0_, quiz0_.text as text2_0_0_, quiz0_.title as title3_0_0_ from quiz quiz0_ where quiz0_.id=?
?[0m?[0;34mHibernate: select answers0_.quiz_id as quiz_id3_1_0_, answers0_.id as id1_1_0_, answers0_.id as id1_1_1_, answers0_.index as index2_1_1_ from quiz_answer answers0_ where answers0_.quiz_id=?
?[1;31m
Start test 33?[0m
?[0m?[0;34mHibernate: select quiz0_.id as id1_0_0_, quiz0_.text as text2_0_0_, quiz0_.title as title3_0_0_ from quiz quiz0_ where quiz0_.id=?
?[0m?[0;34mHibernate: select answers0_.quiz_id as quiz_id3_1_0_, answers0_.id as id1_1_0_, answers0_.id as id1_1_1_, answers0_.index as index2_1_1_ from quiz_answer answers0_ where answers0_.quiz_id=?
?[1;31m
Start test 34?[0m
?[0m?[0;34mHibernate: select quiz0_.id as id1_0_0_, quiz0_.text as text2_0_0_, quiz0_.title as title3_0_0_ from quiz quiz0_ where quiz0_.id=?
?[0m?[0;34mHibernate: select answers0_.quiz_id as quiz_id3_1_0_, answers0_.id as id1_1_0_, answers0_.id as id1_1_1_, answers0_.index as index2_1_1_ from quiz_answer answers0_ where answers0_.quiz_id=?
?[1;31m
Start test 35?[0m
?[0m?[0;34mHibernate: select quiz0_.id as id1_0_0_, quiz0_.text as text2_0_0_, quiz0_.title as title3_0_0_ from quiz quiz0_ where quiz0_.id=?
?[0m?[0;34mHibernate: select answers0_.quiz_id as quiz_id3_1_0_, answers0_.id as id1_1_0_, answers0_.id as id1_1_1_, answers0_.index as index2_1_1_ from quiz_answer answers0_ where answers0_.quiz_id=?
?[1;31m
Start test 36?[0m
?[0m?[0;34mHibernate: select quiz0_.id as id1_0_0_, quiz0_.text as text2_0_0_, quiz0_.title as title3_0_0_ from quiz quiz0_ where quiz0_.id=?
?[0m?[0;34mHibernate: select answers0_.quiz_id as quiz_id3_1_0_, answers0_.id as id1_1_0_, answers0_.id as id1_1_1_, answers0_.index as index2_1_1_ from quiz_answer answers0_ where answers0_.quiz_id=?
?[1;31m
Start test 37?[0m
?[0m?[0;34mHibernate: select quiz0_.id as id1_0_0_, quiz0_.text as text2_0_0_, quiz0_.title as title3_0_0_ from quiz quiz0_ where quiz0_.id=?
?[0m?[0;34mHibernate: select answers0_.quiz_id as quiz_id3_1_0_, answers0_.id as id1_1_0_, answers0_.id as id1_1_1_, answers0_.index as index2_1_1_ from quiz_answer answers0_ where answers0_.quiz_id=?
?[1;31m
Start test 38?[0m
?[0m?[0;34mHibernate: select quiz0_.id as id1_0_0_, quiz0_.text as text2_0_0_, quiz0_.title as title3_0_0_ from quiz quiz0_ where quiz0_.id=?
?[0m?[0;34mHibernate: select answers0_.quiz_id as quiz_id3_1_0_, answers0_.id as id1_1_0_, answers0_.id as id1_1_1_, answers0_.index as index2_1_1_ from quiz_answer answers0_ where answers0_.quiz_id=?
?[1;31m
Start test 39?[0m
?[0m?[0;34mHibernate: select quiz0_.id as id1_0_0_, quiz0_.text as text2_0_0_, quiz0_.title as title3_0_0_ from quiz quiz0_ where quiz0_.id=?
?[0m?[0;34mHibernate: select answers0_.quiz_id as quiz_id3_1_0_, answers0_.id as id1_1_0_, answers0_.id as id1_1_1_, answers0_.index as index2_1_1_ from quiz_answer answers0_ where answers0_.quiz_id=?
?[1;31m
Start test 40?[0m
?[0m?[0;34mHibernate: select quiz0_.id as id1_0_0_, quiz0_.text as text2_0_0_, quiz0_.title as title3_0_0_ from quiz quiz0_ where quiz0_.id=?
?[0m?[0;34mHibernate: select answers0_.quiz_id as quiz_id3_1_0_, answers0_.id as id1_1_0_, answers0_.id as id1_1_1_, answers0_.index as index2_1_1_ from quiz_answer answers0_ where answers0_.quiz_id=?
?[1;31m
Start test 41?[0m
?[0m?[0;34mHibernate: select quiz0_.id as id1_0_0_, quiz0_.text as text2_0_0_, quiz0_.title as title3_0_0_ from quiz quiz0_ where quiz0_.id=?
?[0m?[0;34mHibernate: select answers0_.quiz_id as quiz_id3_1_0_, answers0_.id as id1_1_0_, answers0_.id as id1_1_1_, answers0_.index as index2_1_1_ from quiz_answer answers0_ where answers0_.quiz_id=?
?[1;31m
Start test 42?[0m
?[0m?[0;34mHibernate: select quiz0_.id as id1_0_0_, quiz0_.text as text2_0_0_, quiz0_.title as title3_0_0_ from quiz quiz0_ where quiz0_.id=?
?[0m?[0;34mHibernate: select answers0_.quiz_id as quiz_id3_1_0_, answers0_.id as id1_1_0_, answers0_.id as id1_1_1_, answers0_.index as index2_1_1_ from quiz_answer answers0_ where answers0_.quiz_id=?
?[1;31m
Start test 43?[0m
?[0m?[0;34mHibernate: insert into quiz (id, text, title) values (null, ?, ?)
?[0m?[0;34mHibernate: insert into quiz_answer (id, index, quiz_id) values (null, ?, ?)
?[0m?[0;34mHibernate: insert into quiz_answer (id, index, quiz_id) values (null, ?, ?)
?[0m?[0;34mHibernate: insert into quiz_option (id, index, option, quiz_id) values (null, ?, ?, ?)
?[0m?[0;34mHibernate: insert into quiz_option (id, index, option, quiz_id) values (null, ?, ?, ?)
?[0m?[0;34mHibernate: insert into quiz_option (id, index, option, quiz_id) values (null, ?, ?, ?)
?[0m?[0;34mHibernate: insert into quiz_option (id, index, option, quiz_id) values (null, ?, ?, ?)
?[0m?[0;34mHibernate: update quiz_answer set quiz_id=? where id=?
?[0m?[0;34mHibernate: update quiz_answer set quiz_id=? where id=?
?[0m?[0;34mHibernate: update quiz_option set quiz_id=? where id=?
?[0m?[0;34mHibernate: update quiz_option set quiz_id=? where id=?
?[0m?[0;34mHibernate: update quiz_option set quiz_id=? where id=?
?[0m?[0;34mHibernate: update quiz_option set quiz_id=? where id=?
?[1;31m
Start test 44?[0m
?[0m?[0;34mHibernate: select quiz0_.id as id1_0_0_, quiz0_.text as text2_0_0_, quiz0_.title as title3_0_0_ from quiz quiz0_ where quiz0_.id=?
?[0m?[0;34mHibernate: select options0_.quiz_id as quiz_id4_2_0_, options0_.id as id1_2_0_, options0_.id as id1_2_1_, options0_.index as index2_2_1_, options0_.option as option3_2_1_ from quiz_option options0_ where options0_.quiz_id=?
?[1;31m
Start test 45?[0m
?[0m?[0;34mHibernate: select quiz0_.id as id1_0_0_, quiz0_.text as text2_0_0_, quiz0_.title as title3_0_0_ from quiz quiz0_ where quiz0_.id=?
?[1;31m
Start test 46?[0m
?[0m?[0;34mHibernate: select quiz0_.id as id1_0_0_, quiz0_.text as text2_0_0_, quiz0_.title as title3_0_0_ from quiz quiz0_ where quiz0_.id=?
?[0m?[0;34mHibernate: select answers0_.quiz_id as quiz_id3_1_0_, answers0_.id as id1_1_0_, answers0_.id as id1_1_1_, answers0_.index as index2_1_1_ from quiz_answer answers0_ where answers0_.quiz_id=?
?[1;31m
Start test 47?[0m
?[0m?[0;34mHibernate: select quiz0_.id as id1_0_0_, quiz0_.text as text2_0_0_, quiz0_.title as title3_0_0_ from quiz quiz0_ where quiz0_.id=?
?[0m?[0;34mHibernate: select answers0_.quiz_id as quiz_id3_1_0_, answers0_.id as id1_1_0_, answers0_.id as id1_1_1_, answers0_.index as index2_1_1_ from quiz_answer answers0_ where answers0_.quiz_id=?
?[1;31m
Start test 48?[0m
?[0m?[0;34mHibernate: select quiz0_.id as id1_0_0_, quiz0_.text as text2_0_0_, quiz0_.title as title3_0_0_ from quiz quiz0_ where quiz0_.id=?
?[0m?[0;34mHibernate: select answers0_.quiz_id as quiz_id3_1_0_, answers0_.id as id1_1_0_, answers0_.id as id1_1_1_, answers0_.index as index2_1_1_ from quiz_answer answers0_ where answers0_.quiz_id=?
?[1;31m
Start test 49?[0m
?[0m?[0;34mHibernate: select quiz0_.id as id1_0_0_, quiz0_.text as text2_0_0_, quiz0_.title as title3_0_0_ from quiz quiz0_ where quiz0_.id=?
?[0m?[0;34mHibernate: select answers0_.quiz_id as quiz_id3_1_0_, answers0_.id as id1_1_0_, answers0_.id as id1_1_1_, answers0_.index as index2_1_1_ from quiz_answer answers0_ where answers0_.quiz_id=?
?[1;31m
Start test 50?[0m
?[0m?[0;34mHibernate: select quiz0_.id as id1_0_0_, quiz0_.text as text2_0_0_, quiz0_.title as title3_0_0_ from quiz quiz0_ where quiz0_.id=?
?[0m?[0;34mHibernate: select answers0_.quiz_id as quiz_id3_1_0_, answers0_.id as id1_1_0_, answers0_.id as id1_1_1_, answers0_.index as index2_1_1_ from quiz_answer answers0_ where answers0_.quiz_id=?
?[1;31m
Start test 51?[0m
?[0m?[0;34mHibernate: select quiz0_.id as id1_0_0_, quiz0_.text as text2_0_0_, quiz0_.title as title3_0_0_ from quiz quiz0_ where quiz0_.id=?
?[0m?[0;34mHibernate: select answers0_.quiz_id as quiz_id3_1_0_, answers0_.id as id1_1_0_, answers0_.id as id1_1_1_, answers0_.index as index2_1_1_ from quiz_answer answers0_ where answers0_.quiz_id=?
?[1;31m
Start test 52?[0m
?[0m?[0;34mHibernate: select quiz0_.id as id1_0_0_, quiz0_.text as text2_0_0_, quiz0_.title as title3_0_0_ from quiz quiz0_ where quiz0_.id=?
?[0m?[0;34mHibernate: select answers0_.quiz_id as quiz_id3_1_0_, answers0_.id as id1_1_0_, answers0_.id as id1_1_1_, answers0_.index as index2_1_1_ from quiz_answer answers0_ where answers0_.quiz_id=?
?[1;31m
Start test 53?[0m
?[0m?[0;34mHibernate: select quiz0_.id as id1_0_0_, quiz0_.text as text2_0_0_, quiz0_.title as title3_0_0_ from quiz quiz0_ where quiz0_.id=?
?[0m?[0;34mHibernate: select answers0_.quiz_id as quiz_id3_1_0_, answers0_.id as id1_1_0_, answers0_.id as id1_1_1_, answers0_.index as index2_1_1_ from quiz_answer answers0_ where answers0_.quiz_id=?
?[1;31m
Start test 54?[0m
?[0m?[0;34mHibernate: select quiz0_.id as id1_0_0_, quiz0_.text as text2_0_0_, quiz0_.title as title3_0_0_ from quiz quiz0_ where quiz0_.id=?
?[0m?[0;34mHibernate: select answers0_.quiz_id as quiz_id3_1_0_, answers0_.id as id1_1_0_, answers0_.id as id1_1_1_, answers0_.index as index2_1_1_ from quiz_answer answers0_ where answers0_.quiz_id=?
?[1;31m
Start test 55?[0m
?[0m?[0;34mHibernate: select quiz0_.id as id1_0_0_, quiz0_.text as text2_0_0_, quiz0_.title as title3_0_0_ from quiz quiz0_ where quiz0_.id=?
?[0m?[0;34mHibernate: select answers0_.quiz_id as quiz_id3_1_0_, answers0_.id as id1_1_0_, answers0_.id as id1_1_1_, answers0_.index as index2_1_1_ from quiz_answer answers0_ where answers0_.quiz_id=?
?[1;31m
Start test 56?[0m
?[0m?[0;34mHibernate: select quiz0_.id as id1_0_0_, quiz0_.text as text2_0_0_, quiz0_.title as title3_0_0_ from quiz quiz0_ where quiz0_.id=?
?[0m?[0;34mHibernate: select answers0_.quiz_id as quiz_id3_1_0_, answers0_.id as id1_1_0_, answers0_.id as id1_1_1_, answers0_.index as index2_1_1_ from quiz_answer answers0_ where answers0_.quiz_id=?
?[1;31m
Start test 57?[0m
?[0m?[0;34mHibernate: select quiz0_.id as id1_0_0_, quiz0_.text as text2_0_0_, quiz0_.title as title3_0_0_ from quiz quiz0_ where quiz0_.id=?
?[0m?[0;34mHibernate: select answers0_.quiz_id as quiz_id3_1_0_, answers0_.id as id1_1_0_, answers0_.id as id1_1_1_, answers0_.index as index2_1_1_ from quiz_answer answers0_ where answers0_.quiz_id=?
?[1;31m
Start test 58?[0m
?[0m?[0;34mHibernate: select quiz0_.id as id1_0_0_, quiz0_.text as text2_0_0_, quiz0_.title as title3_0_0_ from quiz quiz0_ where quiz0_.id=?
?[0m?[0;34mHibernate: select answers0_.quiz_id as quiz_id3_1_0_, answers0_.id as id1_1_0_, answers0_.id as id1_1_1_, answers0_.index as index2_1_1_ from quiz_answer answers0_ where answers0_.quiz_id=?
?[1;31m
Start test 59?[0m
?[0m?[0;34mHibernate: select quiz0_.id as id1_0_0_, quiz0_.text as text2_0_0_, quiz0_.title as title3_0_0_ from quiz quiz0_ where quiz0_.id=?
?[0m?[0;34mHibernate: select answers0_.quiz_id as quiz_id3_1_0_, answers0_.id as id1_1_0_, answers0_.id as id1_1_1_, answers0_.index as index2_1_1_ from quiz_answer answers0_ where answers0_.quiz_id=?
?[1;31m
Start test 60?[0m
?[0m?[0;34mHibernate: select quiz0_.id as id1_0_0_, quiz0_.text as text2_0_0_, quiz0_.title as title3_0_0_ from quiz quiz0_ where quiz0_.id=?
?[0m?[0;34mHibernate: select answers0_.quiz_id as quiz_id3_1_0_, answers0_.id as id1_1_0_, answers0_.id as id1_1_1_, answers0_.index as index2_1_1_ from quiz_answer answers0_ where answers0_.quiz_id=?
?[1;31m
Start test 61?[0m
?[0m?[0;34mHibernate: insert into quiz (id, text, title) values (null, ?, ?)
?[0m?[0;34mHibernate: insert into quiz_option (id, index, option, quiz_id) values (null, ?, ?, ?)
?[0m?[0;34mHibernate: insert into quiz_option (id, index, option, quiz_id) values (null, ?, ?, ?)
?[0m?[0;34mHibernate: insert into quiz_option (id, index, option, quiz_id) values (null, ?, ?, ?)
?[0m?[0;34mHibernate: insert into quiz_option (id, index, option, quiz_id) values (null, ?, ?, ?)
?[0m?[0;34mHibernate: update quiz_option set quiz_id=? where id=?
?[0m?[0;34mHibernate: update quiz_option set quiz_id=? where id=?
?[0m?[0;34mHibernate: update quiz_option set quiz_id=? where id=?
?[0m?[0;34mHibernate: update quiz_option set quiz_id=? where id=?
?[1;31m
Start test 62?[0m
?[0m?[0;34mHibernate: select quiz0_.id as id1_0_0_, quiz0_.text as text2_0_0_, quiz0_.title as title3_0_0_ from quiz quiz0_ where quiz0_.id=?
?[0m?[0;34mHibernate: select options0_.quiz_id as quiz_id4_2_0_, options0_.id as id1_2_0_, options0_.id as id1_2_1_, options0_.index as index2_2_1_, options0_.option as option3_2_1_ from quiz_option options0_ where options0_.quiz_id=?
?[1;31m
Start test 63?[0m
?[0m?[0;34mHibernate: select quiz0_.id as id1_0_0_, quiz0_.text as text2_0_0_, quiz0_.title as title3_0_0_ from quiz quiz0_ where quiz0_.id=?
?[1;31m
Start test 64?[0m
?[0m?[0;34mHibernate: select quiz0_.id as id1_0_0_, quiz0_.text as text2_0_0_, quiz0_.title as title3_0_0_ from quiz quiz0_ where quiz0_.id=?
?[0m?[0;34mHibernate: select answers0_.quiz_id as quiz_id3_1_0_, answers0_.id as id1_1_0_, answers0_.id as id1_1_1_, answers0_.index as index2_1_1_ from quiz_answer answers0_ where answers0_.quiz_id=?
?[1;31m
Start test 65?[0m
?[0m?[0;34mHibernate: select quiz0_.id as id1_0_0_, quiz0_.text as text2_0_0_, quiz0_.title as title3_0_0_ from quiz quiz0_ where quiz0_.id=?
?[0m?[0;34mHibernate: select answers0_.quiz_id as quiz_id3_1_0_, answers0_.id as id1_1_0_, answers0_.id as id1_1_1_, answers0_.index as index2_1_1_ from quiz_answer answers0_ where answers0_.quiz_id=?
?[1;31m
Start test 66?[0m
?[0m?[0;34mHibernate: select quiz0_.id as id1_0_0_, quiz0_.text as text2_0_0_, quiz0_.title as title3_0_0_ from quiz quiz0_ where quiz0_.id=?
?[0m?[0;34mHibernate: select answers0_.quiz_id as quiz_id3_1_0_, answers0_.id as id1_1_0_, answers0_.id as id1_1_1_, answers0_.index as index2_1_1_ from quiz_answer answers0_ where answers0_.quiz_id=?
?[1;31m
Start test 67?[0m
?[0m?[0;34mHibernate: select quiz0_.id as id1_0_0_, quiz0_.text as text2_0_0_, quiz0_.title as title3_0_0_ from quiz quiz0_ where quiz0_.id=?
?[0m?[0;34mHibernate: select answers0_.quiz_id as quiz_id3_1_0_, answers0_.id as id1_1_0_, answers0_.id as id1_1_1_, answers0_.index as index2_1_1_ from quiz_answer answers0_ where answers0_.quiz_id=?
?[1;31m
Start test 68?[0m
?[0m?[0;34mHibernate: select quiz0_.id as id1_0_0_, quiz0_.text as text2_0_0_, quiz0_.title as title3_0_0_ from quiz quiz0_ where quiz0_.id=?
?[0m?[0;34mHibernate: select answers0_.quiz_id as quiz_id3_1_0_, answers0_.id as id1_1_0_, answers0_.id as id1_1_1_, answers0_.index as index2_1_1_ from quiz_answer answers0_ where answers0_.quiz_id=?
?[1;31m
Start test 69?[0m
?[0m?[0;34mHibernate: select quiz0_.id as id1_0_0_, quiz0_.text as text2_0_0_, quiz0_.title as title3_0_0_ from quiz quiz0_ where quiz0_.id=?
?[0m?[0;34mHibernate: select answers0_.quiz_id as quiz_id3_1_0_, answers0_.id as id1_1_0_, answers0_.id as id1_1_1_, answers0_.index as index2_1_1_ from quiz_answer answers0_ where answers0_.quiz_id=?
?[1;31m
Start test 70?[0m
?[0m?[0;34mHibernate: select quiz0_.id as id1_0_0_, quiz0_.text as text2_0_0_, quiz0_.title as title3_0_0_ from quiz quiz0_ where quiz0_.id=?
?[0m?[0;34mHibernate: select answers0_.quiz_id as quiz_id3_1_0_, answers0_.id as id1_1_0_, answers0_.id as id1_1_1_, answers0_.index as index2_1_1_ from quiz_answer answers0_ where answers0_.quiz_id=?
?[1;31m
Start test 71?[0m
?[0m?[0;34mHibernate: select quiz0_.id as id1_0_0_, quiz0_.text as text2_0_0_, quiz0_.title as title3_0_0_ from quiz quiz0_ where quiz0_.id=?
?[0m?[0;34mHibernate: select answers0_.quiz_id as quiz_id3_1_0_, answers0_.id as id1_1_0_, answers0_.id as id1_1_1_, answers0_.index as index2_1_1_ from quiz_answer answers0_ where answers0_.quiz_id=?
?[1;31m
Start test 72?[0m
?[0m?[0;34mHibernate: select quiz0_.id as id1_0_0_, quiz0_.text as text2_0_0_, quiz0_.title as title3_0_0_ from quiz quiz0_ where quiz0_.id=?
?[0m?[0;34mHibernate: select answers0_.quiz_id as quiz_id3_1_0_, answers0_.id as id1_1_0_, answers0_.id as id1_1_1_, answers0_.index as index2_1_1_ from quiz_answer answers0_ where answers0_.quiz_id=?
?[1;31m
Start test 73?[0m
?[0m?[0;34mHibernate: select quiz0_.id as id1_0_0_, quiz0_.text as text2_0_0_, quiz0_.title as title3_0_0_ from quiz quiz0_ where quiz0_.id=?
?[0m?[0;34mHibernate: select answers0_.quiz_id as quiz_id3_1_0_, answers0_.id as id1_1_0_, answers0_.id as id1_1_1_, answers0_.index as index2_1_1_ from quiz_answer answers0_ where answers0_.quiz_id=?
?[1;31m
Start test 74?[0m
?[0m?[0;34mHibernate: select quiz0_.id as id1_0_0_, quiz0_.text as text2_0_0_, quiz0_.title as title3_0_0_ from quiz quiz0_ where quiz0_.id=?
?[0m?[0;34mHibernate: select answers0_.quiz_id as quiz_id3_1_0_, answers0_.id as id1_1_0_, answers0_.id as id1_1_1_, answers0_.index as index2_1_1_ from quiz_answer answers0_ where answers0_.quiz_id=?
?[1;31m
Start test 75?[0m
?[0m?[0;34mHibernate: select quiz0_.id as id1_0_0_, quiz0_.text as text2_0_0_, quiz0_.title as title3_0_0_ from quiz quiz0_ where quiz0_.id=?
?[0m?[0;34mHibernate: select answers0_.quiz_id as quiz_id3_1_0_, answers0_.id as id1_1_0_, answers0_.id as id1_1_1_, answers0_.index as index2_1_1_ from quiz_answer answers0_ where answers0_.quiz_id=?
?[1;31m
Start test 76?[0m
?[0m?[0;34mHibernate: select quiz0_.id as id1_0_0_, quiz0_.text as text2_0_0_, quiz0_.title as title3_0_0_ from quiz quiz0_ where quiz0_.id=?
?[0m?[0;34mHibernate: select answers0_.quiz_id as quiz_id3_1_0_, answers0_.id as id1_1_0_, answers0_.id as id1_1_1_, answers0_.index as index2_1_1_ from quiz_answer answers0_ where answers0_.quiz_id=?
?[1;31m
Start test 77?[0m
?[0m?[0;34mHibernate: select quiz0_.id as id1_0_0_, quiz0_.text as text2_0_0_, quiz0_.title as title3_0_0_ from quiz quiz0_ where quiz0_.id=?
?[0m?[0;34mHibernate: select answers0_.quiz_id as quiz_id3_1_0_, answers0_.id as id1_1_0_, answers0_.id as id1_1_1_, answers0_.index as index2_1_1_ from quiz_answer answers0_ where answers0_.quiz_id=?
?[1;31m
Start test 78?[0m
?[0m?[0;34mHibernate: select quiz0_.id as id1_0_0_, quiz0_.text as text2_0_0_, quiz0_.title as title3_0_0_ from quiz quiz0_ where quiz0_.id=?
?[0m?[0;34mHibernate: select answers0_.quiz_id as quiz_id3_1_0_, answers0_.id as id1_1_0_, answers0_.id as id1_1_1_, answers0_.index as index2_1_1_ from quiz_answer answers0_ where answers0_.quiz_id=?
?[1;31m
Start test 79?[0m
?[0m?[0;34mHibernate: insert into quiz (id, text, title) values (null, ?, ?)
?[0m?[0;34mHibernate: insert into quiz_option (id, index, option, quiz_id) values (null, ?, ?, ?)
?[0m?[0;34mHibernate: insert into quiz_option (id, index, option, quiz_id) values (null, ?, ?, ?)
?[0m?[0;34mHibernate: insert into quiz_option (id, index, option, quiz_id) values (null, ?, ?, ?)
?[0m?[0;34mHibernate: insert into quiz_option (id, index, option, quiz_id) values (null, ?, ?, ?)
?[0m?[0;34mHibernate: update quiz_option set quiz_id=? where id=?
?[0m?[0;34mHibernate: update quiz_option set quiz_id=? where id=?
?[0m?[0;34mHibernate: update quiz_option set quiz_id=? where id=?
?[0m?[0;34mHibernate: update quiz_option set quiz_id=? where id=?
?[1;31m
Start test 80?[0m
?[0m?[0;34mHibernate: select quiz0_.id as id1_0_0_, quiz0_.text as text2_0_0_, quiz0_.title as title3_0_0_ from quiz quiz0_ where quiz0_.id=?
?[0m?[0;34mHibernate: select options0_.quiz_id as quiz_id4_2_0_, options0_.id as id1_2_0_, options0_.id as id1_2_1_, options0_.index as index2_2_1_, options0_.option as option3_2_1_ from quiz_option options0_ where options0_.quiz_id=?
?[1;31m
Start test 81?[0m
?[0;34mHibernate: select quiz0_.id as id1_0_0_, quiz0_.text as text2_0_0_, quiz0_.title as title3_0_0_ from quiz quiz0_ where quiz0_.id=?
?[1;31m
Start test 82?[0m
?[0m?[0;34mHibernate: select quiz0_.id as id1_0_0_, quiz0_.text as text2_0_0_, quiz0_.title as title3_0_0_ from quiz quiz0_ where quiz0_.id=?
?[0m?[0;34mHibernate: select answers0_.quiz_id as quiz_id3_1_0_, answers0_.id as id1_1_0_, answers0_.id as id1_1_1_, answers0_.index as index2_1_1_ from quiz_answer answers0_ where answers0_.quiz_id=?
?[1;31m
Start test 83?[0m
?[0m?[0;34mHibernate: select quiz0_.id as id1_0_0_, quiz0_.text as text2_0_0_, quiz0_.title as title3_0_0_ from quiz quiz0_ where quiz0_.id=?
?[0m?[0;34mHibernate: select answers0_.quiz_id as quiz_id3_1_0_, answers0_.id as id1_1_0_, answers0_.id as id1_1_1_, answers0_.index as index2_1_1_ from quiz_answer answers0_ where answers0_.quiz_id=?
?[1;31m
Start test 84?[0m
?[0;34mHibernate: select quiz0_.id as id1_0_0_, quiz0_.text as text2_0_0_, quiz0_.title as title3_0_0_ from quiz quiz0_ where quiz0_.id=?
?[0m?[0;34mHibernate: select answers0_.quiz_id as quiz_id3_1_0_, answers0_.id as id1_1_0_, answers0_.id as id1_1_1_, answers0_.index as index2_1_1_ from quiz_answer answers0_ where answers0_.quiz_id=?
?[1;31m
Start test 85?[0m
?[0m?[0;34mHibernate: select quiz0_.id as id1_0_0_, quiz0_.text as text2_0_0_, quiz0_.title as title3_0_0_ from quiz quiz0_ where quiz0_.id=?
?[0m?[0;34mHibernate: select answers0_.quiz_id as quiz_id3_1_0_, answers0_.id as id1_1_0_, answers0_.id as id1_1_1_, answers0_.index as index2_1_1_ from quiz_answer answers0_ where answers0_.quiz_id=?
?[1;31m
Start test 86?[0m
?[0m?[0;34mHibernate: select quiz0_.id as id1_0_0_, quiz0_.text as text2_0_0_, quiz0_.title as title3_0_0_ from quiz quiz0_ where quiz0_.id=?
?[0m?[0;34mHibernate: select answers0_.quiz_id as quiz_id3_1_0_, answers0_.id as id1_1_0_, answers0_.id as id1_1_1_, answers0_.index as index2_1_1_ from quiz_answer answers0_ where answers0_.quiz_id=?
?[1;31m
Start test 87?[0m
?[0;34mHibernate: select quiz0_.id as id1_0_0_, quiz0_.text as text2_0_0_, quiz0_.title as title3_0_0_ from quiz quiz0_ where quiz0_.id=?
?[0m?[0;34mHibernate: select answers0_.quiz_id as quiz_id3_1_0_, answers0_.id as id1_1_0_, answers0_.id as id1_1_1_, answers0_.index as index2_1_1_ from quiz_answer answers0_ where answers0_.quiz_id=?
?[1;31m
Start test 88?[0m
?[0m?[0;34mHibernate: select quiz0_.id as id1_0_0_, quiz0_.text as text2_0_0_, quiz0_.title as title3_0_0_ from quiz quiz0_ where quiz0_.id=?
?[0m?[0;34mHibernate: select answers0_.quiz_id as quiz_id3_1_0_, answers0_.id as id1_1_0_, answers0_.id as id1_1_1_, answers0_.index as index2_1_1_ from quiz_answer answers0_ where answers0_.quiz_id=?
?[1;31m
Start test 89?[0m
?[0m?[0;34mHibernate: select quiz0_.id as id1_0_0_, quiz0_.text as text2_0_0_, quiz0_.title as title3_0_0_ from quiz quiz0_ where quiz0_.id=?
?[0m?[0;34mHibernate: select answers0_.quiz_id as quiz_id3_1_0_, answers0_.id as id1_1_0_, answers0_.id as id1_1_1_, answers0_.index as index2_1_1_ from quiz_answer answers0_ where answers0_.quiz_id=?
?[1;31m
Start test 90?[0m
?[0m?[0;34mHibernate: select quiz0_.id as id1_0_0_, quiz0_.text as text2_0_0_, quiz0_.title as title3_0_0_ from quiz quiz0_ where quiz0_.id=?
?[0m?[0;34mHibernate: select answers0_.quiz_id as quiz_id3_1_0_, answers0_.id as id1_1_0_, answers0_.id as id1_1_1_, answers0_.index as index2_1_1_ from quiz_answer answers0_ where answers0_.quiz_id=?
?[1;31m
Start test 91?[0m
?[0m?[0;34mHibernate: select quiz0_.id as id1_0_0_, quiz0_.text as text2_0_0_, quiz0_.title as title3_0_0_ from quiz quiz0_ where quiz0_.id=?
?[0m?[0;34mHibernate: select answers0_.quiz_id as quiz_id3_1_0_, answers0_.id as id1_1_0_, answers0_.id as id1_1_1_, answers0_.index as index2_1_1_ from quiz_answer answers0_ where answers0_.quiz_id=?
?[1;31m
Start test 92?[0m
?[0m?[0;34mHibernate: select quiz0_.id as id1_0_0_, quiz0_.text as text2_0_0_, quiz0_.title as title3_0_0_ from quiz quiz0_ where quiz0_.id=?
?[0m?[0;34mHibernate: select answers0_.quiz_id as quiz_id3_1_0_, answers0_.id as id1_1_0_, answers0_.id as id1_1_1_, answers0_.index as index2_1_1_ from quiz_answer answers0_ where answers0_.quiz_id=?
?[1;31m
Start test 93?[0m
?[0m?[0;34mHibernate: select quiz0_.id as id1_0_0_, quiz0_.text as text2_0_0_, quiz0_.title as title3_0_0_ from quiz quiz0_ where quiz0_.id=?
?[0m?[0;34mHibernate: select answers0_.quiz_id as quiz_id3_1_0_, answers0_.id as id1_1_0_, answers0_.id as id1_1_1_, answers0_.index as index2_1_1_ from quiz_answer answers0_ where answers0_.quiz_id=?
?[1;31m
Start test 94?[0m
?[0;34mHibernate: select quiz0_.id as id1_0_0_, quiz0_.text as text2_0_0_, quiz0_.title as title3_0_0_ from quiz quiz0_ where quiz0_.id=?
?[0m?[0;34mHibernate: select answers0_.quiz_id as quiz_id3_1_0_, answers0_.id as id1_1_0_, answers0_.id as id1_1_1_, answers0_.index as index2_1_1_ from quiz_answer answers0_ where answers0_.quiz_id=?
?[1;31m
Start test 95?[0m
?[0m?[0;34mHibernate: select quiz0_.id as id1_0_0_, quiz0_.text as text2_0_0_, quiz0_.title as title3_0_0_ from quiz quiz0_ where quiz0_.id=?
?[0m?[0;34mHibernate: select answers0_.quiz_id as quiz_id3_1_0_, answers0_.id as id1_1_0_, answers0_.id as id1_1_1_, answers0_.index as index2_1_1_ from quiz_answer answers0_ where answers0_.quiz_id=?
?[1;31m
Start test 96?[0m
?[0m?[0;34mHibernate: select quiz0_.id as id1_0_0_, quiz0_.text as text2_0_0_, quiz0_.title as title3_0_0_ from quiz quiz0_ where quiz0_.id=?
?[0m?[0;34mHibernate: select answers0_.quiz_id as quiz_id3_1_0_, answers0_.id as id1_1_0_, answers0_.id as id1_1_1_, answers0_.index as index2_1_1_ from quiz_answer answers0_ where answers0_.quiz_id=?
?[1;31m
Start test 97?[0m
?[0m?[0;34mHibernate: insert into quiz (id, text, title) values (null, ?, ?)
?[0m?[0;34mHibernate: insert into quiz_answer (id, index, quiz_id) values (null, ?, ?)
?[0m?[0;34mHibernate: insert into quiz_answer (id, index, quiz_id) values (null, ?, ?)
?[0m?[0;34mHibernate: insert into quiz_answer (id, index, quiz_id) values (null, ?, ?)
?[0m?[0;34mHibernate: insert into quiz_option (id, index, option, quiz_id) values (null, ?, ?, ?)
?[0m?[0;34mHibernate: insert into quiz_option (id, index, option, quiz_id) values (null, ?, ?, ?)
?[0m?[0;34mHibernate: insert into quiz_option (id, index, option, quiz_id) values (null, ?, ?, ?)
?[0m?[0;34mHibernate: insert into quiz_option (id, index, option, quiz_id) values (null, ?, ?, ?)
?[0m?[0;34mHibernate: update quiz_answer set quiz_id=? where id=?
?[0m?[0;34mHibernate: update quiz_answer set quiz_id=? where id=?
?[0m?[0;34mHibernate: update quiz_answer set quiz_id=? where id=?
?[0m?[0;34mHibernate: update quiz_option set quiz_id=? where id=?
?[0m?[0;34mHibernate: update quiz_option set quiz_id=? where id=?
?[0m?[0;34mHibernate: update quiz_option set quiz_id=? where id=?
?[0m?[0;34mHibernate: update quiz_option set quiz_id=? where id=?
?[1;31m
Start test 98?[0m
?[0m?[0;34mHibernate: select quiz0_.id as id1_0_0_, quiz0_.text as text2_0_0_, quiz0_.title as title3_0_0_ from quiz quiz0_ where quiz0_.id=?
?[0m?[0;34mHibernate: select options0_.quiz_id as quiz_id4_2_0_, options0_.id as id1_2_0_, options0_.id as id1_2_1_, options0_.index as index2_2_1_, options0_.option as option3_2_1_ from quiz_option options0_ where options0_.quiz_id=?
?[1;31m
Start test 99?[0m
?[0m?[0;34mHibernate: select quiz0_.id as id1_0_0_, quiz0_.text as text2_0_0_, quiz0_.title as title3_0_0_ from quiz quiz0_ where quiz0_.id=?
?[1;31m
Start test 100?[0m
?[0m?[0;34mHibernate: select quiz0_.id as id1_0_0_, quiz0_.text as text2_0_0_, quiz0_.title as title3_0_0_ from quiz quiz0_ where quiz0_.id=?
?[0m?[0;34mHibernate: select answers0_.quiz_id as quiz_id3_1_0_, answers0_.id as id1_1_0_, answers0_.id as id1_1_1_, answers0_.index as index2_1_1_ from quiz_answer answers0_ where answers0_.quiz_id=?
?[1;31m
Start test 101?[0m
?[0m?[0;34mHibernate: select quiz0_.id as id1_0_0_, quiz0_.text as text2_0_0_, quiz0_.title as title3_0_0_ from quiz quiz0_ where quiz0_.id=?
?[0m?[0;34mHibernate: select answers0_.quiz_id as quiz_id3_1_0_, answers0_.id as id1_1_0_, answers0_.id as id1_1_1_, answers0_.index as index2_1_1_ from quiz_answer answers0_ where answers0_.quiz_id=?
?[1;31m
Start test 102?[0m
?[0m?[0;34mHibernate: select quiz0_.id as id1_0_0_, quiz0_.text as text2_0_0_, quiz0_.title as title3_0_0_ from quiz quiz0_ where quiz0_.id=?
?[0m?[0;34mHibernate: select answers0_.quiz_id as quiz_id3_1_0_, answers0_.id as id1_1_0_, answers0_.id as id1_1_1_, answers0_.index as index2_1_1_ from quiz_answer answers0_ where answers0_.quiz_id=?
?[1;31m
Start test 103?[0m
?[0m?[0;34mHibernate: select quiz0_.id as id1_0_0_, quiz0_.text as text2_0_0_, quiz0_.title as title3_0_0_ from quiz quiz0_ where quiz0_.id=?
?[0m?[0;34mHibernate: select answers0_.quiz_id as quiz_id3_1_0_, answers0_.id as id1_1_0_, answers0_.id as id1_1_1_, answers0_.index as index2_1_1_ from quiz_answer answers0_ where answers0_.quiz_id=?
?[1;31m
Start test 104?[0m
?[0m?[0;34mHibernate: select quiz0_.id as id1_0_0_, quiz0_.text as text2_0_0_, quiz0_.title as title3_0_0_ from quiz quiz0_ where quiz0_.id=?
?[0m?[0;34mHibernate: select answers0_.quiz_id as quiz_id3_1_0_, answers0_.id as id1_1_0_, answers0_.id as id1_1_1_, answers0_.index as index2_1_1_ from quiz_answer answers0_ where answers0_.quiz_id=?
?[1;31m
Start test 105?[0m
?[0m?[0;34mHibernate: select quiz0_.id as id1_0_0_, quiz0_.text as text2_0_0_, quiz0_.title as title3_0_0_ from quiz quiz0_ where quiz0_.id=?
?[0m?[0;34mHibernate: select answers0_.quiz_id as quiz_id3_1_0_, answers0_.id as id1_1_0_, answers0_.id as id1_1_1_, answers0_.index as index2_1_1_ from quiz_answer answers0_ where answers0_.quiz_id=?
?[1;31m
Start test 106?[0m
?[0m?[0;34mHibernate: select quiz0_.id as id1_0_0_, quiz0_.text as text2_0_0_, quiz0_.title as title3_0_0_ from quiz quiz0_ where quiz0_.id=?
?[0m?[0;34mHibernate: select answers0_.quiz_id as quiz_id3_1_0_, answers0_.id as id1_1_0_, answers0_.id as id1_1_1_, answers0_.index as index2_1_1_ from quiz_answer answers0_ where answers0_.quiz_id=?
?[1;31m
Start test 107?[0m
?[0m?[0;34mHibernate: select quiz0_.id as id1_0_0_, quiz0_.text as text2_0_0_, quiz0_.title as title3_0_0_ from quiz quiz0_ where quiz0_.id=?
?[0m?[0;34mHibernate: select answers0_.quiz_id as quiz_id3_1_0_, answers0_.id as id1_1_0_, answers0_.id as id1_1_1_, answers0_.index as index2_1_1_ from quiz_answer answers0_ where answers0_.quiz_id=?
?[1;31m
Start test 108?[0m
?[0m?[0;34mHibernate: select quiz0_.id as id1_0_0_, quiz0_.text as text2_0_0_, quiz0_.title as title3_0_0_ from quiz quiz0_ where quiz0_.id=?
?[0m?[0;34mHibernate: select answers0_.quiz_id as quiz_id3_1_0_, answers0_.id as id1_1_0_, answers0_.id as id1_1_1_, answers0_.index as index2_1_1_ from quiz_answer answers0_ where answers0_.quiz_id=?
?[1;31m
Start test 109?[0m
?[0m?[0;34mHibernate: select quiz0_.id as id1_0_0_, quiz0_.text as text2_0_0_, quiz0_.title as title3_0_0_ from quiz quiz0_ where quiz0_.id=?
?[0m?[0;34mHibernate: select answers0_.quiz_id as quiz_id3_1_0_, answers0_.id as id1_1_0_, answers0_.id as id1_1_1_, answers0_.index as index2_1_1_ from quiz_answer answers0_ where answers0_.quiz_id=?
?[1;31m
Start test 110?[0m
?[0m?[0;34mHibernate: select quiz0_.id as id1_0_0_, quiz0_.text as text2_0_0_, quiz0_.title as title3_0_0_ from quiz quiz0_ where quiz0_.id=?
?[0m?[0;34mHibernate: select answers0_.quiz_id as quiz_id3_1_0_, answers0_.id as id1_1_0_, answers0_.id as id1_1_1_, answers0_.index as index2_1_1_ from quiz_answer answers0_ where answers0_.quiz_id=?
?[1;31m
Start test 111?[0m
?[0m?[0;34mHibernate: select quiz0_.id as id1_0_0_, quiz0_.text as text2_0_0_, quiz0_.title as title3_0_0_ from quiz quiz0_ where quiz0_.id=?
?[0m?[0;34mHibernate: select answers0_.quiz_id as quiz_id3_1_0_, answers0_.id as id1_1_0_, answers0_.id as id1_1_1_, answers0_.index as index2_1_1_ from quiz_answer answers0_ where answers0_.quiz_id=?
?[1;31m
Start test 112?[0m
?[0m?[0;34mHibernate: select quiz0_.id as id1_0_0_, quiz0_.text as text2_0_0_, quiz0_.title as title3_0_0_ from quiz quiz0_ where quiz0_.id=?
?[0m?[0;34mHibernate: select answers0_.quiz_id as quiz_id3_1_0_, answers0_.id as id1_1_0_, answers0_.id as id1_1_1_, answers0_.index as index2_1_1_ from quiz_answer answers0_ where answers0_.quiz_id=?
?[1;31m
Start test 113?[0m
?[0m?[0;34mHibernate: select quiz0_.id as id1_0_0_, quiz0_.text as text2_0_0_, quiz0_.title as title3_0_0_ from quiz quiz0_ where quiz0_.id=?
?[0m?[0;34mHibernate: select answers0_.quiz_id as quiz_id3_1_0_, answers0_.id as id1_1_0_, answers0_.id as id1_1_1_, answers0_.index as index2_1_1_ from quiz_answer answers0_ where answers0_.quiz_id=?
?[1;31m
Start test 114?[0m
?[0m?[0;34mHibernate: select quiz0_.id as id1_0_0_, quiz0_.text as text2_0_0_, quiz0_.title as title3_0_0_ from quiz quiz0_ where quiz0_.id=?
?[0m?[0;34mHibernate: select answers0_.quiz_id as quiz_id3_1_0_, answers0_.id as id1_1_0_, answers0_.id as id1_1_1_, answers0_.index as index2_1_1_ from quiz_answer answers0_ where answers0_.quiz_id=?
]]></system-out>
  <system-err><![CDATA[]]></system-err>
</testsuite>
