<?xml version="1.0" encoding="UTF-8"?>
<testsuite name="tests.WebQuizEngineTest" tests="1" skipped="0" failures="0" errors="0" timestamp="2023-09-29T10:16:48" hostname="iKoks-Ubuntu" time="140.71">
  <properties/>
  <testcase name="start" classname="tests.WebQuizEngineTest" time="140.71"/>
  <system-out><![CDATA[?[1;31m
Start test 1?[0m
?[0;34m
?[0m?[0;34m  .   ____          _            __ _ _
?[0m?[0;34m /\\ / ___'_ __ _ _(_)_ __  __ _ \ \ \ \
?[0m?[0;34m( ( )\___ | '_ | '_| | '_ \/ _` | \ \ \ \
?[0m?[0;34m \\/  ___)| |_)| | | | | || (_| |  ) ) ) )
?[0m?[0;34m  '  |____| .__|_| |_|_| |_\__, | / / / /
?[0m?[0;34m =========|_|==============|___/=/_/_/_/
?[0m?[0;34m :: Spring Boot ::                (v2.5.6)
?[0m?[0;34m
?[0m?[0;34m2023-09-29 12:16:49.256  INFO 44905 --- [    Test worker] engine.WebQuizEngine                     : Starting WebQuizEngine using Java 17.0.8.1 on iKoks-Ubuntu with PID 44905 (started by tamerlan in /home/tamerlan/IdeaProjects/HyperskillWebQuizEngine/Web Quiz Engine (Java)/task)
?[0m?[0;34m2023-09-29 12:16:49.258  INFO 44905 --- [    Test worker] engine.WebQuizEngine                     : No active profile set, falling back to default profiles: default
?[0m?[0;34m2023-09-29 12:16:50.008  INFO 44905 --- [    Test worker] .s.d.r.c.RepositoryConfigurationDelegate : Bootstrapping Spring Data JPA repositories in DEFAULT mode.
?[0m?[0;34m2023-09-29 12:16:50.046  INFO 44905 --- [    Test worker] .s.d.r.c.RepositoryConfigurationDelegate : Finished Spring Data repository scanning in 32 ms. Found 5 JPA repository interfaces.
?[0m?[0;34m2023-09-29 12:16:50.502  INFO 44905 --- [    Test worker] o.s.b.w.embedded.tomcat.TomcatWebServer  : Tomcat initialized with port(s): 8889 (http)
?[0m?[0;34m2023-09-29 12:16:50.512  INFO 44905 --- [    Test worker] o.apache.catalina.core.StandardService   : Starting service [Tomcat]
?[0m?[0;34m2023-09-29 12:16:50.512  INFO 44905 --- [    Test worker] org.apache.catalina.core.StandardEngine  : Starting Servlet engine: [Apache Tomcat/9.0.54]
?[0m?[0;34m2023-09-29 12:16:50.578  INFO 44905 --- [    Test worker] o.a.c.c.C.[Tomcat].[localhost].[/]       : Initializing Spring embedded WebApplicationContext
?[0m?[0;34m2023-09-29 12:16:50.578  INFO 44905 --- [    Test worker] w.s.c.ServletWebServerApplicationContext : Root WebApplicationContext: initialization completed in 1289 ms
?[0m?[0;34m2023-09-29 12:16:50.687  INFO 44905 --- [    Test worker] com.zaxxer.hikari.HikariDataSource       : HikariPool-1 - Starting...
?[0m?[0;34m2023-09-29 12:16:50.816  INFO 44905 --- [    Test worker] com.zaxxer.hikari.HikariDataSource       : HikariPool-1 - Start completed.
?[0m?[0;34m2023-09-29 12:16:50.820  INFO 44905 --- [    Test worker] o.s.b.a.h2.H2ConsoleAutoConfiguration    : H2 console available at '/h2-ui'. Database available at 'jdbc:h2:file:../quizdb'
?[0m?[0;34m2023-09-29 12:16:50.921  INFO 44905 --- [    Test worker] o.hibernate.jpa.internal.util.LogHelper  : HHH000204: Processing PersistenceUnitInfo [name: default]
?[0m?[0;34m2023-09-29 12:16:50.951  INFO 44905 --- [    Test worker] org.hibernate.Version                    : HHH000412: Hibernate ORM core version 5.4.32.Final
?[0m?[0;34m2023-09-29 12:16:51.045  INFO 44905 --- [    Test worker] o.hibernate.annotations.common.Version   : HCANN000001: Hibernate Commons Annotations {5.1.2.Final}
?[0m?[0;34m2023-09-29 12:16:51.113  INFO 44905 --- [    Test worker] org.hibernate.dialect.Dialect            : HHH000400: Using dialect: org.hibernate.dialect.H2Dialect
?[0m?[0;34mHibernate: create table completed_quiz (id integer generated by default as identity, completed_at timestamp, quiz_id integer, user_id integer, primary key (id))
?[0m?[0;34mHibernate: create table quiz (id integer generated by default as identity, text varchar(255), title varchar(255), user_id integer, primary key (id))
?[0m?[0;34mHibernate: create table quiz_answer (id integer generated by default as identity, index integer, quiz_id integer not null, primary key (id))
?[0m?[0;34mHibernate: create table quiz_option (id integer generated by default as identity, index integer, option varchar(255), quiz_id integer not null, primary key (id))
?[0m?[0;34mHibernate: create table quiz_user (id integer generated by default as identity, email varchar(255), password varchar(255), role varchar(255), primary key (id))
?[0m?[0;34mHibernate: alter table completed_quiz add constraint FK4x48uvtt7y7xfmla0abtjxp47 foreign key (quiz_id) references quiz
?[0m?[0;34mHibernate: alter table completed_quiz add constraint FK8d3sg6gwan4nygdllqk4j43r3 foreign key (user_id) references quiz_user
?[0m?[0;34mHibernate: alter table quiz add constraint FKd6iwt32g22acjt8505knwtwl9 foreign key (user_id) references quiz_user
?[0m?[0;34mHibernate: alter table quiz_answer add constraint FKoxi2td1x8cc3y4a0vlsg2hfnc foreign key (quiz_id) references quiz
?[0m?[0;34mHibernate: alter table quiz_option add constraint FK134e3ro35naxwfjqcda4ckljn foreign key (quiz_id) references quiz
?[0m?[0;34m2023-09-29 12:16:51.638  INFO 44905 --- [    Test worker] o.h.e.t.j.p.i.JtaPlatformInitiator       : HHH000490: Using JtaPlatform implementation: [org.hibernate.engine.transaction.jta.platform.internal.NoJtaPlatform]
?[0m?[0;34m2023-09-29 12:16:51.645  INFO 44905 --- [    Test worker] j.LocalContainerEntityManagerFactoryBean : Initialized JPA EntityManagerFactory for persistence unit 'default'
?[0m?[0;34m2023-09-29 12:16:52.083  INFO 44905 --- [    Test worker] o.s.s.web.DefaultSecurityFilterChain     : Will secure any request with [org.springframework.security.web.context.request.async.WebAsyncManagerIntegrationFilter@16f62062, org.springframework.security.web.context.SecurityContextPersistenceFilter@75559cd9, org.springframework.security.web.header.HeaderWriterFilter@612531a3, org.springframework.security.web.authentication.logout.LogoutFilter@f2b4303, org.springframework.security.web.authentication.www.BasicAuthenticationFilter@7ac47f14, org.springframework.security.web.savedrequest.RequestCacheAwareFilter@3dbf3bc, org.springframework.security.web.servletapi.SecurityContextHolderAwareRequestFilter@341889a1, org.springframework.security.web.authentication.AnonymousAuthenticationFilter@61ec2cb5, org.springframework.security.web.session.SessionManagementFilter@641c8ba4, org.springframework.security.web.access.ExceptionTranslationFilter@218e186b, org.springframework.security.web.access.intercept.AuthorizationFilter@42db3ff]
?[0m?[0;34m2023-09-29 12:16:52.122  WARN 44905 --- [    Test worker] JpaBaseConfiguration$JpaWebConfiguration : spring.jpa.open-in-view is enabled by default. Therefore, database queries may be performed during view rendering. Explicitly configure spring.jpa.open-in-view to disable this warning
?[0m?[0;34m2023-09-29 12:16:52.591  INFO 44905 --- [    Test worker] o.s.b.a.e.web.EndpointLinksResolver      : Exposing 14 endpoint(s) beneath base path '/actuator'
?[0m?[0;34m2023-09-29 12:16:52.635  INFO 44905 --- [    Test worker] o.s.b.w.embedded.tomcat.TomcatWebServer  : Tomcat started on port(s): 8889 (http) with context path ''
?[0m?[0;34m2023-09-29 12:16:52.648  INFO 44905 --- [    Test worker] engine.WebQuizEngine                     : Started WebQuizEngine in 3.628 seconds (JVM running for 4.206)
?[0;34m2023-09-29 12:16:52.909  INFO 44905 --- [nio-8889-exec-1] o.a.c.c.C.[Tomcat].[localhost].[/]       : Initializing Spring DispatcherServlet 'dispatcherServlet'
?[0m?[0;34m2023-09-29 12:16:52.909  INFO 44905 --- [nio-8889-exec-1] o.s.web.servlet.DispatcherServlet        : Initializing Servlet 'dispatcherServlet'
?[0m?[0;34m2023-09-29 12:16:52.911  INFO 44905 --- [nio-8889-exec-1] o.s.web.servlet.DispatcherServlet        : Completed initialization in 2 ms
?[0m?[0;34mHibernate: select user0_.id as id1_4_, user0_.email as email2_4_, user0_.password as password3_4_, user0_.role as role4_4_ from quiz_user user0_ where user0_.email=?
?[0m?[0;34mHibernate: insert into quiz_user (id, email, password, role) values (null, ?, ?, ?)
?[0m?[1;31m
Start test 2?[0m
?[0;34mHibernate: select user0_.id as id1_4_, user0_.email as email2_4_, user0_.password as password3_4_, user0_.role as role4_4_ from quiz_user user0_ where user0_.email=?
?[0m?[0;34mHibernate: insert into quiz_user (id, email, password, role) values (null, ?, ?, ?)
?[1;31m
Start test 3?[0m
?[0;34m2023-09-29 12:16:54.147  WARN 44905 --- [nio-8889-exec-3] .w.s.m.s.DefaultHandlerExceptionResolver : Resolved [org.springframework.web.bind.MethodArgumentNotValidException: Validation failed for argument [0] in public org.springframework.http.ResponseEntity<java.lang.String> engine.controller.UserController.registerUser(engine.DTO.RegisterRequest): [Field error in object 'registerRequest' on field 'email': rejected value [google.com]; codes [Email.registerRequest.email,Email.email,Email.java.lang.String,Email]; arguments [org.springframework.context.support.DefaultMessageSourceResolvable: codes [registerRequest.email,email]; arguments []; default message [email],[Ljavax.validation.constraints.Pattern$Flag;@5d3c0b83,[\w-\.]+@([\w-]+\.)+[\w-]{2,4}]; default message [Email is not valid]] ]
?[1;31m
Start test 4?[0m
?[0;34m2023-09-29 12:16:54.176  WARN 44905 --- [nio-8889-exec-6] .w.s.m.s.DefaultHandlerExceptionResolver : Resolved [org.springframework.web.bind.MethodArgumentNotValidException: Validation failed for argument [0] in public org.springframework.http.ResponseEntity<java.lang.String> engine.controller.UserController.registerUser(engine.DTO.RegisterRequest): [Field error in object 'registerRequest' on field 'email': rejected value [well@googlecom]; codes [Email.registerRequest.email,Email.email,Email.java.lang.String,Email]; arguments [org.springframework.context.support.DefaultMessageSourceResolvable: codes [registerRequest.email,email]; arguments []; default message [email],[Ljavax.validation.constraints.Pattern$Flag;@5d3c0b83,[\w-\.]+@([\w-]+\.)+[\w-]{2,4}]; default message [Email is not valid]] ]
?[1;31m
Start test 5?[0m
?[0;34mHibernate: select user0_.id as id1_4_, user0_.email as email2_4_, user0_.password as password3_4_, user0_.role as role4_4_ from quiz_user user0_ where user0_.email=?
?[1;31m
Start test 6?[0m
?[0;34m2023-09-29 12:16:54.199  WARN 44905 --- [nio-8889-exec-8] .w.s.m.s.DefaultHandlerExceptionResolver : Resolved [org.springframework.web.bind.MethodArgumentNotValidException: Validation failed for argument [0] in public org.springframework.http.ResponseEntity<java.lang.String> engine.controller.UserController.registerUser(engine.DTO.RegisterRequest): [Field error in object 'registerRequest' on field 'password': rejected value [1234]; codes [Size.registerRequest.password,Size.password,Size.java.lang.String,Size]; arguments [org.springframework.context.support.DefaultMessageSourceResolvable: codes [registerRequest.password,password]; arguments []; default message [password],2147483647,5]; default message [size must be between 5 and 2147483647]] ]
?[1;31m
Start test 7?[0m
?[0;34m2023-09-29 12:16:54.206  WARN 44905 --- [nio-8889-exec-9] .w.s.m.s.DefaultHandlerExceptionResolver : Resolved [org.springframework.web.bind.MethodArgumentNotValidException: Validation failed for argument [0] in public org.springframework.http.ResponseEntity<java.lang.String> engine.controller.UserController.registerUser(engine.DTO.RegisterRequest): [Field error in object 'registerRequest' on field 'password': rejected value [123]; codes [Size.registerRequest.password,Size.password,Size.java.lang.String,Size]; arguments [org.springframework.context.support.DefaultMessageSourceResolvable: codes [registerRequest.password,password]; arguments []; default message [password],2147483647,5]; default message [size must be between 5 and 2147483647]] ]
?[1;31m
Start test 8?[0m
?[0;34mHibernate: select user0_.id as id1_4_, user0_.email as email2_4_, user0_.password as password3_4_, user0_.role as role4_4_ from quiz_user user0_ where user0_.email=?
?[0m?[0;34mHibernate: select quiz0_.id as id1_1_, quiz0_.text as text2_1_, quiz0_.title as title3_1_, quiz0_.user_id as user_id4_1_ from quiz quiz0_ limit ?
?[1;31m
Start test 9?[0m
?[0m?[0;34mHibernate: select user0_.id as id1_4_, user0_.email as email2_4_, user0_.password as password3_4_, user0_.role as role4_4_ from quiz_user user0_ where user0_.email=?
?[0m?[0;34mHibernate: select quiz0_.id as id1_1_, quiz0_.text as text2_1_, quiz0_.title as title3_1_, quiz0_.user_id as user_id4_1_ from quiz quiz0_ limit ?
?[1;31m
Start test 10?[0m
?[0m?[0;34mHibernate: select user0_.id as id1_4_, user0_.email as email2_4_, user0_.password as password3_4_, user0_.role as role4_4_ from quiz_user user0_ where user0_.email=?
?[0m?[0;34mHibernate: insert into quiz (id, text, title, user_id) values (null, ?, ?, ?)
?[0m?[0;34mHibernate: insert into quiz_answer (id, index, quiz_id) values (null, ?, ?)
?[0m?[0;34mHibernate: insert into quiz_option (id, index, option, quiz_id) values (null, ?, ?, ?)
?[0m?[0;34mHibernate: insert into quiz_option (id, index, option, quiz_id) values (null, ?, ?, ?)
?[0m?[0;34mHibernate: insert into quiz_option (id, index, option, quiz_id) values (null, ?, ?, ?)
?[0m?[0;34mHibernate: insert into quiz_option (id, index, option, quiz_id) values (null, ?, ?, ?)
?[0m?[0;34mHibernate: update quiz_answer set quiz_id=? where id=?
?[0m?[0;34mHibernate: update quiz_option set quiz_id=? where id=?
?[0m?[0;34mHibernate: update quiz_option set quiz_id=? where id=?
?[0m?[0;34mHibernate: update quiz_option set quiz_id=? where id=?
?[0m?[0;34mHibernate: update quiz_option set quiz_id=? where id=?
?[1;31m
Start test 11?[0m
?[0;34mHibernate: select user0_.id as id1_4_, user0_.email as email2_4_, user0_.password as password3_4_, user0_.role as role4_4_ from quiz_user user0_ where user0_.email=?
?[0m?[0;34mHibernate: select quiz0_.id as id1_1_0_, quiz0_.text as text2_1_0_, quiz0_.title as title3_1_0_, quiz0_.user_id as user_id4_1_0_, user1_.id as id1_4_1_, user1_.email as email2_4_1_, user1_.password as password3_4_1_, user1_.role as role4_4_1_ from quiz quiz0_ left outer join quiz_user user1_ on quiz0_.user_id=user1_.id where quiz0_.id=?
?[0m?[0;34mHibernate: select options0_.quiz_id as quiz_id4_3_0_, options0_.id as id1_3_0_, options0_.id as id1_3_1_, options0_.index as index2_3_1_, options0_.option as option3_3_1_ from quiz_option options0_ where options0_.quiz_id=?
?[1;31m
Start test 12?[0m
?[0;34mHibernate: select user0_.id as id1_4_, user0_.email as email2_4_, user0_.password as password3_4_, user0_.role as role4_4_ from quiz_user user0_ where user0_.email=?
?[0m?[0;34mHibernate: select quiz0_.id as id1_1_0_, quiz0_.text as text2_1_0_, quiz0_.title as title3_1_0_, quiz0_.user_id as user_id4_1_0_, user1_.id as id1_4_1_, user1_.email as email2_4_1_, user1_.password as password3_4_1_, user1_.role as role4_4_1_ from quiz quiz0_ left outer join quiz_user user1_ on quiz0_.user_id=user1_.id where quiz0_.id=?
?[1;31m
Start test 13?[0m
?[0m?[0;34mHibernate: select user0_.id as id1_4_, user0_.email as email2_4_, user0_.password as password3_4_, user0_.role as role4_4_ from quiz_user user0_ where user0_.email=?
?[0m?[0;34mHibernate: select quiz0_.id as id1_1_, quiz0_.text as text2_1_, quiz0_.title as title3_1_, quiz0_.user_id as user_id4_1_ from quiz quiz0_ limit ?
?[0m?[0;34mHibernate: select user0_.id as id1_4_0_, user0_.email as email2_4_0_, user0_.password as password3_4_0_, user0_.role as role4_4_0_ from quiz_user user0_ where user0_.id=?
?[0m?[0;34mHibernate: select options0_.quiz_id as quiz_id4_3_0_, options0_.id as id1_3_0_, options0_.id as id1_3_1_, options0_.index as index2_3_1_, options0_.option as option3_3_1_ from quiz_option options0_ where options0_.quiz_id=?
?[1;31m
Start test 14?[0m
?[0m?[0;34mHibernate: select user0_.id as id1_4_, user0_.email as email2_4_, user0_.password as password3_4_, user0_.role as role4_4_ from quiz_user user0_ where user0_.email=?
?[0m?[0;34mHibernate: insert into quiz (id, text, title, user_id) values (null, ?, ?, ?)
?[0m?[0;34mHibernate: insert into quiz_answer (id, index, quiz_id) values (null, ?, ?)
?[0m?[0;34mHibernate: insert into quiz_option (id, index, option, quiz_id) values (null, ?, ?, ?)
?[0m?[0;34mHibernate: insert into quiz_option (id, index, option, quiz_id) values (null, ?, ?, ?)
?[0m?[0;34mHibernate: insert into quiz_option (id, index, option, quiz_id) values (null, ?, ?, ?)
?[0m?[0;34mHibernate: insert into quiz_option (id, index, option, quiz_id) values (null, ?, ?, ?)
?[0m?[0;34mHibernate: update quiz_answer set quiz_id=? where id=?
?[0m?[0;34mHibernate: update quiz_option set quiz_id=? where id=?
?[0m?[0;34mHibernate: update quiz_option set quiz_id=? where id=?
?[0m?[0;34mHibernate: update quiz_option set quiz_id=? where id=?
?[0m?[0;34mHibernate: update quiz_option set quiz_id=? where id=?
?[1;31m
Start test 15?[0m
?[0m?[0;34mHibernate: select user0_.id as id1_4_, user0_.email as email2_4_, user0_.password as password3_4_, user0_.role as role4_4_ from quiz_user user0_ where user0_.email=?
?[0m?[0;34mHibernate: select quiz0_.id as id1_1_0_, quiz0_.text as text2_1_0_, quiz0_.title as title3_1_0_, quiz0_.user_id as user_id4_1_0_, user1_.id as id1_4_1_, user1_.email as email2_4_1_, user1_.password as password3_4_1_, user1_.role as role4_4_1_ from quiz quiz0_ left outer join quiz_user user1_ on quiz0_.user_id=user1_.id where quiz0_.id=?
?[0m?[0;34mHibernate: select options0_.quiz_id as quiz_id4_3_0_, options0_.id as id1_3_0_, options0_.id as id1_3_1_, options0_.index as index2_3_1_, options0_.option as option3_3_1_ from quiz_option options0_ where options0_.quiz_id=?
?[1;31m
Start test 16?[0m
?[0m?[0;34mHibernate: select user0_.id as id1_4_, user0_.email as email2_4_, user0_.password as password3_4_, user0_.role as role4_4_ from quiz_user user0_ where user0_.email=?
?[0m?[0;34mHibernate: select quiz0_.id as id1_1_0_, quiz0_.text as text2_1_0_, quiz0_.title as title3_1_0_, quiz0_.user_id as user_id4_1_0_, user1_.id as id1_4_1_, user1_.email as email2_4_1_, user1_.password as password3_4_1_, user1_.role as role4_4_1_ from quiz quiz0_ left outer join quiz_user user1_ on quiz0_.user_id=user1_.id where quiz0_.id=?
?[1;31m
Start test 17?[0m
?[0m?[0;34mHibernate: select user0_.id as id1_4_, user0_.email as email2_4_, user0_.password as password3_4_, user0_.role as role4_4_ from quiz_user user0_ where user0_.email=?
?[0m?[0;34mHibernate: select quiz0_.id as id1_1_, quiz0_.text as text2_1_, quiz0_.title as title3_1_, quiz0_.user_id as user_id4_1_ from quiz quiz0_ limit ?
?[0m?[0;34mHibernate: select user0_.id as id1_4_0_, user0_.email as email2_4_0_, user0_.password as password3_4_0_, user0_.role as role4_4_0_ from quiz_user user0_ where user0_.id=?
?[0m?[0;34mHibernate: select user0_.id as id1_4_0_, user0_.email as email2_4_0_, user0_.password as password3_4_0_, user0_.role as role4_4_0_ from quiz_user user0_ where user0_.id=?
?[0m?[0;34mHibernate: select options0_.quiz_id as quiz_id4_3_0_, options0_.id as id1_3_0_, options0_.id as id1_3_1_, options0_.index as index2_3_1_, options0_.option as option3_3_1_ from quiz_option options0_ where options0_.quiz_id=?
?[0m?[0;34mHibernate: select options0_.quiz_id as quiz_id4_3_0_, options0_.id as id1_3_0_, options0_.id as id1_3_1_, options0_.index as index2_3_1_, options0_.option as option3_3_1_ from quiz_option options0_ where options0_.quiz_id=?
?[1;31m
Start test 18?[0m
?[1;31m
Start test 19?[0m
?[1;31m
Start test 20?[0m
?[1;31m
Start test 21?[0m
?[1;31m
Start test 22?[0m
?[1;31m
Start test 23?[0m
?[1;31m
Start test 24?[0m
?[1;31m
Start test 25?[0m
?[1;31m
Start test 26?[0m
?[0m?[0;34mHibernate: select user0_.id as id1_4_, user0_.email as email2_4_, user0_.password as password3_4_, user0_.role as role4_4_ from quiz_user user0_ where user0_.email=?
?[1;31m
Start test 27?[0m
?[0m?[0;34mHibernate: select user0_.id as id1_4_, user0_.email as email2_4_, user0_.password as password3_4_, user0_.role as role4_4_ from quiz_user user0_ where user0_.email=?
?[1;31m
Start test 28?[0m
?[0m?[0;34mHibernate: select user0_.id as id1_4_, user0_.email as email2_4_, user0_.password as password3_4_, user0_.role as role4_4_ from quiz_user user0_ where user0_.email=?
?[1;31m
Start test 29?[0m
?[0m?[0;34mHibernate: select user0_.id as id1_4_, user0_.email as email2_4_, user0_.password as password3_4_, user0_.role as role4_4_ from quiz_user user0_ where user0_.email=?
?[1;31m
Start test 30?[0m
?[0m?[0;34mHibernate: select user0_.id as id1_4_, user0_.email as email2_4_, user0_.password as password3_4_, user0_.role as role4_4_ from quiz_user user0_ where user0_.email=?
?[1;31m
Start test 31?[0m
?[0m?[0;34mHibernate: select user0_.id as id1_4_, user0_.email as email2_4_, user0_.password as password3_4_, user0_.role as role4_4_ from quiz_user user0_ where user0_.email=?
?[1;31m
Start test 32?[0m
?[0m?[0;34mHibernate: select user0_.id as id1_4_, user0_.email as email2_4_, user0_.password as password3_4_, user0_.role as role4_4_ from quiz_user user0_ where user0_.email=?
?[1;31m
Start test 33?[0m
?[0m?[0;34mHibernate: select user0_.id as id1_4_, user0_.email as email2_4_, user0_.password as password3_4_, user0_.role as role4_4_ from quiz_user user0_ where user0_.email=?
?[1;31m
Start test 34?[0m
?[0m?[0;34mHibernate: select user0_.id as id1_4_, user0_.email as email2_4_, user0_.password as password3_4_, user0_.role as role4_4_ from quiz_user user0_ where user0_.email=?
?[0m?[0;34mHibernate: select quiz0_.id as id1_1_0_, quiz0_.text as text2_1_0_, quiz0_.title as title3_1_0_, quiz0_.user_id as user_id4_1_0_, user1_.id as id1_4_1_, user1_.email as email2_4_1_, user1_.password as password3_4_1_, user1_.role as role4_4_1_ from quiz quiz0_ left outer join quiz_user user1_ on quiz0_.user_id=user1_.id where quiz0_.id=?
?[0m?[0;34mHibernate: select answers0_.quiz_id as quiz_id3_2_0_, answers0_.id as id1_2_0_, answers0_.id as id1_2_1_, answers0_.index as index2_2_1_ from quiz_answer answers0_ where answers0_.quiz_id=?
?[1;31m
Start test 35?[0m
?[0m?[0;34mHibernate: select user0_.id as id1_4_, user0_.email as email2_4_, user0_.password as password3_4_, user0_.role as role4_4_ from quiz_user user0_ where user0_.email=?
?[0m?[0;34mHibernate: select quiz0_.id as id1_1_0_, quiz0_.text as text2_1_0_, quiz0_.title as title3_1_0_, quiz0_.user_id as user_id4_1_0_, user1_.id as id1_4_1_, user1_.email as email2_4_1_, user1_.password as password3_4_1_, user1_.role as role4_4_1_ from quiz quiz0_ left outer join quiz_user user1_ on quiz0_.user_id=user1_.id where quiz0_.id=?
?[0m?[0;34mHibernate: select answers0_.quiz_id as quiz_id3_2_0_, answers0_.id as id1_2_0_, answers0_.id as id1_2_1_, answers0_.index as index2_2_1_ from quiz_answer answers0_ where answers0_.quiz_id=?
?[1;31m
Start test 36?[0m
?[0m?[0;34mHibernate: select user0_.id as id1_4_, user0_.email as email2_4_, user0_.password as password3_4_, user0_.role as role4_4_ from quiz_user user0_ where user0_.email=?
?[0m?[0;34mHibernate: select quiz0_.id as id1_1_0_, quiz0_.text as text2_1_0_, quiz0_.title as title3_1_0_, quiz0_.user_id as user_id4_1_0_, user1_.id as id1_4_1_, user1_.email as email2_4_1_, user1_.password as password3_4_1_, user1_.role as role4_4_1_ from quiz quiz0_ left outer join quiz_user user1_ on quiz0_.user_id=user1_.id where quiz0_.id=?
?[0m?[0;34mHibernate: select answers0_.quiz_id as quiz_id3_2_0_, answers0_.id as id1_2_0_, answers0_.id as id1_2_1_, answers0_.index as index2_2_1_ from quiz_answer answers0_ where answers0_.quiz_id=?
?[0m?[0;34mHibernate: insert into completed_quiz (id, completed_at, quiz_id, user_id) values (null, ?, ?, ?)
?[1;31m
Start test 37?[0m
?[0m?[0;34mHibernate: select user0_.id as id1_4_, user0_.email as email2_4_, user0_.password as password3_4_, user0_.role as role4_4_ from quiz_user user0_ where user0_.email=?
?[0m?[0;34mHibernate: select quiz0_.id as id1_1_0_, quiz0_.text as text2_1_0_, quiz0_.title as title3_1_0_, quiz0_.user_id as user_id4_1_0_, user1_.id as id1_4_1_, user1_.email as email2_4_1_, user1_.password as password3_4_1_, user1_.role as role4_4_1_ from quiz quiz0_ left outer join quiz_user user1_ on quiz0_.user_id=user1_.id where quiz0_.id=?
?[0m?[0;34mHibernate: select answers0_.quiz_id as quiz_id3_2_0_, answers0_.id as id1_2_0_, answers0_.id as id1_2_1_, answers0_.index as index2_2_1_ from quiz_answer answers0_ where answers0_.quiz_id=?
?[1;31m
Start test 38?[0m
?[0m?[0;34mHibernate: select user0_.id as id1_4_, user0_.email as email2_4_, user0_.password as password3_4_, user0_.role as role4_4_ from quiz_user user0_ where user0_.email=?
?[0m?[0;34mHibernate: select quiz0_.id as id1_1_0_, quiz0_.text as text2_1_0_, quiz0_.title as title3_1_0_, quiz0_.user_id as user_id4_1_0_, user1_.id as id1_4_1_, user1_.email as email2_4_1_, user1_.password as password3_4_1_, user1_.role as role4_4_1_ from quiz quiz0_ left outer join quiz_user user1_ on quiz0_.user_id=user1_.id where quiz0_.id=?
?[0m?[0;34mHibernate: select answers0_.quiz_id as quiz_id3_2_0_, answers0_.id as id1_2_0_, answers0_.id as id1_2_1_, answers0_.index as index2_2_1_ from quiz_answer answers0_ where answers0_.quiz_id=?
?[1;31m
Start test 39?[0m
?[0m?[0;34mHibernate: select user0_.id as id1_4_, user0_.email as email2_4_, user0_.password as password3_4_, user0_.role as role4_4_ from quiz_user user0_ where user0_.email=?
?[0m?[0;34mHibernate: select quiz0_.id as id1_1_0_, quiz0_.text as text2_1_0_, quiz0_.title as title3_1_0_, quiz0_.user_id as user_id4_1_0_, user1_.id as id1_4_1_, user1_.email as email2_4_1_, user1_.password as password3_4_1_, user1_.role as role4_4_1_ from quiz quiz0_ left outer join quiz_user user1_ on quiz0_.user_id=user1_.id where quiz0_.id=?
?[0m?[0;34mHibernate: select answers0_.quiz_id as quiz_id3_2_0_, answers0_.id as id1_2_0_, answers0_.id as id1_2_1_, answers0_.index as index2_2_1_ from quiz_answer answers0_ where answers0_.quiz_id=?
?[0m?[0;34mHibernate: insert into completed_quiz (id, completed_at, quiz_id, user_id) values (null, ?, ?, ?)
?[1;31m
Start test 40?[0m
?[0m?[0;34mHibernate: select user0_.id as id1_4_, user0_.email as email2_4_, user0_.password as password3_4_, user0_.role as role4_4_ from quiz_user user0_ where user0_.email=?
?[0m?[0;34mHibernate: select quiz0_.id as id1_1_0_, quiz0_.text as text2_1_0_, quiz0_.title as title3_1_0_, quiz0_.user_id as user_id4_1_0_, user1_.id as id1_4_1_, user1_.email as email2_4_1_, user1_.password as password3_4_1_, user1_.role as role4_4_1_ from quiz quiz0_ left outer join quiz_user user1_ on quiz0_.user_id=user1_.id where quiz0_.id=?
?[0m?[0;34mHibernate: select answers0_.quiz_id as quiz_id3_2_0_, answers0_.id as id1_2_0_, answers0_.id as id1_2_1_, answers0_.index as index2_2_1_ from quiz_answer answers0_ where answers0_.quiz_id=?
?[1;31m
Start test 41?[0m
?[0m?[0;34mHibernate: select user0_.id as id1_4_, user0_.email as email2_4_, user0_.password as password3_4_, user0_.role as role4_4_ from quiz_user user0_ where user0_.email=?
?[0m?[0;34mHibernate: select quiz0_.id as id1_1_0_, quiz0_.text as text2_1_0_, quiz0_.title as title3_1_0_, quiz0_.user_id as user_id4_1_0_, user1_.id as id1_4_1_, user1_.email as email2_4_1_, user1_.password as password3_4_1_, user1_.role as role4_4_1_ from quiz quiz0_ left outer join quiz_user user1_ on quiz0_.user_id=user1_.id where quiz0_.id=?
?[0m?[0;34mHibernate: select answers0_.quiz_id as quiz_id3_2_0_, answers0_.id as id1_2_0_, answers0_.id as id1_2_1_, answers0_.index as index2_2_1_ from quiz_answer answers0_ where answers0_.quiz_id=?
?[1;31m
Start test 42?[0m
?[0m?[0;34mHibernate: select user0_.id as id1_4_, user0_.email as email2_4_, user0_.password as password3_4_, user0_.role as role4_4_ from quiz_user user0_ where user0_.email=?
?[0m?[0;34mHibernate: select completedq0_.id as id1_0_, completedq0_.completed_at as complete2_0_, completedq0_.quiz_id as quiz_id3_0_, completedq0_.user_id as user_id4_0_ from completed_quiz completedq0_ where completedq0_.user_id=? order by completedq0_.completed_at desc limit ?
?[0m?[0;34mHibernate: select quiz0_.id as id1_1_0_, quiz0_.text as text2_1_0_, quiz0_.title as title3_1_0_, quiz0_.user_id as user_id4_1_0_, user1_.id as id1_4_1_, user1_.email as email2_4_1_, user1_.password as password3_4_1_, user1_.role as role4_4_1_ from quiz quiz0_ left outer join quiz_user user1_ on quiz0_.user_id=user1_.id where quiz0_.id=?
?[1;31m
Start test 43?[0m
?[0m?[0;34mHibernate: select user0_.id as id1_4_, user0_.email as email2_4_, user0_.password as password3_4_, user0_.role as role4_4_ from quiz_user user0_ where user0_.email=?
?[0m?[0;34mHibernate: select completedq0_.id as id1_0_, completedq0_.completed_at as complete2_0_, completedq0_.quiz_id as quiz_id3_0_, completedq0_.user_id as user_id4_0_ from completed_quiz completedq0_ where completedq0_.user_id=? order by completedq0_.completed_at desc limit ?
?[0m?[0;34mHibernate: select quiz0_.id as id1_1_0_, quiz0_.text as text2_1_0_, quiz0_.title as title3_1_0_, quiz0_.user_id as user_id4_1_0_, user1_.id as id1_4_1_, user1_.email as email2_4_1_, user1_.password as password3_4_1_, user1_.role as role4_4_1_ from quiz quiz0_ left outer join quiz_user user1_ on quiz0_.user_id=user1_.id where quiz0_.id=?
?[1;31m
Start test 44?[0m
?[0m?[0;34mHibernate: select user0_.id as id1_4_, user0_.email as email2_4_, user0_.password as password3_4_, user0_.role as role4_4_ from quiz_user user0_ where user0_.email=?
?[0m?[0;34mHibernate: select quiz0_.id as id1_1_, quiz0_.text as text2_1_, quiz0_.title as title3_1_, quiz0_.user_id as user_id4_1_ from quiz quiz0_ limit ?
?[0m?[0;34mHibernate: select user0_.id as id1_4_0_, user0_.email as email2_4_0_, user0_.password as password3_4_0_, user0_.role as role4_4_0_ from quiz_user user0_ where user0_.id=?
?[0m?[0;34mHibernate: select user0_.id as id1_4_0_, user0_.email as email2_4_0_, user0_.password as password3_4_0_, user0_.role as role4_4_0_ from quiz_user user0_ where user0_.id=?
?[0m?[0;34mHibernate: select options0_.quiz_id as quiz_id4_3_0_, options0_.id as id1_3_0_, options0_.id as id1_3_1_, options0_.index as index2_3_1_, options0_.option as option3_3_1_ from quiz_option options0_ where options0_.quiz_id=?
?[0m?[0;34mHibernate: select options0_.quiz_id as quiz_id4_3_0_, options0_.id as id1_3_0_, options0_.id as id1_3_1_, options0_.index as index2_3_1_, options0_.option as option3_3_1_ from quiz_option options0_ where options0_.quiz_id=?
?[1;31m
Start test 45?[0m
?[0m?[0;34mHibernate: select user0_.id as id1_4_, user0_.email as email2_4_, user0_.password as password3_4_, user0_.role as role4_4_ from quiz_user user0_ where user0_.email=?
?[0m?[0;34mHibernate: select quiz0_.id as id1_1_, quiz0_.text as text2_1_, quiz0_.title as title3_1_, quiz0_.user_id as user_id4_1_ from quiz quiz0_ limit ?
?[0m?[0;34mHibernate: select user0_.id as id1_4_0_, user0_.email as email2_4_0_, user0_.password as password3_4_0_, user0_.role as role4_4_0_ from quiz_user user0_ where user0_.id=?
?[0m?[0;34mHibernate: select user0_.id as id1_4_0_, user0_.email as email2_4_0_, user0_.password as password3_4_0_, user0_.role as role4_4_0_ from quiz_user user0_ where user0_.id=?
?[0m?[0;34mHibernate: select options0_.quiz_id as quiz_id4_3_0_, options0_.id as id1_3_0_, options0_.id as id1_3_1_, options0_.index as index2_3_1_, options0_.option as option3_3_1_ from quiz_option options0_ where options0_.quiz_id=?
?[0m?[0;34mHibernate: select options0_.quiz_id as quiz_id4_3_0_, options0_.id as id1_3_0_, options0_.id as id1_3_1_, options0_.index as index2_3_1_, options0_.option as option3_3_1_ from quiz_option options0_ where options0_.quiz_id=?
?[1;31m
Start test 46?[0m
?[0;34m2023-09-29 12:17:06.154  INFO 44905 --- [       Thread-5] j.LocalContainerEntityManagerFactoryBean : Closing JPA EntityManagerFactory for persistence unit 'default'
?[0m?[0;34m2023-09-29 12:17:06.155  INFO 44905 --- [       Thread-5] com.zaxxer.hikari.HikariDataSource       : HikariPool-1 - Shutdown initiated...
?[0m?[0;34m2023-09-29 12:17:06.503  INFO 44905 --- [       Thread-5] com.zaxxer.hikari.HikariDataSource       : HikariPool-1 - Shutdown completed.
?[0;34m
?[0m?[0;34m  .   ____          _            __ _ _
?[0m?[0;34m /\\ / ___'_ __ _ _(_)_ __  __ _ \ \ \ \
?[0m?[0;34m( ( )\___ | '_ | '_| | '_ \/ _` | \ \ \ \
?[0m?[0;34m \\/  ___)| |_)| | | | | || (_| |  ) ) ) )
?[0m?[0;34m  '  |____| .__|_| |_|_| |_\__, | / / / /
?[0m?[0;34m =========|_|==============|___/=/_/_/_/
?[0m?[0;34m :: Spring Boot ::                (v2.5.6)
?[0m?[0;34m
?[0m?[0;34m2023-09-29 12:17:15.688  INFO 44905 --- [    Test worker] engine.WebQuizEngine                     : Starting WebQuizEngine using Java 17.0.8.1 on iKoks-Ubuntu with PID 44905 (started by tamerlan in /home/tamerlan/IdeaProjects/HyperskillWebQuizEngine/Web Quiz Engine (Java)/task)
?[0m?[0;34m2023-09-29 12:17:15.689  INFO 44905 --- [    Test worker] engine.WebQuizEngine                     : No active profile set, falling back to default profiles: default
?[0m?[0;34m2023-09-29 12:17:15.868  INFO 44905 --- [    Test worker] .s.d.r.c.RepositoryConfigurationDelegate : Bootstrapping Spring Data JPA repositories in DEFAULT mode.
?[0m?[0;34m2023-09-29 12:17:15.874  INFO 44905 --- [    Test worker] .s.d.r.c.RepositoryConfigurationDelegate : Finished Spring Data repository scanning in 5 ms. Found 5 JPA repository interfaces.
?[0m?[0;34m2023-09-29 12:17:15.956  INFO 44905 --- [    Test worker] o.s.b.w.embedded.tomcat.TomcatWebServer  : Tomcat initialized with port(s): 8889 (http)
?[0m?[0;34m2023-09-29 12:17:15.957  INFO 44905 --- [    Test worker] o.apache.catalina.core.StandardService   : Starting service [Tomcat]
?[0m?[0;34m2023-09-29 12:17:15.957  INFO 44905 --- [    Test worker] org.apache.catalina.core.StandardEngine  : Starting Servlet engine: [Apache Tomcat/9.0.54]
?[0m?[0;34m2023-09-29 12:17:15.973  INFO 44905 --- [    Test worker] o.a.c.c.C.[Tomcat].[localhost].[/]       : Initializing Spring embedded WebApplicationContext
?[0m?[0;34m2023-09-29 12:17:15.973  INFO 44905 --- [    Test worker] w.s.c.ServletWebServerApplicationContext : Root WebApplicationContext: initialization completed in 283 ms
?[0m?[0;34m2023-09-29 12:17:16.013  INFO 44905 --- [    Test worker] com.zaxxer.hikari.HikariDataSource       : HikariPool-2 - Starting...
?[0m?[0;34m2023-09-29 12:17:16.024  INFO 44905 --- [    Test worker] com.zaxxer.hikari.HikariDataSource       : HikariPool-2 - Start completed.
?[0m?[0;34m2023-09-29 12:17:16.024  INFO 44905 --- [    Test worker] o.s.b.a.h2.H2ConsoleAutoConfiguration    : H2 console available at '/h2-ui'. Database available at 'jdbc:h2:file:../quizdb'
?[0m?[0;34m2023-09-29 12:17:16.059  INFO 44905 --- [    Test worker] o.hibernate.jpa.internal.util.LogHelper  : HHH000204: Processing PersistenceUnitInfo [name: default]
?[0m?[0;34m2023-09-29 12:17:16.062  INFO 44905 --- [    Test worker] org.hibernate.dialect.Dialect            : HHH000400: Using dialect: org.hibernate.dialect.H2Dialect
?[0m?[0;34m2023-09-29 12:17:16.155  INFO 44905 --- [    Test worker] o.h.e.t.j.p.i.JtaPlatformInitiator       : HHH000490: Using JtaPlatform implementation: [org.hibernate.engine.transaction.jta.platform.internal.NoJtaPlatform]
?[0m?[0;34m2023-09-29 12:17:16.155  INFO 44905 --- [    Test worker] j.LocalContainerEntityManagerFactoryBean : Initialized JPA EntityManagerFactory for persistence unit 'default'
?[0m?[0;34m2023-09-29 12:17:16.221  INFO 44905 --- [    Test worker] o.s.s.web.DefaultSecurityFilterChain     : Will secure any request with [org.springframework.security.web.context.request.async.WebAsyncManagerIntegrationFilter@21a14c45, org.springframework.security.web.context.SecurityContextPersistenceFilter@24df4805, org.springframework.security.web.header.HeaderWriterFilter@172f2717, org.springframework.security.web.authentication.logout.LogoutFilter@52e2e426, org.springframework.security.web.authentication.www.BasicAuthenticationFilter@64a74723, org.springframework.security.web.savedrequest.RequestCacheAwareFilter@3bbc8c82, org.springframework.security.web.servletapi.SecurityContextHolderAwareRequestFilter@5545137d, org.springframework.security.web.authentication.AnonymousAuthenticationFilter@1b7648f, org.springframework.security.web.session.SessionManagementFilter@bda4cbe, org.springframework.security.web.access.ExceptionTranslationFilter@761d3c20, org.springframework.security.web.access.intercept.AuthorizationFilter@70c68e4e]
?[0m?[0;34m2023-09-29 12:17:16.234  WARN 44905 --- [    Test worker] JpaBaseConfiguration$JpaWebConfiguration : spring.jpa.open-in-view is enabled by default. Therefore, database queries may be performed during view rendering. Explicitly configure spring.jpa.open-in-view to disable this warning
?[0m?[0;34m2023-09-29 12:17:16.394  INFO 44905 --- [    Test worker] o.s.b.a.e.web.EndpointLinksResolver      : Exposing 14 endpoint(s) beneath base path '/actuator'
?[0m?[0;34m2023-09-29 12:17:16.406  INFO 44905 --- [    Test worker] o.s.b.w.embedded.tomcat.TomcatWebServer  : Tomcat started on port(s): 8889 (http) with context path ''
?[0m?[0;34m2023-09-29 12:17:16.413  INFO 44905 --- [    Test worker] engine.WebQuizEngine                     : Started WebQuizEngine in 0.744 seconds (JVM running for 27.971)
?[0m?[1;31m
Start test 47?[0m
?[0;34m2023-09-29 12:17:16.417  INFO 44905 --- [nio-8889-exec-1] o.a.c.c.C.[Tomcat].[localhost].[/]       : Initializing Spring DispatcherServlet 'dispatcherServlet'
?[0m?[0;34m2023-09-29 12:17:16.418  INFO 44905 --- [nio-8889-exec-1] o.s.web.servlet.DispatcherServlet        : Initializing Servlet 'dispatcherServlet'
?[0m?[0;34m2023-09-29 12:17:16.419  INFO 44905 --- [nio-8889-exec-1] o.s.web.servlet.DispatcherServlet        : Completed initialization in 1 ms
?[0m?[0;34mHibernate: select user0_.id as id1_4_, user0_.email as email2_4_, user0_.password as password3_4_, user0_.role as role4_4_ from quiz_user user0_ where user0_.email=?
?[0m?[0;34mHibernate: select quiz0_.id as id1_1_, quiz0_.text as text2_1_, quiz0_.title as title3_1_, quiz0_.user_id as user_id4_1_ from quiz quiz0_ limit ?
?[0m?[0;34mHibernate: select user0_.id as id1_4_0_, user0_.email as email2_4_0_, user0_.password as password3_4_0_, user0_.role as role4_4_0_ from quiz_user user0_ where user0_.id=?
?[0m?[0;34mHibernate: select user0_.id as id1_4_0_, user0_.email as email2_4_0_, user0_.password as password3_4_0_, user0_.role as role4_4_0_ from quiz_user user0_ where user0_.id=?
?[0m?[0;34mHibernate: select options0_.quiz_id as quiz_id4_3_0_, options0_.id as id1_3_0_, options0_.id as id1_3_1_, options0_.index as index2_3_1_, options0_.option as option3_3_1_ from quiz_option options0_ where options0_.quiz_id=?
?[0m?[0;34mHibernate: select options0_.quiz_id as quiz_id4_3_0_, options0_.id as id1_3_0_, options0_.id as id1_3_1_, options0_.index as index2_3_1_, options0_.option as option3_3_1_ from quiz_option options0_ where options0_.quiz_id=?
?[1;31m
Start test 48?[0m
?[0;34mHibernate: select user0_.id as id1_4_, user0_.email as email2_4_, user0_.password as password3_4_, user0_.role as role4_4_ from quiz_user user0_ where user0_.email=?
?[0m?[0;34mHibernate: select quiz0_.id as id1_1_, quiz0_.text as text2_1_, quiz0_.title as title3_1_, quiz0_.user_id as user_id4_1_ from quiz quiz0_ limit ?
?[0m?[0;34mHibernate: select user0_.id as id1_4_0_, user0_.email as email2_4_0_, user0_.password as password3_4_0_, user0_.role as role4_4_0_ from quiz_user user0_ where user0_.id=?
?[0m?[0;34mHibernate: select user0_.id as id1_4_0_, user0_.email as email2_4_0_, user0_.password as password3_4_0_, user0_.role as role4_4_0_ from quiz_user user0_ where user0_.id=?
?[0m?[0;34mHibernate: select options0_.quiz_id as quiz_id4_3_0_, options0_.id as id1_3_0_, options0_.id as id1_3_1_, options0_.index as index2_3_1_, options0_.option as option3_3_1_ from quiz_option options0_ where options0_.quiz_id=?
?[0m?[0;34mHibernate: select options0_.quiz_id as quiz_id4_3_0_, options0_.id as id1_3_0_, options0_.id as id1_3_1_, options0_.index as index2_3_1_, options0_.option as option3_3_1_ from quiz_option options0_ where options0_.quiz_id=?
?[1;31m
Start test 49?[0m
?[0;34mHibernate: select user0_.id as id1_4_, user0_.email as email2_4_, user0_.password as password3_4_, user0_.role as role4_4_ from quiz_user user0_ where user0_.email=?
?[0m?[0;34mHibernate: select quiz0_.id as id1_1_0_, quiz0_.text as text2_1_0_, quiz0_.title as title3_1_0_, quiz0_.user_id as user_id4_1_0_, user1_.id as id1_4_1_, user1_.email as email2_4_1_, user1_.password as password3_4_1_, user1_.role as role4_4_1_ from quiz quiz0_ left outer join quiz_user user1_ on quiz0_.user_id=user1_.id where quiz0_.id=?
?[0m?[0;34mHibernate: select answers0_.quiz_id as quiz_id3_2_0_, answers0_.id as id1_2_0_, answers0_.id as id1_2_1_, answers0_.index as index2_2_1_ from quiz_answer answers0_ where answers0_.quiz_id=?
?[0m?[0;34mHibernate: insert into completed_quiz (id, completed_at, quiz_id, user_id) values (null, ?, ?, ?)
?[1;31m
Start test 50?[0m
?[0;34mHibernate: select user0_.id as id1_4_, user0_.email as email2_4_, user0_.password as password3_4_, user0_.role as role4_4_ from quiz_user user0_ where user0_.email=?
?[0m?[0;34mHibernate: select quiz0_.id as id1_1_0_, quiz0_.text as text2_1_0_, quiz0_.title as title3_1_0_, quiz0_.user_id as user_id4_1_0_, user1_.id as id1_4_1_, user1_.email as email2_4_1_, user1_.password as password3_4_1_, user1_.role as role4_4_1_ from quiz quiz0_ left outer join quiz_user user1_ on quiz0_.user_id=user1_.id where quiz0_.id=?
?[0m?[0;34mHibernate: select answers0_.quiz_id as quiz_id3_2_0_, answers0_.id as id1_2_0_, answers0_.id as id1_2_1_, answers0_.index as index2_2_1_ from quiz_answer answers0_ where answers0_.quiz_id=?
?[1;31m
Start test 51?[0m
?[0;34mHibernate: select user0_.id as id1_4_, user0_.email as email2_4_, user0_.password as password3_4_, user0_.role as role4_4_ from quiz_user user0_ where user0_.email=?
?[0m?[0;34mHibernate: select quiz0_.id as id1_1_0_, quiz0_.text as text2_1_0_, quiz0_.title as title3_1_0_, quiz0_.user_id as user_id4_1_0_, user1_.id as id1_4_1_, user1_.email as email2_4_1_, user1_.password as password3_4_1_, user1_.role as role4_4_1_ from quiz quiz0_ left outer join quiz_user user1_ on quiz0_.user_id=user1_.id where quiz0_.id=?
?[0m?[0;34mHibernate: select answers0_.quiz_id as quiz_id3_2_0_, answers0_.id as id1_2_0_, answers0_.id as id1_2_1_, answers0_.index as index2_2_1_ from quiz_answer answers0_ where answers0_.quiz_id=?
?[1;31m
Start test 52?[0m
?[0;34mHibernate: select user0_.id as id1_4_, user0_.email as email2_4_, user0_.password as password3_4_, user0_.role as role4_4_ from quiz_user user0_ where user0_.email=?
?[0m?[0;34mHibernate: select quiz0_.id as id1_1_0_, quiz0_.text as text2_1_0_, quiz0_.title as title3_1_0_, quiz0_.user_id as user_id4_1_0_, user1_.id as id1_4_1_, user1_.email as email2_4_1_, user1_.password as password3_4_1_, user1_.role as role4_4_1_ from quiz quiz0_ left outer join quiz_user user1_ on quiz0_.user_id=user1_.id where quiz0_.id=?
?[0m?[0;34mHibernate: select answers0_.quiz_id as quiz_id3_2_0_, answers0_.id as id1_2_0_, answers0_.id as id1_2_1_, answers0_.index as index2_2_1_ from quiz_answer answers0_ where answers0_.quiz_id=?
?[0m?[0;34mHibernate: insert into completed_quiz (id, completed_at, quiz_id, user_id) values (null, ?, ?, ?)
?[1;31m
Start test 53?[0m
?[0;34mHibernate: select user0_.id as id1_4_, user0_.email as email2_4_, user0_.password as password3_4_, user0_.role as role4_4_ from quiz_user user0_ where user0_.email=?
?[0m?[0;34mHibernate: select completedq0_.id as id1_0_, completedq0_.completed_at as complete2_0_, completedq0_.quiz_id as quiz_id3_0_, completedq0_.user_id as user_id4_0_ from completed_quiz completedq0_ where completedq0_.user_id=? order by completedq0_.completed_at desc limit ?
?[0m?[0;34mHibernate: select quiz0_.id as id1_1_0_, quiz0_.text as text2_1_0_, quiz0_.title as title3_1_0_, quiz0_.user_id as user_id4_1_0_, user1_.id as id1_4_1_, user1_.email as email2_4_1_, user1_.password as password3_4_1_, user1_.role as role4_4_1_ from quiz quiz0_ left outer join quiz_user user1_ on quiz0_.user_id=user1_.id where quiz0_.id=?
?[0m?[0;34mHibernate: select user0_.id as id1_4_0_, user0_.email as email2_4_0_, user0_.password as password3_4_0_, user0_.role as role4_4_0_ from quiz_user user0_ where user0_.id=?
?[0m?[0;34mHibernate: select quiz0_.id as id1_1_0_, quiz0_.text as text2_1_0_, quiz0_.title as title3_1_0_, quiz0_.user_id as user_id4_1_0_, user1_.id as id1_4_1_, user1_.email as email2_4_1_, user1_.password as password3_4_1_, user1_.role as role4_4_1_ from quiz quiz0_ left outer join quiz_user user1_ on quiz0_.user_id=user1_.id where quiz0_.id=?
?[1;31m
Start test 54?[0m
?[0;34mHibernate: select user0_.id as id1_4_, user0_.email as email2_4_, user0_.password as password3_4_, user0_.role as role4_4_ from quiz_user user0_ where user0_.email=?
?[0m?[0;34mHibernate: select completedq0_.id as id1_0_, completedq0_.completed_at as complete2_0_, completedq0_.quiz_id as quiz_id3_0_, completedq0_.user_id as user_id4_0_ from completed_quiz completedq0_ where completedq0_.user_id=? order by completedq0_.completed_at desc limit ?
?[0m?[0;34mHibernate: select quiz0_.id as id1_1_0_, quiz0_.text as text2_1_0_, quiz0_.title as title3_1_0_, quiz0_.user_id as user_id4_1_0_, user1_.id as id1_4_1_, user1_.email as email2_4_1_, user1_.password as password3_4_1_, user1_.role as role4_4_1_ from quiz quiz0_ left outer join quiz_user user1_ on quiz0_.user_id=user1_.id where quiz0_.id=?
?[0m?[0;34mHibernate: select user0_.id as id1_4_0_, user0_.email as email2_4_0_, user0_.password as password3_4_0_, user0_.role as role4_4_0_ from quiz_user user0_ where user0_.id=?
?[0m?[0;34mHibernate: select quiz0_.id as id1_1_0_, quiz0_.text as text2_1_0_, quiz0_.title as title3_1_0_, quiz0_.user_id as user_id4_1_0_, user1_.id as id1_4_1_, user1_.email as email2_4_1_, user1_.password as password3_4_1_, user1_.role as role4_4_1_ from quiz quiz0_ left outer join quiz_user user1_ on quiz0_.user_id=user1_.id where quiz0_.id=?
?[1;31m
Start test 55?[0m
?[0;34mHibernate: select user0_.id as id1_4_, user0_.email as email2_4_, user0_.password as password3_4_, user0_.role as role4_4_ from quiz_user user0_ where user0_.email=?
?[0m?[0;34mHibernate: select completedq0_.id as id1_0_, completedq0_.completed_at as complete2_0_, completedq0_.quiz_id as quiz_id3_0_, completedq0_.user_id as user_id4_0_ from completed_quiz completedq0_ where completedq0_.user_id=? order by completedq0_.completed_at desc limit ?
?[0m?[0;34mHibernate: select quiz0_.id as id1_1_0_, quiz0_.text as text2_1_0_, quiz0_.title as title3_1_0_, quiz0_.user_id as user_id4_1_0_, user1_.id as id1_4_1_, user1_.email as email2_4_1_, user1_.password as password3_4_1_, user1_.role as role4_4_1_ from quiz quiz0_ left outer join quiz_user user1_ on quiz0_.user_id=user1_.id where quiz0_.id=?
?[0m?[0;34mHibernate: select user0_.id as id1_4_0_, user0_.email as email2_4_0_, user0_.password as password3_4_0_, user0_.role as role4_4_0_ from quiz_user user0_ where user0_.id=?
?[0m?[0;34mHibernate: select quiz0_.id as id1_1_0_, quiz0_.text as text2_1_0_, quiz0_.title as title3_1_0_, quiz0_.user_id as user_id4_1_0_, user1_.id as id1_4_1_, user1_.email as email2_4_1_, user1_.password as password3_4_1_, user1_.role as role4_4_1_ from quiz quiz0_ left outer join quiz_user user1_ on quiz0_.user_id=user1_.id where quiz0_.id=?
?[1;31m
Start test 56?[0m
?[0m?[0;34mHibernate: select user0_.id as id1_4_, user0_.email as email2_4_, user0_.password as password3_4_, user0_.role as role4_4_ from quiz_user user0_ where user0_.email=?
?[0m?[0;34mHibernate: select completedq0_.id as id1_0_, completedq0_.completed_at as complete2_0_, completedq0_.quiz_id as quiz_id3_0_, completedq0_.user_id as user_id4_0_ from completed_quiz completedq0_ where completedq0_.user_id=? order by completedq0_.completed_at desc limit ?
?[0m?[0;34mHibernate: select quiz0_.id as id1_1_0_, quiz0_.text as text2_1_0_, quiz0_.title as title3_1_0_, quiz0_.user_id as user_id4_1_0_, user1_.id as id1_4_1_, user1_.email as email2_4_1_, user1_.password as password3_4_1_, user1_.role as role4_4_1_ from quiz quiz0_ left outer join quiz_user user1_ on quiz0_.user_id=user1_.id where quiz0_.id=?
?[0m?[0;34mHibernate: select user0_.id as id1_4_0_, user0_.email as email2_4_0_, user0_.password as password3_4_0_, user0_.role as role4_4_0_ from quiz_user user0_ where user0_.id=?
?[0m?[0;34mHibernate: select quiz0_.id as id1_1_0_, quiz0_.text as text2_1_0_, quiz0_.title as title3_1_0_, quiz0_.user_id as user_id4_1_0_, user1_.id as id1_4_1_, user1_.email as email2_4_1_, user1_.password as password3_4_1_, user1_.role as role4_4_1_ from quiz quiz0_ left outer join quiz_user user1_ on quiz0_.user_id=user1_.id where quiz0_.id=?
?[1;31m
Start test 57?[0m
?[0;34mHibernate: select user0_.id as id1_4_, user0_.email as email2_4_, user0_.password as password3_4_, user0_.role as role4_4_ from quiz_user user0_ where user0_.email=?
?[0m?[0;34m2023-09-29 12:17:22.278  WARN 44905 --- [nio-8889-exec-3] .w.s.m.s.DefaultHandlerExceptionResolver : Resolved [org.springframework.http.converter.HttpMessageNotReadableException: JSON parse error: Unexpected character ('"' (code 34)): was expecting comma to separate Object entries; nested exception is com.fasterxml.jackson.core.JsonParseException: Unexpected character ('"' (code 34)): was expecting comma to separate Object entries<LF> at [Source: (PushbackInputStream); line: 4, column: 4]]
?[1;31m
Start test 58?[0m
?[0m?[0;34mHibernate: select user0_.id as id1_4_, user0_.email as email2_4_, user0_.password as password3_4_, user0_.role as role4_4_ from quiz_user user0_ where user0_.email=?
?[0m?[0;34m2023-09-29 12:17:22.771  WARN 44905 --- [nio-8889-exec-2] .w.s.m.s.DefaultHandlerExceptionResolver : Resolved [org.springframework.http.converter.HttpMessageNotReadableException: JSON parse error: Unexpected character ('"' (code 34)): was expecting comma to separate Object entries; nested exception is com.fasterxml.jackson.core.JsonParseException: Unexpected character ('"' (code 34)): was expecting comma to separate Object entries<LF> at [Source: (PushbackInputStream); line: 5, column: 4]]
?[1;31m
Start test 59?[0m
?[0m?[0;34mHibernate: select user0_.id as id1_4_, user0_.email as email2_4_, user0_.password as password3_4_, user0_.role as role4_4_ from quiz_user user0_ where user0_.email=?
?[0m?[0;34m2023-09-29 12:17:23.259  WARN 44905 --- [nio-8889-exec-4] .w.s.m.s.DefaultHandlerExceptionResolver : Resolved [org.springframework.http.converter.HttpMessageNotReadableException: JSON parse error: Unexpected character ('"' (code 34)): was expecting comma to separate Object entries; nested exception is com.fasterxml.jackson.core.JsonParseException: Unexpected character ('"' (code 34)): was expecting comma to separate Object entries<LF> at [Source: (PushbackInputStream); line: 4, column: 4]]
?[1;31m
Start test 60?[0m
?[0m?[0;34mHibernate: select user0_.id as id1_4_, user0_.email as email2_4_, user0_.password as password3_4_, user0_.role as role4_4_ from quiz_user user0_ where user0_.email=?
?[0m?[0;34m2023-09-29 12:17:23.747  WARN 44905 --- [nio-8889-exec-5] .w.s.m.s.DefaultHandlerExceptionResolver : Resolved [org.springframework.http.converter.HttpMessageNotReadableException: JSON parse error: Unexpected character ('"' (code 34)): was expecting comma to separate Object entries; nested exception is com.fasterxml.jackson.core.JsonParseException: Unexpected character ('"' (code 34)): was expecting comma to separate Object entries<LF> at [Source: (PushbackInputStream); line: 5, column: 4]]
?[1;31m
Start test 61?[0m
?[0m?[0;34mHibernate: select user0_.id as id1_4_, user0_.email as email2_4_, user0_.password as password3_4_, user0_.role as role4_4_ from quiz_user user0_ where user0_.email=?
?[1;31m
Start test 62?[0m
?[0m?[0;34mHibernate: select user0_.id as id1_4_, user0_.email as email2_4_, user0_.password as password3_4_, user0_.role as role4_4_ from quiz_user user0_ where user0_.email=?
?[0m?[0;34m2023-09-29 12:17:24.720  WARN 44905 --- [nio-8889-exec-7] .w.s.m.s.DefaultHandlerExceptionResolver : Resolved [org.springframework.http.converter.HttpMessageNotReadableException: JSON parse error: Unexpected character ('"' (code 34)): was expecting comma to separate Object entries; nested exception is com.fasterxml.jackson.core.JsonParseException: Unexpected character ('"' (code 34)): was expecting comma to separate Object entries<LF> at [Source: (PushbackInputStream); line: 5, column: 4]]
?[1;31m
Start test 63?[0m
?[0m?[0;34mHibernate: select user0_.id as id1_4_, user0_.email as email2_4_, user0_.password as password3_4_, user0_.role as role4_4_ from quiz_user user0_ where user0_.email=?
?[0m?[0;34m2023-09-29 12:17:25.203  WARN 44905 --- [nio-8889-exec-8] .w.s.m.s.DefaultHandlerExceptionResolver : Resolved [org.springframework.http.converter.HttpMessageNotReadableException: JSON parse error: Unexpected character ('"' (code 34)): was expecting comma to separate Object entries; nested exception is com.fasterxml.jackson.core.JsonParseException: Unexpected character ('"' (code 34)): was expecting comma to separate Object entries<LF> at [Source: (PushbackInputStream); line: 5, column: 4]]
?[1;31m
Start test 64?[0m
?[0m?[0;34mHibernate: select user0_.id as id1_4_, user0_.email as email2_4_, user0_.password as password3_4_, user0_.role as role4_4_ from quiz_user user0_ where user0_.email=?
?[0m?[0;34mHibernate: insert into quiz (id, text, title, user_id) values (null, ?, ?, ?)
?[0m?[0;34mHibernate: insert into quiz_answer (id, index, quiz_id) values (null, ?, ?)
?[0m?[0;34mHibernate: insert into quiz_answer (id, index, quiz_id) values (null, ?, ?)
?[0m?[0;34mHibernate: insert into quiz_option (id, index, option, quiz_id) values (null, ?, ?, ?)
?[0m?[0;34mHibernate: insert into quiz_option (id, index, option, quiz_id) values (null, ?, ?, ?)
?[0m?[0;34mHibernate: insert into quiz_option (id, index, option, quiz_id) values (null, ?, ?, ?)
?[0m?[0;34mHibernate: insert into quiz_option (id, index, option, quiz_id) values (null, ?, ?, ?)
?[0m?[0;34mHibernate: update quiz_answer set quiz_id=? where id=?
?[0m?[0;34mHibernate: update quiz_answer set quiz_id=? where id=?
?[0m?[0;34mHibernate: update quiz_option set quiz_id=? where id=?
?[0m?[0;34mHibernate: update quiz_option set quiz_id=? where id=?
?[0m?[0;34mHibernate: update quiz_option set quiz_id=? where id=?
?[0m?[0;34mHibernate: update quiz_option set quiz_id=? where id=?
?[1;31m
Start test 65?[0m
?[0m?[0;34mHibernate: select user0_.id as id1_4_, user0_.email as email2_4_, user0_.password as password3_4_, user0_.role as role4_4_ from quiz_user user0_ where user0_.email=?
?[0m?[0;34mHibernate: select quiz0_.id as id1_1_0_, quiz0_.text as text2_1_0_, quiz0_.title as title3_1_0_, quiz0_.user_id as user_id4_1_0_, user1_.id as id1_4_1_, user1_.email as email2_4_1_, user1_.password as password3_4_1_, user1_.role as role4_4_1_ from quiz quiz0_ left outer join quiz_user user1_ on quiz0_.user_id=user1_.id where quiz0_.id=?
?[0m?[0;34mHibernate: select options0_.quiz_id as quiz_id4_3_0_, options0_.id as id1_3_0_, options0_.id as id1_3_1_, options0_.index as index2_3_1_, options0_.option as option3_3_1_ from quiz_option options0_ where options0_.quiz_id=?
?[1;31m
Start test 66?[0m
?[0m?[0;34mHibernate: select user0_.id as id1_4_, user0_.email as email2_4_, user0_.password as password3_4_, user0_.role as role4_4_ from quiz_user user0_ where user0_.email=?
?[0m?[0;34mHibernate: select quiz0_.id as id1_1_0_, quiz0_.text as text2_1_0_, quiz0_.title as title3_1_0_, quiz0_.user_id as user_id4_1_0_, user1_.id as id1_4_1_, user1_.email as email2_4_1_, user1_.password as password3_4_1_, user1_.role as role4_4_1_ from quiz quiz0_ left outer join quiz_user user1_ on quiz0_.user_id=user1_.id where quiz0_.id=?
?[1;31m
Start test 67?[0m
?[0m?[0;34mHibernate: select user0_.id as id1_4_, user0_.email as email2_4_, user0_.password as password3_4_, user0_.role as role4_4_ from quiz_user user0_ where user0_.email=?
?[0m?[0;34mHibernate: select quiz0_.id as id1_1_0_, quiz0_.text as text2_1_0_, quiz0_.title as title3_1_0_, quiz0_.user_id as user_id4_1_0_, user1_.id as id1_4_1_, user1_.email as email2_4_1_, user1_.password as password3_4_1_, user1_.role as role4_4_1_ from quiz quiz0_ left outer join quiz_user user1_ on quiz0_.user_id=user1_.id where quiz0_.id=?
?[0m?[0;34mHibernate: select answers0_.quiz_id as quiz_id3_2_0_, answers0_.id as id1_2_0_, answers0_.id as id1_2_1_, answers0_.index as index2_2_1_ from quiz_answer answers0_ where answers0_.quiz_id=?
?[1;31m
Start test 68?[0m
?[0m?[0;34mHibernate: select user0_.id as id1_4_, user0_.email as email2_4_, user0_.password as password3_4_, user0_.role as role4_4_ from quiz_user user0_ where user0_.email=?
?[0m?[0;34mHibernate: select quiz0_.id as id1_1_0_, quiz0_.text as text2_1_0_, quiz0_.title as title3_1_0_, quiz0_.user_id as user_id4_1_0_, user1_.id as id1_4_1_, user1_.email as email2_4_1_, user1_.password as password3_4_1_, user1_.role as role4_4_1_ from quiz quiz0_ left outer join quiz_user user1_ on quiz0_.user_id=user1_.id where quiz0_.id=?
?[0m?[0;34mHibernate: select answers0_.quiz_id as quiz_id3_2_0_, answers0_.id as id1_2_0_, answers0_.id as id1_2_1_, answers0_.index as index2_2_1_ from quiz_answer answers0_ where answers0_.quiz_id=?
?[1;31m
Start test 69?[0m
?[0m?[0;34mHibernate: select user0_.id as id1_4_, user0_.email as email2_4_, user0_.password as password3_4_, user0_.role as role4_4_ from quiz_user user0_ where user0_.email=?
?[0m?[0;34mHibernate: select quiz0_.id as id1_1_0_, quiz0_.text as text2_1_0_, quiz0_.title as title3_1_0_, quiz0_.user_id as user_id4_1_0_, user1_.id as id1_4_1_, user1_.email as email2_4_1_, user1_.password as password3_4_1_, user1_.role as role4_4_1_ from quiz quiz0_ left outer join quiz_user user1_ on quiz0_.user_id=user1_.id where quiz0_.id=?
?[0m?[0;34mHibernate: select answers0_.quiz_id as quiz_id3_2_0_, answers0_.id as id1_2_0_, answers0_.id as id1_2_1_, answers0_.index as index2_2_1_ from quiz_answer answers0_ where answers0_.quiz_id=?
?[1;31m
Start test 70?[0m
?[0m?[0;34mHibernate: select user0_.id as id1_4_, user0_.email as email2_4_, user0_.password as password3_4_, user0_.role as role4_4_ from quiz_user user0_ where user0_.email=?
?[0m?[0;34mHibernate: select quiz0_.id as id1_1_0_, quiz0_.text as text2_1_0_, quiz0_.title as title3_1_0_, quiz0_.user_id as user_id4_1_0_, user1_.id as id1_4_1_, user1_.email as email2_4_1_, user1_.password as password3_4_1_, user1_.role as role4_4_1_ from quiz quiz0_ left outer join quiz_user user1_ on quiz0_.user_id=user1_.id where quiz0_.id=?
?[0m?[0;34mHibernate: select answers0_.quiz_id as quiz_id3_2_0_, answers0_.id as id1_2_0_, answers0_.id as id1_2_1_, answers0_.index as index2_2_1_ from quiz_answer answers0_ where answers0_.quiz_id=?
?[1;31m
Start test 71?[0m
?[0m?[0;34mHibernate: select user0_.id as id1_4_, user0_.email as email2_4_, user0_.password as password3_4_, user0_.role as role4_4_ from quiz_user user0_ where user0_.email=?
?[0m?[0;34mHibernate: select quiz0_.id as id1_1_0_, quiz0_.text as text2_1_0_, quiz0_.title as title3_1_0_, quiz0_.user_id as user_id4_1_0_, user1_.id as id1_4_1_, user1_.email as email2_4_1_, user1_.password as password3_4_1_, user1_.role as role4_4_1_ from quiz quiz0_ left outer join quiz_user user1_ on quiz0_.user_id=user1_.id where quiz0_.id=?
?[0m?[0;34mHibernate: select answers0_.quiz_id as quiz_id3_2_0_, answers0_.id as id1_2_0_, answers0_.id as id1_2_1_, answers0_.index as index2_2_1_ from quiz_answer answers0_ where answers0_.quiz_id=?
?[1;31m
Start test 72?[0m
?[0m?[0;34mHibernate: select user0_.id as id1_4_, user0_.email as email2_4_, user0_.password as password3_4_, user0_.role as role4_4_ from quiz_user user0_ where user0_.email=?
?[0m?[0;34mHibernate: select quiz0_.id as id1_1_0_, quiz0_.text as text2_1_0_, quiz0_.title as title3_1_0_, quiz0_.user_id as user_id4_1_0_, user1_.id as id1_4_1_, user1_.email as email2_4_1_, user1_.password as password3_4_1_, user1_.role as role4_4_1_ from quiz quiz0_ left outer join quiz_user user1_ on quiz0_.user_id=user1_.id where quiz0_.id=?
?[0m?[0;34mHibernate: select answers0_.quiz_id as quiz_id3_2_0_, answers0_.id as id1_2_0_, answers0_.id as id1_2_1_, answers0_.index as index2_2_1_ from quiz_answer answers0_ where answers0_.quiz_id=?
?[0m?[0;34mHibernate: insert into completed_quiz (id, completed_at, quiz_id, user_id) values (null, ?, ?, ?)
?[1;31m
Start test 73?[0m
?[0m?[0;34mHibernate: select user0_.id as id1_4_, user0_.email as email2_4_, user0_.password as password3_4_, user0_.role as role4_4_ from quiz_user user0_ where user0_.email=?
?[0m?[0;34mHibernate: select quiz0_.id as id1_1_0_, quiz0_.text as text2_1_0_, quiz0_.title as title3_1_0_, quiz0_.user_id as user_id4_1_0_, user1_.id as id1_4_1_, user1_.email as email2_4_1_, user1_.password as password3_4_1_, user1_.role as role4_4_1_ from quiz quiz0_ left outer join quiz_user user1_ on quiz0_.user_id=user1_.id where quiz0_.id=?
?[0m?[0;34mHibernate: select answers0_.quiz_id as quiz_id3_2_0_, answers0_.id as id1_2_0_, answers0_.id as id1_2_1_, answers0_.index as index2_2_1_ from quiz_answer answers0_ where answers0_.quiz_id=?
?[1;31m
Start test 74?[0m
?[0m?[0;34mHibernate: select user0_.id as id1_4_, user0_.email as email2_4_, user0_.password as password3_4_, user0_.role as role4_4_ from quiz_user user0_ where user0_.email=?
?[0m?[0;34mHibernate: select quiz0_.id as id1_1_0_, quiz0_.text as text2_1_0_, quiz0_.title as title3_1_0_, quiz0_.user_id as user_id4_1_0_, user1_.id as id1_4_1_, user1_.email as email2_4_1_, user1_.password as password3_4_1_, user1_.role as role4_4_1_ from quiz quiz0_ left outer join quiz_user user1_ on quiz0_.user_id=user1_.id where quiz0_.id=?
?[0m?[0;34mHibernate: select answers0_.quiz_id as quiz_id3_2_0_, answers0_.id as id1_2_0_, answers0_.id as id1_2_1_, answers0_.index as index2_2_1_ from quiz_answer answers0_ where answers0_.quiz_id=?
?[1;31m
Start test 75?[0m
?[0m?[0;34mHibernate: select user0_.id as id1_4_, user0_.email as email2_4_, user0_.password as password3_4_, user0_.role as role4_4_ from quiz_user user0_ where user0_.email=?
?[0m?[0;34mHibernate: select quiz0_.id as id1_1_0_, quiz0_.text as text2_1_0_, quiz0_.title as title3_1_0_, quiz0_.user_id as user_id4_1_0_, user1_.id as id1_4_1_, user1_.email as email2_4_1_, user1_.password as password3_4_1_, user1_.role as role4_4_1_ from quiz quiz0_ left outer join quiz_user user1_ on quiz0_.user_id=user1_.id where quiz0_.id=?
?[0m?[0;34mHibernate: select answers0_.quiz_id as quiz_id3_2_0_, answers0_.id as id1_2_0_, answers0_.id as id1_2_1_, answers0_.index as index2_2_1_ from quiz_answer answers0_ where answers0_.quiz_id=?
?[1;31m
Start test 76?[0m
?[0m?[0;34mHibernate: select user0_.id as id1_4_, user0_.email as email2_4_, user0_.password as password3_4_, user0_.role as role4_4_ from quiz_user user0_ where user0_.email=?
?[0m?[0;34mHibernate: select quiz0_.id as id1_1_0_, quiz0_.text as text2_1_0_, quiz0_.title as title3_1_0_, quiz0_.user_id as user_id4_1_0_, user1_.id as id1_4_1_, user1_.email as email2_4_1_, user1_.password as password3_4_1_, user1_.role as role4_4_1_ from quiz quiz0_ left outer join quiz_user user1_ on quiz0_.user_id=user1_.id where quiz0_.id=?
?[0m?[0;34mHibernate: select answers0_.quiz_id as quiz_id3_2_0_, answers0_.id as id1_2_0_, answers0_.id as id1_2_1_, answers0_.index as index2_2_1_ from quiz_answer answers0_ where answers0_.quiz_id=?
?[1;31m
Start test 77?[0m
?[0m?[0;34mHibernate: select user0_.id as id1_4_, user0_.email as email2_4_, user0_.password as password3_4_, user0_.role as role4_4_ from quiz_user user0_ where user0_.email=?
?[0m?[0;34mHibernate: select quiz0_.id as id1_1_0_, quiz0_.text as text2_1_0_, quiz0_.title as title3_1_0_, quiz0_.user_id as user_id4_1_0_, user1_.id as id1_4_1_, user1_.email as email2_4_1_, user1_.password as password3_4_1_, user1_.role as role4_4_1_ from quiz quiz0_ left outer join quiz_user user1_ on quiz0_.user_id=user1_.id where quiz0_.id=?
?[0m?[0;34mHibernate: select answers0_.quiz_id as quiz_id3_2_0_, answers0_.id as id1_2_0_, answers0_.id as id1_2_1_, answers0_.index as index2_2_1_ from quiz_answer answers0_ where answers0_.quiz_id=?
?[1;31m
Start test 78?[0m
?[0m?[0;34mHibernate: select user0_.id as id1_4_, user0_.email as email2_4_, user0_.password as password3_4_, user0_.role as role4_4_ from quiz_user user0_ where user0_.email=?
?[0m?[0;34mHibernate: select quiz0_.id as id1_1_0_, quiz0_.text as text2_1_0_, quiz0_.title as title3_1_0_, quiz0_.user_id as user_id4_1_0_, user1_.id as id1_4_1_, user1_.email as email2_4_1_, user1_.password as password3_4_1_, user1_.role as role4_4_1_ from quiz quiz0_ left outer join quiz_user user1_ on quiz0_.user_id=user1_.id where quiz0_.id=?
?[0m?[0;34mHibernate: select answers0_.quiz_id as quiz_id3_2_0_, answers0_.id as id1_2_0_, answers0_.id as id1_2_1_, answers0_.index as index2_2_1_ from quiz_answer answers0_ where answers0_.quiz_id=?
?[1;31m
Start test 79?[0m
?[0m?[0;34mHibernate: select user0_.id as id1_4_, user0_.email as email2_4_, user0_.password as password3_4_, user0_.role as role4_4_ from quiz_user user0_ where user0_.email=?
?[0m?[0;34mHibernate: select quiz0_.id as id1_1_0_, quiz0_.text as text2_1_0_, quiz0_.title as title3_1_0_, quiz0_.user_id as user_id4_1_0_, user1_.id as id1_4_1_, user1_.email as email2_4_1_, user1_.password as password3_4_1_, user1_.role as role4_4_1_ from quiz quiz0_ left outer join quiz_user user1_ on quiz0_.user_id=user1_.id where quiz0_.id=?
?[0m?[0;34mHibernate: select answers0_.quiz_id as quiz_id3_2_0_, answers0_.id as id1_2_0_, answers0_.id as id1_2_1_, answers0_.index as index2_2_1_ from quiz_answer answers0_ where answers0_.quiz_id=?
?[1;31m
Start test 80?[0m
?[0m?[0;34mHibernate: select user0_.id as id1_4_, user0_.email as email2_4_, user0_.password as password3_4_, user0_.role as role4_4_ from quiz_user user0_ where user0_.email=?
?[0m?[0;34mHibernate: select quiz0_.id as id1_1_0_, quiz0_.text as text2_1_0_, quiz0_.title as title3_1_0_, quiz0_.user_id as user_id4_1_0_, user1_.id as id1_4_1_, user1_.email as email2_4_1_, user1_.password as password3_4_1_, user1_.role as role4_4_1_ from quiz quiz0_ left outer join quiz_user user1_ on quiz0_.user_id=user1_.id where quiz0_.id=?
?[0m?[0;34mHibernate: select answers0_.quiz_id as quiz_id3_2_0_, answers0_.id as id1_2_0_, answers0_.id as id1_2_1_, answers0_.index as index2_2_1_ from quiz_answer answers0_ where answers0_.quiz_id=?
?[1;31m
Start test 81?[0m
?[0m?[0;34mHibernate: select user0_.id as id1_4_, user0_.email as email2_4_, user0_.password as password3_4_, user0_.role as role4_4_ from quiz_user user0_ where user0_.email=?
?[0m?[0;34mHibernate: select quiz0_.id as id1_1_0_, quiz0_.text as text2_1_0_, quiz0_.title as title3_1_0_, quiz0_.user_id as user_id4_1_0_, user1_.id as id1_4_1_, user1_.email as email2_4_1_, user1_.password as password3_4_1_, user1_.role as role4_4_1_ from quiz quiz0_ left outer join quiz_user user1_ on quiz0_.user_id=user1_.id where quiz0_.id=?
?[0m?[0;34mHibernate: select answers0_.quiz_id as quiz_id3_2_0_, answers0_.id as id1_2_0_, answers0_.id as id1_2_1_, answers0_.index as index2_2_1_ from quiz_answer answers0_ where answers0_.quiz_id=?
?[1;31m
Start test 82?[0m
?[0m?[0;34mHibernate: select user0_.id as id1_4_, user0_.email as email2_4_, user0_.password as password3_4_, user0_.role as role4_4_ from quiz_user user0_ where user0_.email=?
?[0m?[0;34mHibernate: insert into quiz (id, text, title, user_id) values (null, ?, ?, ?)
?[0m?[0;34mHibernate: insert into quiz_answer (id, index, quiz_id) values (null, ?, ?)
?[0m?[0;34mHibernate: insert into quiz_answer (id, index, quiz_id) values (null, ?, ?)
?[0m?[0;34mHibernate: insert into quiz_option (id, index, option, quiz_id) values (null, ?, ?, ?)
?[0m?[0;34mHibernate: insert into quiz_option (id, index, option, quiz_id) values (null, ?, ?, ?)
?[0m?[0;34mHibernate: insert into quiz_option (id, index, option, quiz_id) values (null, ?, ?, ?)
?[0m?[0;34mHibernate: insert into quiz_option (id, index, option, quiz_id) values (null, ?, ?, ?)
?[0m?[0;34mHibernate: update quiz_answer set quiz_id=? where id=?
?[0m?[0;34mHibernate: update quiz_answer set quiz_id=? where id=?
?[0m?[0;34mHibernate: update quiz_option set quiz_id=? where id=?
?[0m?[0;34mHibernate: update quiz_option set quiz_id=? where id=?
?[0m?[0;34mHibernate: update quiz_option set quiz_id=? where id=?
?[0m?[0;34mHibernate: update quiz_option set quiz_id=? where id=?
?[1;31m
Start test 83?[0m
?[0m?[0;34mHibernate: select user0_.id as id1_4_, user0_.email as email2_4_, user0_.password as password3_4_, user0_.role as role4_4_ from quiz_user user0_ where user0_.email=?
?[0m?[0;34mHibernate: select quiz0_.id as id1_1_0_, quiz0_.text as text2_1_0_, quiz0_.title as title3_1_0_, quiz0_.user_id as user_id4_1_0_, user1_.id as id1_4_1_, user1_.email as email2_4_1_, user1_.password as password3_4_1_, user1_.role as role4_4_1_ from quiz quiz0_ left outer join quiz_user user1_ on quiz0_.user_id=user1_.id where quiz0_.id=?
?[0m?[0;34mHibernate: select options0_.quiz_id as quiz_id4_3_0_, options0_.id as id1_3_0_, options0_.id as id1_3_1_, options0_.index as index2_3_1_, options0_.option as option3_3_1_ from quiz_option options0_ where options0_.quiz_id=?
?[1;31m
Start test 84?[0m
?[0m?[0;34mHibernate: select user0_.id as id1_4_, user0_.email as email2_4_, user0_.password as password3_4_, user0_.role as role4_4_ from quiz_user user0_ where user0_.email=?
?[0m?[0;34mHibernate: select quiz0_.id as id1_1_0_, quiz0_.text as text2_1_0_, quiz0_.title as title3_1_0_, quiz0_.user_id as user_id4_1_0_, user1_.id as id1_4_1_, user1_.email as email2_4_1_, user1_.password as password3_4_1_, user1_.role as role4_4_1_ from quiz quiz0_ left outer join quiz_user user1_ on quiz0_.user_id=user1_.id where quiz0_.id=?
?[1;31m
Start test 85?[0m
?[0m?[0;34mHibernate: select user0_.id as id1_4_, user0_.email as email2_4_, user0_.password as password3_4_, user0_.role as role4_4_ from quiz_user user0_ where user0_.email=?
?[0m?[0;34mHibernate: select quiz0_.id as id1_1_0_, quiz0_.text as text2_1_0_, quiz0_.title as title3_1_0_, quiz0_.user_id as user_id4_1_0_, user1_.id as id1_4_1_, user1_.email as email2_4_1_, user1_.password as password3_4_1_, user1_.role as role4_4_1_ from quiz quiz0_ left outer join quiz_user user1_ on quiz0_.user_id=user1_.id where quiz0_.id=?
?[0m?[0;34mHibernate: select answers0_.quiz_id as quiz_id3_2_0_, answers0_.id as id1_2_0_, answers0_.id as id1_2_1_, answers0_.index as index2_2_1_ from quiz_answer answers0_ where answers0_.quiz_id=?
?[1;31m
Start test 86?[0m
?[0m?[0;34mHibernate: select user0_.id as id1_4_, user0_.email as email2_4_, user0_.password as password3_4_, user0_.role as role4_4_ from quiz_user user0_ where user0_.email=?
?[0m?[0;34mHibernate: select quiz0_.id as id1_1_0_, quiz0_.text as text2_1_0_, quiz0_.title as title3_1_0_, quiz0_.user_id as user_id4_1_0_, user1_.id as id1_4_1_, user1_.email as email2_4_1_, user1_.password as password3_4_1_, user1_.role as role4_4_1_ from quiz quiz0_ left outer join quiz_user user1_ on quiz0_.user_id=user1_.id where quiz0_.id=?
?[0m?[0;34mHibernate: select answers0_.quiz_id as quiz_id3_2_0_, answers0_.id as id1_2_0_, answers0_.id as id1_2_1_, answers0_.index as index2_2_1_ from quiz_answer answers0_ where answers0_.quiz_id=?
?[1;31m
Start test 87?[0m
?[0m?[0;34mHibernate: select user0_.id as id1_4_, user0_.email as email2_4_, user0_.password as password3_4_, user0_.role as role4_4_ from quiz_user user0_ where user0_.email=?
?[0m?[0;34mHibernate: select quiz0_.id as id1_1_0_, quiz0_.text as text2_1_0_, quiz0_.title as title3_1_0_, quiz0_.user_id as user_id4_1_0_, user1_.id as id1_4_1_, user1_.email as email2_4_1_, user1_.password as password3_4_1_, user1_.role as role4_4_1_ from quiz quiz0_ left outer join quiz_user user1_ on quiz0_.user_id=user1_.id where quiz0_.id=?
?[0m?[0;34mHibernate: select answers0_.quiz_id as quiz_id3_2_0_, answers0_.id as id1_2_0_, answers0_.id as id1_2_1_, answers0_.index as index2_2_1_ from quiz_answer answers0_ where answers0_.quiz_id=?
?[1;31m
Start test 88?[0m
?[0m?[0;34mHibernate: select user0_.id as id1_4_, user0_.email as email2_4_, user0_.password as password3_4_, user0_.role as role4_4_ from quiz_user user0_ where user0_.email=?
?[0m?[0;34mHibernate: select quiz0_.id as id1_1_0_, quiz0_.text as text2_1_0_, quiz0_.title as title3_1_0_, quiz0_.user_id as user_id4_1_0_, user1_.id as id1_4_1_, user1_.email as email2_4_1_, user1_.password as password3_4_1_, user1_.role as role4_4_1_ from quiz quiz0_ left outer join quiz_user user1_ on quiz0_.user_id=user1_.id where quiz0_.id=?
?[0m?[0;34mHibernate: select answers0_.quiz_id as quiz_id3_2_0_, answers0_.id as id1_2_0_, answers0_.id as id1_2_1_, answers0_.index as index2_2_1_ from quiz_answer answers0_ where answers0_.quiz_id=?
?[1;31m
Start test 89?[0m
?[0m?[0;34mHibernate: select user0_.id as id1_4_, user0_.email as email2_4_, user0_.password as password3_4_, user0_.role as role4_4_ from quiz_user user0_ where user0_.email=?
?[0m?[0;34mHibernate: select quiz0_.id as id1_1_0_, quiz0_.text as text2_1_0_, quiz0_.title as title3_1_0_, quiz0_.user_id as user_id4_1_0_, user1_.id as id1_4_1_, user1_.email as email2_4_1_, user1_.password as password3_4_1_, user1_.role as role4_4_1_ from quiz quiz0_ left outer join quiz_user user1_ on quiz0_.user_id=user1_.id where quiz0_.id=?
?[0m?[0;34mHibernate: select answers0_.quiz_id as quiz_id3_2_0_, answers0_.id as id1_2_0_, answers0_.id as id1_2_1_, answers0_.index as index2_2_1_ from quiz_answer answers0_ where answers0_.quiz_id=?
?[1;31m
Start test 90?[0m
?[0m?[0;34mHibernate: select user0_.id as id1_4_, user0_.email as email2_4_, user0_.password as password3_4_, user0_.role as role4_4_ from quiz_user user0_ where user0_.email=?
?[0m?[0;34mHibernate: select quiz0_.id as id1_1_0_, quiz0_.text as text2_1_0_, quiz0_.title as title3_1_0_, quiz0_.user_id as user_id4_1_0_, user1_.id as id1_4_1_, user1_.email as email2_4_1_, user1_.password as password3_4_1_, user1_.role as role4_4_1_ from quiz quiz0_ left outer join quiz_user user1_ on quiz0_.user_id=user1_.id where quiz0_.id=?
?[0m?[0;34mHibernate: select answers0_.quiz_id as quiz_id3_2_0_, answers0_.id as id1_2_0_, answers0_.id as id1_2_1_, answers0_.index as index2_2_1_ from quiz_answer answers0_ where answers0_.quiz_id=?
?[1;31m
Start test 91?[0m
?[0m?[0;34mHibernate: select user0_.id as id1_4_, user0_.email as email2_4_, user0_.password as password3_4_, user0_.role as role4_4_ from quiz_user user0_ where user0_.email=?
?[0m?[0;34mHibernate: select quiz0_.id as id1_1_0_, quiz0_.text as text2_1_0_, quiz0_.title as title3_1_0_, quiz0_.user_id as user_id4_1_0_, user1_.id as id1_4_1_, user1_.email as email2_4_1_, user1_.password as password3_4_1_, user1_.role as role4_4_1_ from quiz quiz0_ left outer join quiz_user user1_ on quiz0_.user_id=user1_.id where quiz0_.id=?
?[0m?[0;34mHibernate: select answers0_.quiz_id as quiz_id3_2_0_, answers0_.id as id1_2_0_, answers0_.id as id1_2_1_, answers0_.index as index2_2_1_ from quiz_answer answers0_ where answers0_.quiz_id=?
?[1;31m
Start test 92?[0m
?[0m?[0;34mHibernate: select user0_.id as id1_4_, user0_.email as email2_4_, user0_.password as password3_4_, user0_.role as role4_4_ from quiz_user user0_ where user0_.email=?
?[0m?[0;34mHibernate: select quiz0_.id as id1_1_0_, quiz0_.text as text2_1_0_, quiz0_.title as title3_1_0_, quiz0_.user_id as user_id4_1_0_, user1_.id as id1_4_1_, user1_.email as email2_4_1_, user1_.password as password3_4_1_, user1_.role as role4_4_1_ from quiz quiz0_ left outer join quiz_user user1_ on quiz0_.user_id=user1_.id where quiz0_.id=?
?[0m?[0;34mHibernate: select answers0_.quiz_id as quiz_id3_2_0_, answers0_.id as id1_2_0_, answers0_.id as id1_2_1_, answers0_.index as index2_2_1_ from quiz_answer answers0_ where answers0_.quiz_id=?
?[1;31m
Start test 93?[0m
?[0m?[0;34mHibernate: select user0_.id as id1_4_, user0_.email as email2_4_, user0_.password as password3_4_, user0_.role as role4_4_ from quiz_user user0_ where user0_.email=?
?[0m?[0;34mHibernate: select quiz0_.id as id1_1_0_, quiz0_.text as text2_1_0_, quiz0_.title as title3_1_0_, quiz0_.user_id as user_id4_1_0_, user1_.id as id1_4_1_, user1_.email as email2_4_1_, user1_.password as password3_4_1_, user1_.role as role4_4_1_ from quiz quiz0_ left outer join quiz_user user1_ on quiz0_.user_id=user1_.id where quiz0_.id=?
?[0m?[0;34mHibernate: select answers0_.quiz_id as quiz_id3_2_0_, answers0_.id as id1_2_0_, answers0_.id as id1_2_1_, answers0_.index as index2_2_1_ from quiz_answer answers0_ where answers0_.quiz_id=?
?[1;31m
Start test 94?[0m
?[0m?[0;34mHibernate: select user0_.id as id1_4_, user0_.email as email2_4_, user0_.password as password3_4_, user0_.role as role4_4_ from quiz_user user0_ where user0_.email=?
?[0m?[0;34mHibernate: select quiz0_.id as id1_1_0_, quiz0_.text as text2_1_0_, quiz0_.title as title3_1_0_, quiz0_.user_id as user_id4_1_0_, user1_.id as id1_4_1_, user1_.email as email2_4_1_, user1_.password as password3_4_1_, user1_.role as role4_4_1_ from quiz quiz0_ left outer join quiz_user user1_ on quiz0_.user_id=user1_.id where quiz0_.id=?
?[0m?[0;34mHibernate: select answers0_.quiz_id as quiz_id3_2_0_, answers0_.id as id1_2_0_, answers0_.id as id1_2_1_, answers0_.index as index2_2_1_ from quiz_answer answers0_ where answers0_.quiz_id=?
?[0m?[0;34mHibernate: insert into completed_quiz (id, completed_at, quiz_id, user_id) values (null, ?, ?, ?)
?[1;31m
Start test 95?[0m
?[0m?[0;34mHibernate: select user0_.id as id1_4_, user0_.email as email2_4_, user0_.password as password3_4_, user0_.role as role4_4_ from quiz_user user0_ where user0_.email=?
?[0m?[0;34mHibernate: select quiz0_.id as id1_1_0_, quiz0_.text as text2_1_0_, quiz0_.title as title3_1_0_, quiz0_.user_id as user_id4_1_0_, user1_.id as id1_4_1_, user1_.email as email2_4_1_, user1_.password as password3_4_1_, user1_.role as role4_4_1_ from quiz quiz0_ left outer join quiz_user user1_ on quiz0_.user_id=user1_.id where quiz0_.id=?
?[0m?[0;34mHibernate: select answers0_.quiz_id as quiz_id3_2_0_, answers0_.id as id1_2_0_, answers0_.id as id1_2_1_, answers0_.index as index2_2_1_ from quiz_answer answers0_ where answers0_.quiz_id=?
?[1;31m
Start test 96?[0m
?[0m?[0;34mHibernate: select user0_.id as id1_4_, user0_.email as email2_4_, user0_.password as password3_4_, user0_.role as role4_4_ from quiz_user user0_ where user0_.email=?
?[0m?[0;34mHibernate: select quiz0_.id as id1_1_0_, quiz0_.text as text2_1_0_, quiz0_.title as title3_1_0_, quiz0_.user_id as user_id4_1_0_, user1_.id as id1_4_1_, user1_.email as email2_4_1_, user1_.password as password3_4_1_, user1_.role as role4_4_1_ from quiz quiz0_ left outer join quiz_user user1_ on quiz0_.user_id=user1_.id where quiz0_.id=?
?[0m?[0;34mHibernate: select answers0_.quiz_id as quiz_id3_2_0_, answers0_.id as id1_2_0_, answers0_.id as id1_2_1_, answers0_.index as index2_2_1_ from quiz_answer answers0_ where answers0_.quiz_id=?
?[1;31m
Start test 97?[0m
?[0m?[0;34mHibernate: select user0_.id as id1_4_, user0_.email as email2_4_, user0_.password as password3_4_, user0_.role as role4_4_ from quiz_user user0_ where user0_.email=?
?[0m?[0;34mHibernate: select quiz0_.id as id1_1_0_, quiz0_.text as text2_1_0_, quiz0_.title as title3_1_0_, quiz0_.user_id as user_id4_1_0_, user1_.id as id1_4_1_, user1_.email as email2_4_1_, user1_.password as password3_4_1_, user1_.role as role4_4_1_ from quiz quiz0_ left outer join quiz_user user1_ on quiz0_.user_id=user1_.id where quiz0_.id=?
?[0m?[0;34mHibernate: select answers0_.quiz_id as quiz_id3_2_0_, answers0_.id as id1_2_0_, answers0_.id as id1_2_1_, answers0_.index as index2_2_1_ from quiz_answer answers0_ where answers0_.quiz_id=?
?[1;31m
Start test 98?[0m
?[0m?[0;34mHibernate: select user0_.id as id1_4_, user0_.email as email2_4_, user0_.password as password3_4_, user0_.role as role4_4_ from quiz_user user0_ where user0_.email=?
?[0m?[0;34mHibernate: select quiz0_.id as id1_1_0_, quiz0_.text as text2_1_0_, quiz0_.title as title3_1_0_, quiz0_.user_id as user_id4_1_0_, user1_.id as id1_4_1_, user1_.email as email2_4_1_, user1_.password as password3_4_1_, user1_.role as role4_4_1_ from quiz quiz0_ left outer join quiz_user user1_ on quiz0_.user_id=user1_.id where quiz0_.id=?
?[0m?[0;34mHibernate: select answers0_.quiz_id as quiz_id3_2_0_, answers0_.id as id1_2_0_, answers0_.id as id1_2_1_, answers0_.index as index2_2_1_ from quiz_answer answers0_ where answers0_.quiz_id=?
?[1;31m
Start test 99?[0m
?[0m?[0;34mHibernate: select user0_.id as id1_4_, user0_.email as email2_4_, user0_.password as password3_4_, user0_.role as role4_4_ from quiz_user user0_ where user0_.email=?
?[0m?[0;34mHibernate: select quiz0_.id as id1_1_0_, quiz0_.text as text2_1_0_, quiz0_.title as title3_1_0_, quiz0_.user_id as user_id4_1_0_, user1_.id as id1_4_1_, user1_.email as email2_4_1_, user1_.password as password3_4_1_, user1_.role as role4_4_1_ from quiz quiz0_ left outer join quiz_user user1_ on quiz0_.user_id=user1_.id where quiz0_.id=?
?[0m?[0;34mHibernate: select answers0_.quiz_id as quiz_id3_2_0_, answers0_.id as id1_2_0_, answers0_.id as id1_2_1_, answers0_.index as index2_2_1_ from quiz_answer answers0_ where answers0_.quiz_id=?
?[1;31m
Start test 100?[0m
?[0m?[0;34mHibernate: select user0_.id as id1_4_, user0_.email as email2_4_, user0_.password as password3_4_, user0_.role as role4_4_ from quiz_user user0_ where user0_.email=?
?[0m?[0;34mHibernate: insert into quiz (id, text, title, user_id) values (null, ?, ?, ?)
?[0m?[0;34mHibernate: insert into quiz_option (id, index, option, quiz_id) values (null, ?, ?, ?)
?[0m?[0;34mHibernate: insert into quiz_option (id, index, option, quiz_id) values (null, ?, ?, ?)
?[0m?[0;34mHibernate: insert into quiz_option (id, index, option, quiz_id) values (null, ?, ?, ?)
?[0m?[0;34mHibernate: insert into quiz_option (id, index, option, quiz_id) values (null, ?, ?, ?)
?[0m?[0;34mHibernate: update quiz_option set quiz_id=? where id=?
?[0m?[0;34mHibernate: update quiz_option set quiz_id=? where id=?
?[0m?[0;34mHibernate: update quiz_option set quiz_id=? where id=?
?[0m?[0;34mHibernate: update quiz_option set quiz_id=? where id=?
?[1;31m
Start test 101?[0m
?[0m?[0;34mHibernate: select user0_.id as id1_4_, user0_.email as email2_4_, user0_.password as password3_4_, user0_.role as role4_4_ from quiz_user user0_ where user0_.email=?
?[0m?[0;34mHibernate: select quiz0_.id as id1_1_0_, quiz0_.text as text2_1_0_, quiz0_.title as title3_1_0_, quiz0_.user_id as user_id4_1_0_, user1_.id as id1_4_1_, user1_.email as email2_4_1_, user1_.password as password3_4_1_, user1_.role as role4_4_1_ from quiz quiz0_ left outer join quiz_user user1_ on quiz0_.user_id=user1_.id where quiz0_.id=?
?[0m?[0;34mHibernate: select options0_.quiz_id as quiz_id4_3_0_, options0_.id as id1_3_0_, options0_.id as id1_3_1_, options0_.index as index2_3_1_, options0_.option as option3_3_1_ from quiz_option options0_ where options0_.quiz_id=?
?[1;31m
Start test 102?[0m
?[0m?[0;34mHibernate: select user0_.id as id1_4_, user0_.email as email2_4_, user0_.password as password3_4_, user0_.role as role4_4_ from quiz_user user0_ where user0_.email=?
?[0m?[0;34mHibernate: select quiz0_.id as id1_1_0_, quiz0_.text as text2_1_0_, quiz0_.title as title3_1_0_, quiz0_.user_id as user_id4_1_0_, user1_.id as id1_4_1_, user1_.email as email2_4_1_, user1_.password as password3_4_1_, user1_.role as role4_4_1_ from quiz quiz0_ left outer join quiz_user user1_ on quiz0_.user_id=user1_.id where quiz0_.id=?
?[1;31m
Start test 103?[0m
?[0m?[0;34mHibernate: select user0_.id as id1_4_, user0_.email as email2_4_, user0_.password as password3_4_, user0_.role as role4_4_ from quiz_user user0_ where user0_.email=?
?[0m?[0;34mHibernate: select quiz0_.id as id1_1_0_, quiz0_.text as text2_1_0_, quiz0_.title as title3_1_0_, quiz0_.user_id as user_id4_1_0_, user1_.id as id1_4_1_, user1_.email as email2_4_1_, user1_.password as password3_4_1_, user1_.role as role4_4_1_ from quiz quiz0_ left outer join quiz_user user1_ on quiz0_.user_id=user1_.id where quiz0_.id=?
?[0m?[0;34mHibernate: select answers0_.quiz_id as quiz_id3_2_0_, answers0_.id as id1_2_0_, answers0_.id as id1_2_1_, answers0_.index as index2_2_1_ from quiz_answer answers0_ where answers0_.quiz_id=?
?[0m?[0;34mHibernate: insert into completed_quiz (id, completed_at, quiz_id, user_id) values (null, ?, ?, ?)
?[1;31m
Start test 104?[0m
?[0m?[0;34mHibernate: select user0_.id as id1_4_, user0_.email as email2_4_, user0_.password as password3_4_, user0_.role as role4_4_ from quiz_user user0_ where user0_.email=?
?[0m?[0;34mHibernate: select quiz0_.id as id1_1_0_, quiz0_.text as text2_1_0_, quiz0_.title as title3_1_0_, quiz0_.user_id as user_id4_1_0_, user1_.id as id1_4_1_, user1_.email as email2_4_1_, user1_.password as password3_4_1_, user1_.role as role4_4_1_ from quiz quiz0_ left outer join quiz_user user1_ on quiz0_.user_id=user1_.id where quiz0_.id=?
?[0m?[0;34mHibernate: select answers0_.quiz_id as quiz_id3_2_0_, answers0_.id as id1_2_0_, answers0_.id as id1_2_1_, answers0_.index as index2_2_1_ from quiz_answer answers0_ where answers0_.quiz_id=?
?[1;31m
Start test 105?[0m
?[0m?[0;34mHibernate: select user0_.id as id1_4_, user0_.email as email2_4_, user0_.password as password3_4_, user0_.role as role4_4_ from quiz_user user0_ where user0_.email=?
?[0m?[0;34mHibernate: select quiz0_.id as id1_1_0_, quiz0_.text as text2_1_0_, quiz0_.title as title3_1_0_, quiz0_.user_id as user_id4_1_0_, user1_.id as id1_4_1_, user1_.email as email2_4_1_, user1_.password as password3_4_1_, user1_.role as role4_4_1_ from quiz quiz0_ left outer join quiz_user user1_ on quiz0_.user_id=user1_.id where quiz0_.id=?
?[0m?[0;34mHibernate: select answers0_.quiz_id as quiz_id3_2_0_, answers0_.id as id1_2_0_, answers0_.id as id1_2_1_, answers0_.index as index2_2_1_ from quiz_answer answers0_ where answers0_.quiz_id=?
?[1;31m
Start test 106?[0m
?[0m?[0;34mHibernate: select user0_.id as id1_4_, user0_.email as email2_4_, user0_.password as password3_4_, user0_.role as role4_4_ from quiz_user user0_ where user0_.email=?
?[0m?[0;34mHibernate: select quiz0_.id as id1_1_0_, quiz0_.text as text2_1_0_, quiz0_.title as title3_1_0_, quiz0_.user_id as user_id4_1_0_, user1_.id as id1_4_1_, user1_.email as email2_4_1_, user1_.password as password3_4_1_, user1_.role as role4_4_1_ from quiz quiz0_ left outer join quiz_user user1_ on quiz0_.user_id=user1_.id where quiz0_.id=?
?[0m?[0;34mHibernate: select answers0_.quiz_id as quiz_id3_2_0_, answers0_.id as id1_2_0_, answers0_.id as id1_2_1_, answers0_.index as index2_2_1_ from quiz_answer answers0_ where answers0_.quiz_id=?
?[1;31m
Start test 107?[0m
?[0m?[0;34mHibernate: select user0_.id as id1_4_, user0_.email as email2_4_, user0_.password as password3_4_, user0_.role as role4_4_ from quiz_user user0_ where user0_.email=?
?[0m?[0;34mHibernate: select quiz0_.id as id1_1_0_, quiz0_.text as text2_1_0_, quiz0_.title as title3_1_0_, quiz0_.user_id as user_id4_1_0_, user1_.id as id1_4_1_, user1_.email as email2_4_1_, user1_.password as password3_4_1_, user1_.role as role4_4_1_ from quiz quiz0_ left outer join quiz_user user1_ on quiz0_.user_id=user1_.id where quiz0_.id=?
?[0m?[0;34mHibernate: select answers0_.quiz_id as quiz_id3_2_0_, answers0_.id as id1_2_0_, answers0_.id as id1_2_1_, answers0_.index as index2_2_1_ from quiz_answer answers0_ where answers0_.quiz_id=?
?[1;31m
Start test 108?[0m
?[0m?[0;34mHibernate: select user0_.id as id1_4_, user0_.email as email2_4_, user0_.password as password3_4_, user0_.role as role4_4_ from quiz_user user0_ where user0_.email=?
?[0m?[0;34mHibernate: select quiz0_.id as id1_1_0_, quiz0_.text as text2_1_0_, quiz0_.title as title3_1_0_, quiz0_.user_id as user_id4_1_0_, user1_.id as id1_4_1_, user1_.email as email2_4_1_, user1_.password as password3_4_1_, user1_.role as role4_4_1_ from quiz quiz0_ left outer join quiz_user user1_ on quiz0_.user_id=user1_.id where quiz0_.id=?
?[0m?[0;34mHibernate: select answers0_.quiz_id as quiz_id3_2_0_, answers0_.id as id1_2_0_, answers0_.id as id1_2_1_, answers0_.index as index2_2_1_ from quiz_answer answers0_ where answers0_.quiz_id=?
?[1;31m
Start test 109?[0m
?[0;34mHibernate: select user0_.id as id1_4_, user0_.email as email2_4_, user0_.password as password3_4_, user0_.role as role4_4_ from quiz_user user0_ where user0_.email=?
?[0m?[0;34mHibernate: select quiz0_.id as id1_1_0_, quiz0_.text as text2_1_0_, quiz0_.title as title3_1_0_, quiz0_.user_id as user_id4_1_0_, user1_.id as id1_4_1_, user1_.email as email2_4_1_, user1_.password as password3_4_1_, user1_.role as role4_4_1_ from quiz quiz0_ left outer join quiz_user user1_ on quiz0_.user_id=user1_.id where quiz0_.id=?
?[0m?[0;34mHibernate: select answers0_.quiz_id as quiz_id3_2_0_, answers0_.id as id1_2_0_, answers0_.id as id1_2_1_, answers0_.index as index2_2_1_ from quiz_answer answers0_ where answers0_.quiz_id=?
?[1;31m
Start test 110?[0m
?[0;34mHibernate: select user0_.id as id1_4_, user0_.email as email2_4_, user0_.password as password3_4_, user0_.role as role4_4_ from quiz_user user0_ where user0_.email=?
?[0m?[0;34mHibernate: select quiz0_.id as id1_1_0_, quiz0_.text as text2_1_0_, quiz0_.title as title3_1_0_, quiz0_.user_id as user_id4_1_0_, user1_.id as id1_4_1_, user1_.email as email2_4_1_, user1_.password as password3_4_1_, user1_.role as role4_4_1_ from quiz quiz0_ left outer join quiz_user user1_ on quiz0_.user_id=user1_.id where quiz0_.id=?
?[0m?[0;34mHibernate: select answers0_.quiz_id as quiz_id3_2_0_, answers0_.id as id1_2_0_, answers0_.id as id1_2_1_, answers0_.index as index2_2_1_ from quiz_answer answers0_ where answers0_.quiz_id=?
?[1;31m
Start test 111?[0m
?[0;34mHibernate: select user0_.id as id1_4_, user0_.email as email2_4_, user0_.password as password3_4_, user0_.role as role4_4_ from quiz_user user0_ where user0_.email=?
?[0m?[0;34mHibernate: select quiz0_.id as id1_1_0_, quiz0_.text as text2_1_0_, quiz0_.title as title3_1_0_, quiz0_.user_id as user_id4_1_0_, user1_.id as id1_4_1_, user1_.email as email2_4_1_, user1_.password as password3_4_1_, user1_.role as role4_4_1_ from quiz quiz0_ left outer join quiz_user user1_ on quiz0_.user_id=user1_.id where quiz0_.id=?
?[0m?[0;34mHibernate: select answers0_.quiz_id as quiz_id3_2_0_, answers0_.id as id1_2_0_, answers0_.id as id1_2_1_, answers0_.index as index2_2_1_ from quiz_answer answers0_ where answers0_.quiz_id=?
?[1;31m
Start test 112?[0m
?[0m?[0;34mHibernate: select user0_.id as id1_4_, user0_.email as email2_4_, user0_.password as password3_4_, user0_.role as role4_4_ from quiz_user user0_ where user0_.email=?
?[0m?[0;34mHibernate: select quiz0_.id as id1_1_0_, quiz0_.text as text2_1_0_, quiz0_.title as title3_1_0_, quiz0_.user_id as user_id4_1_0_, user1_.id as id1_4_1_, user1_.email as email2_4_1_, user1_.password as password3_4_1_, user1_.role as role4_4_1_ from quiz quiz0_ left outer join quiz_user user1_ on quiz0_.user_id=user1_.id where quiz0_.id=?
?[0m?[0;34mHibernate: select answers0_.quiz_id as quiz_id3_2_0_, answers0_.id as id1_2_0_, answers0_.id as id1_2_1_, answers0_.index as index2_2_1_ from quiz_answer answers0_ where answers0_.quiz_id=?
?[1;31m
Start test 113?[0m
?[0m?[0;34mHibernate: select user0_.id as id1_4_, user0_.email as email2_4_, user0_.password as password3_4_, user0_.role as role4_4_ from quiz_user user0_ where user0_.email=?
?[0m?[0;34mHibernate: select quiz0_.id as id1_1_0_, quiz0_.text as text2_1_0_, quiz0_.title as title3_1_0_, quiz0_.user_id as user_id4_1_0_, user1_.id as id1_4_1_, user1_.email as email2_4_1_, user1_.password as password3_4_1_, user1_.role as role4_4_1_ from quiz quiz0_ left outer join quiz_user user1_ on quiz0_.user_id=user1_.id where quiz0_.id=?
?[0m?[0;34mHibernate: select answers0_.quiz_id as quiz_id3_2_0_, answers0_.id as id1_2_0_, answers0_.id as id1_2_1_, answers0_.index as index2_2_1_ from quiz_answer answers0_ where answers0_.quiz_id=?
?[1;31m
Start test 114?[0m
?[0m?[0;34mHibernate: select user0_.id as id1_4_, user0_.email as email2_4_, user0_.password as password3_4_, user0_.role as role4_4_ from quiz_user user0_ where user0_.email=?
?[0m?[0;34mHibernate: select quiz0_.id as id1_1_0_, quiz0_.text as text2_1_0_, quiz0_.title as title3_1_0_, quiz0_.user_id as user_id4_1_0_, user1_.id as id1_4_1_, user1_.email as email2_4_1_, user1_.password as password3_4_1_, user1_.role as role4_4_1_ from quiz quiz0_ left outer join quiz_user user1_ on quiz0_.user_id=user1_.id where quiz0_.id=?
?[0m?[0;34mHibernate: select answers0_.quiz_id as quiz_id3_2_0_, answers0_.id as id1_2_0_, answers0_.id as id1_2_1_, answers0_.index as index2_2_1_ from quiz_answer answers0_ where answers0_.quiz_id=?
?[1;31m
Start test 115?[0m
?[0m?[0;34mHibernate: select user0_.id as id1_4_, user0_.email as email2_4_, user0_.password as password3_4_, user0_.role as role4_4_ from quiz_user user0_ where user0_.email=?
?[0m?[0;34mHibernate: select quiz0_.id as id1_1_0_, quiz0_.text as text2_1_0_, quiz0_.title as title3_1_0_, quiz0_.user_id as user_id4_1_0_, user1_.id as id1_4_1_, user1_.email as email2_4_1_, user1_.password as password3_4_1_, user1_.role as role4_4_1_ from quiz quiz0_ left outer join quiz_user user1_ on quiz0_.user_id=user1_.id where quiz0_.id=?
?[0m?[0;34mHibernate: select answers0_.quiz_id as quiz_id3_2_0_, answers0_.id as id1_2_0_, answers0_.id as id1_2_1_, answers0_.index as index2_2_1_ from quiz_answer answers0_ where answers0_.quiz_id=?
?[1;31m
Start test 116?[0m
?[0m?[0;34mHibernate: select user0_.id as id1_4_, user0_.email as email2_4_, user0_.password as password3_4_, user0_.role as role4_4_ from quiz_user user0_ where user0_.email=?
?[0m?[0;34mHibernate: select quiz0_.id as id1_1_0_, quiz0_.text as text2_1_0_, quiz0_.title as title3_1_0_, quiz0_.user_id as user_id4_1_0_, user1_.id as id1_4_1_, user1_.email as email2_4_1_, user1_.password as password3_4_1_, user1_.role as role4_4_1_ from quiz quiz0_ left outer join quiz_user user1_ on quiz0_.user_id=user1_.id where quiz0_.id=?
?[0m?[0;34mHibernate: select answers0_.quiz_id as quiz_id3_2_0_, answers0_.id as id1_2_0_, answers0_.id as id1_2_1_, answers0_.index as index2_2_1_ from quiz_answer answers0_ where answers0_.quiz_id=?
?[1;31m
Start test 117?[0m
?[0m?[0;34mHibernate: select user0_.id as id1_4_, user0_.email as email2_4_, user0_.password as password3_4_, user0_.role as role4_4_ from quiz_user user0_ where user0_.email=?
?[0m?[0;34mHibernate: select quiz0_.id as id1_1_0_, quiz0_.text as text2_1_0_, quiz0_.title as title3_1_0_, quiz0_.user_id as user_id4_1_0_, user1_.id as id1_4_1_, user1_.email as email2_4_1_, user1_.password as password3_4_1_, user1_.role as role4_4_1_ from quiz quiz0_ left outer join quiz_user user1_ on quiz0_.user_id=user1_.id where quiz0_.id=?
?[0m?[0;34mHibernate: select answers0_.quiz_id as quiz_id3_2_0_, answers0_.id as id1_2_0_, answers0_.id as id1_2_1_, answers0_.index as index2_2_1_ from quiz_answer answers0_ where answers0_.quiz_id=?
?[1;31m
Start test 118?[0m
?[0m?[0;34mHibernate: select user0_.id as id1_4_, user0_.email as email2_4_, user0_.password as password3_4_, user0_.role as role4_4_ from quiz_user user0_ where user0_.email=?
?[0m?[0;34mHibernate: insert into quiz (id, text, title, user_id) values (null, ?, ?, ?)
?[0m?[0;34mHibernate: insert into quiz_option (id, index, option, quiz_id) values (null, ?, ?, ?)
?[0m?[0;34mHibernate: insert into quiz_option (id, index, option, quiz_id) values (null, ?, ?, ?)
?[0m?[0;34mHibernate: insert into quiz_option (id, index, option, quiz_id) values (null, ?, ?, ?)
?[0m?[0;34mHibernate: insert into quiz_option (id, index, option, quiz_id) values (null, ?, ?, ?)
?[0m?[0;34mHibernate: update quiz_option set quiz_id=? where id=?
?[0m?[0;34mHibernate: update quiz_option set quiz_id=? where id=?
?[0m?[0;34mHibernate: update quiz_option set quiz_id=? where id=?
?[0m?[0;34mHibernate: update quiz_option set quiz_id=? where id=?
?[1;31m
Start test 119?[0m
?[0m?[0;34mHibernate: select user0_.id as id1_4_, user0_.email as email2_4_, user0_.password as password3_4_, user0_.role as role4_4_ from quiz_user user0_ where user0_.email=?
?[0m?[0;34mHibernate: select quiz0_.id as id1_1_0_, quiz0_.text as text2_1_0_, quiz0_.title as title3_1_0_, quiz0_.user_id as user_id4_1_0_, user1_.id as id1_4_1_, user1_.email as email2_4_1_, user1_.password as password3_4_1_, user1_.role as role4_4_1_ from quiz quiz0_ left outer join quiz_user user1_ on quiz0_.user_id=user1_.id where quiz0_.id=?
?[0m?[0;34mHibernate: select options0_.quiz_id as quiz_id4_3_0_, options0_.id as id1_3_0_, options0_.id as id1_3_1_, options0_.index as index2_3_1_, options0_.option as option3_3_1_ from quiz_option options0_ where options0_.quiz_id=?
?[1;31m
Start test 120?[0m
?[0m?[0;34mHibernate: select user0_.id as id1_4_, user0_.email as email2_4_, user0_.password as password3_4_, user0_.role as role4_4_ from quiz_user user0_ where user0_.email=?
?[0m?[0;34mHibernate: select quiz0_.id as id1_1_0_, quiz0_.text as text2_1_0_, quiz0_.title as title3_1_0_, quiz0_.user_id as user_id4_1_0_, user1_.id as id1_4_1_, user1_.email as email2_4_1_, user1_.password as password3_4_1_, user1_.role as role4_4_1_ from quiz quiz0_ left outer join quiz_user user1_ on quiz0_.user_id=user1_.id where quiz0_.id=?
?[1;31m
Start test 121?[0m
?[0m?[0;34mHibernate: select user0_.id as id1_4_, user0_.email as email2_4_, user0_.password as password3_4_, user0_.role as role4_4_ from quiz_user user0_ where user0_.email=?
?[0m?[0;34mHibernate: select quiz0_.id as id1_1_0_, quiz0_.text as text2_1_0_, quiz0_.title as title3_1_0_, quiz0_.user_id as user_id4_1_0_, user1_.id as id1_4_1_, user1_.email as email2_4_1_, user1_.password as password3_4_1_, user1_.role as role4_4_1_ from quiz quiz0_ left outer join quiz_user user1_ on quiz0_.user_id=user1_.id where quiz0_.id=?
?[0m?[0;34mHibernate: select answers0_.quiz_id as quiz_id3_2_0_, answers0_.id as id1_2_0_, answers0_.id as id1_2_1_, answers0_.index as index2_2_1_ from quiz_answer answers0_ where answers0_.quiz_id=?
?[0m?[0;34mHibernate: insert into completed_quiz (id, completed_at, quiz_id, user_id) values (null, ?, ?, ?)
?[1;31m
Start test 122?[0m
?[0m?[0;34mHibernate: select user0_.id as id1_4_, user0_.email as email2_4_, user0_.password as password3_4_, user0_.role as role4_4_ from quiz_user user0_ where user0_.email=?
?[0m?[0;34mHibernate: select quiz0_.id as id1_1_0_, quiz0_.text as text2_1_0_, quiz0_.title as title3_1_0_, quiz0_.user_id as user_id4_1_0_, user1_.id as id1_4_1_, user1_.email as email2_4_1_, user1_.password as password3_4_1_, user1_.role as role4_4_1_ from quiz quiz0_ left outer join quiz_user user1_ on quiz0_.user_id=user1_.id where quiz0_.id=?
?[0m?[0;34mHibernate: select answers0_.quiz_id as quiz_id3_2_0_, answers0_.id as id1_2_0_, answers0_.id as id1_2_1_, answers0_.index as index2_2_1_ from quiz_answer answers0_ where answers0_.quiz_id=?
?[1;31m
Start test 123?[0m
?[0m?[0;34mHibernate: select user0_.id as id1_4_, user0_.email as email2_4_, user0_.password as password3_4_, user0_.role as role4_4_ from quiz_user user0_ where user0_.email=?
?[0m?[0;34mHibernate: select quiz0_.id as id1_1_0_, quiz0_.text as text2_1_0_, quiz0_.title as title3_1_0_, quiz0_.user_id as user_id4_1_0_, user1_.id as id1_4_1_, user1_.email as email2_4_1_, user1_.password as password3_4_1_, user1_.role as role4_4_1_ from quiz quiz0_ left outer join quiz_user user1_ on quiz0_.user_id=user1_.id where quiz0_.id=?
?[0m?[0;34mHibernate: select answers0_.quiz_id as quiz_id3_2_0_, answers0_.id as id1_2_0_, answers0_.id as id1_2_1_, answers0_.index as index2_2_1_ from quiz_answer answers0_ where answers0_.quiz_id=?
?[1;31m
Start test 124?[0m
?[0m?[0;34mHibernate: select user0_.id as id1_4_, user0_.email as email2_4_, user0_.password as password3_4_, user0_.role as role4_4_ from quiz_user user0_ where user0_.email=?
?[0m?[0;34mHibernate: select quiz0_.id as id1_1_0_, quiz0_.text as text2_1_0_, quiz0_.title as title3_1_0_, quiz0_.user_id as user_id4_1_0_, user1_.id as id1_4_1_, user1_.email as email2_4_1_, user1_.password as password3_4_1_, user1_.role as role4_4_1_ from quiz quiz0_ left outer join quiz_user user1_ on quiz0_.user_id=user1_.id where quiz0_.id=?
?[0m?[0;34mHibernate: select answers0_.quiz_id as quiz_id3_2_0_, answers0_.id as id1_2_0_, answers0_.id as id1_2_1_, answers0_.index as index2_2_1_ from quiz_answer answers0_ where answers0_.quiz_id=?
?[1;31m
Start test 125?[0m
?[0m?[0;34mHibernate: select user0_.id as id1_4_, user0_.email as email2_4_, user0_.password as password3_4_, user0_.role as role4_4_ from quiz_user user0_ where user0_.email=?
?[0m?[0;34mHibernate: select quiz0_.id as id1_1_0_, quiz0_.text as text2_1_0_, quiz0_.title as title3_1_0_, quiz0_.user_id as user_id4_1_0_, user1_.id as id1_4_1_, user1_.email as email2_4_1_, user1_.password as password3_4_1_, user1_.role as role4_4_1_ from quiz quiz0_ left outer join quiz_user user1_ on quiz0_.user_id=user1_.id where quiz0_.id=?
?[0m?[0;34mHibernate: select answers0_.quiz_id as quiz_id3_2_0_, answers0_.id as id1_2_0_, answers0_.id as id1_2_1_, answers0_.index as index2_2_1_ from quiz_answer answers0_ where answers0_.quiz_id=?
?[1;31m
Start test 126?[0m
?[0m?[0;34mHibernate: select user0_.id as id1_4_, user0_.email as email2_4_, user0_.password as password3_4_, user0_.role as role4_4_ from quiz_user user0_ where user0_.email=?
?[0m?[0;34mHibernate: select quiz0_.id as id1_1_0_, quiz0_.text as text2_1_0_, quiz0_.title as title3_1_0_, quiz0_.user_id as user_id4_1_0_, user1_.id as id1_4_1_, user1_.email as email2_4_1_, user1_.password as password3_4_1_, user1_.role as role4_4_1_ from quiz quiz0_ left outer join quiz_user user1_ on quiz0_.user_id=user1_.id where quiz0_.id=?
?[0m?[0;34mHibernate: select answers0_.quiz_id as quiz_id3_2_0_, answers0_.id as id1_2_0_, answers0_.id as id1_2_1_, answers0_.index as index2_2_1_ from quiz_answer answers0_ where answers0_.quiz_id=?
?[1;31m
Start test 127?[0m
?[0m?[0;34mHibernate: select user0_.id as id1_4_, user0_.email as email2_4_, user0_.password as password3_4_, user0_.role as role4_4_ from quiz_user user0_ where user0_.email=?
?[0m?[0;34mHibernate: select quiz0_.id as id1_1_0_, quiz0_.text as text2_1_0_, quiz0_.title as title3_1_0_, quiz0_.user_id as user_id4_1_0_, user1_.id as id1_4_1_, user1_.email as email2_4_1_, user1_.password as password3_4_1_, user1_.role as role4_4_1_ from quiz quiz0_ left outer join quiz_user user1_ on quiz0_.user_id=user1_.id where quiz0_.id=?
?[0m?[0;34mHibernate: select answers0_.quiz_id as quiz_id3_2_0_, answers0_.id as id1_2_0_, answers0_.id as id1_2_1_, answers0_.index as index2_2_1_ from quiz_answer answers0_ where answers0_.quiz_id=?
?[1;31m
Start test 128?[0m
?[0m?[0;34mHibernate: select user0_.id as id1_4_, user0_.email as email2_4_, user0_.password as password3_4_, user0_.role as role4_4_ from quiz_user user0_ where user0_.email=?
?[0m?[0;34mHibernate: select quiz0_.id as id1_1_0_, quiz0_.text as text2_1_0_, quiz0_.title as title3_1_0_, quiz0_.user_id as user_id4_1_0_, user1_.id as id1_4_1_, user1_.email as email2_4_1_, user1_.password as password3_4_1_, user1_.role as role4_4_1_ from quiz quiz0_ left outer join quiz_user user1_ on quiz0_.user_id=user1_.id where quiz0_.id=?
?[0m?[0;34mHibernate: select answers0_.quiz_id as quiz_id3_2_0_, answers0_.id as id1_2_0_, answers0_.id as id1_2_1_, answers0_.index as index2_2_1_ from quiz_answer answers0_ where answers0_.quiz_id=?
?[1;31m
Start test 129?[0m
?[0m?[0;34mHibernate: select user0_.id as id1_4_, user0_.email as email2_4_, user0_.password as password3_4_, user0_.role as role4_4_ from quiz_user user0_ where user0_.email=?
?[0m?[0;34mHibernate: select quiz0_.id as id1_1_0_, quiz0_.text as text2_1_0_, quiz0_.title as title3_1_0_, quiz0_.user_id as user_id4_1_0_, user1_.id as id1_4_1_, user1_.email as email2_4_1_, user1_.password as password3_4_1_, user1_.role as role4_4_1_ from quiz quiz0_ left outer join quiz_user user1_ on quiz0_.user_id=user1_.id where quiz0_.id=?
?[0m?[0;34mHibernate: select answers0_.quiz_id as quiz_id3_2_0_, answers0_.id as id1_2_0_, answers0_.id as id1_2_1_, answers0_.index as index2_2_1_ from quiz_answer answers0_ where answers0_.quiz_id=?
?[1;31m
Start test 130?[0m
?[0m?[0;34mHibernate: select user0_.id as id1_4_, user0_.email as email2_4_, user0_.password as password3_4_, user0_.role as role4_4_ from quiz_user user0_ where user0_.email=?
?[0m?[0;34mHibernate: select quiz0_.id as id1_1_0_, quiz0_.text as text2_1_0_, quiz0_.title as title3_1_0_, quiz0_.user_id as user_id4_1_0_, user1_.id as id1_4_1_, user1_.email as email2_4_1_, user1_.password as password3_4_1_, user1_.role as role4_4_1_ from quiz quiz0_ left outer join quiz_user user1_ on quiz0_.user_id=user1_.id where quiz0_.id=?
?[0m?[0;34mHibernate: select answers0_.quiz_id as quiz_id3_2_0_, answers0_.id as id1_2_0_, answers0_.id as id1_2_1_, answers0_.index as index2_2_1_ from quiz_answer answers0_ where answers0_.quiz_id=?
?[1;31m
Start test 131?[0m
?[0m?[0;34mHibernate: select user0_.id as id1_4_, user0_.email as email2_4_, user0_.password as password3_4_, user0_.role as role4_4_ from quiz_user user0_ where user0_.email=?
?[0m?[0;34mHibernate: select quiz0_.id as id1_1_0_, quiz0_.text as text2_1_0_, quiz0_.title as title3_1_0_, quiz0_.user_id as user_id4_1_0_, user1_.id as id1_4_1_, user1_.email as email2_4_1_, user1_.password as password3_4_1_, user1_.role as role4_4_1_ from quiz quiz0_ left outer join quiz_user user1_ on quiz0_.user_id=user1_.id where quiz0_.id=?
?[0m?[0;34mHibernate: select answers0_.quiz_id as quiz_id3_2_0_, answers0_.id as id1_2_0_, answers0_.id as id1_2_1_, answers0_.index as index2_2_1_ from quiz_answer answers0_ where answers0_.quiz_id=?
?[1;31m
Start test 132?[0m
?[0m?[0;34mHibernate: select user0_.id as id1_4_, user0_.email as email2_4_, user0_.password as password3_4_, user0_.role as role4_4_ from quiz_user user0_ where user0_.email=?
?[0m?[0;34mHibernate: select quiz0_.id as id1_1_0_, quiz0_.text as text2_1_0_, quiz0_.title as title3_1_0_, quiz0_.user_id as user_id4_1_0_, user1_.id as id1_4_1_, user1_.email as email2_4_1_, user1_.password as password3_4_1_, user1_.role as role4_4_1_ from quiz quiz0_ left outer join quiz_user user1_ on quiz0_.user_id=user1_.id where quiz0_.id=?
?[0m?[0;34mHibernate: select answers0_.quiz_id as quiz_id3_2_0_, answers0_.id as id1_2_0_, answers0_.id as id1_2_1_, answers0_.index as index2_2_1_ from quiz_answer answers0_ where answers0_.quiz_id=?
?[1;31m
Start test 133?[0m
?[0m?[0;34mHibernate: select user0_.id as id1_4_, user0_.email as email2_4_, user0_.password as password3_4_, user0_.role as role4_4_ from quiz_user user0_ where user0_.email=?
?[0m?[0;34mHibernate: select quiz0_.id as id1_1_0_, quiz0_.text as text2_1_0_, quiz0_.title as title3_1_0_, quiz0_.user_id as user_id4_1_0_, user1_.id as id1_4_1_, user1_.email as email2_4_1_, user1_.password as password3_4_1_, user1_.role as role4_4_1_ from quiz quiz0_ left outer join quiz_user user1_ on quiz0_.user_id=user1_.id where quiz0_.id=?
?[0m?[0;34mHibernate: select answers0_.quiz_id as quiz_id3_2_0_, answers0_.id as id1_2_0_, answers0_.id as id1_2_1_, answers0_.index as index2_2_1_ from quiz_answer answers0_ where answers0_.quiz_id=?
?[1;31m
Start test 134?[0m
?[0m?[0;34mHibernate: select user0_.id as id1_4_, user0_.email as email2_4_, user0_.password as password3_4_, user0_.role as role4_4_ from quiz_user user0_ where user0_.email=?
?[0m?[0;34mHibernate: select quiz0_.id as id1_1_0_, quiz0_.text as text2_1_0_, quiz0_.title as title3_1_0_, quiz0_.user_id as user_id4_1_0_, user1_.id as id1_4_1_, user1_.email as email2_4_1_, user1_.password as password3_4_1_, user1_.role as role4_4_1_ from quiz quiz0_ left outer join quiz_user user1_ on quiz0_.user_id=user1_.id where quiz0_.id=?
?[0m?[0;34mHibernate: select answers0_.quiz_id as quiz_id3_2_0_, answers0_.id as id1_2_0_, answers0_.id as id1_2_1_, answers0_.index as index2_2_1_ from quiz_answer answers0_ where answers0_.quiz_id=?
?[1;31m
Start test 135?[0m
?[0m?[0;34mHibernate: select user0_.id as id1_4_, user0_.email as email2_4_, user0_.password as password3_4_, user0_.role as role4_4_ from quiz_user user0_ where user0_.email=?
?[0m?[0;34mHibernate: select quiz0_.id as id1_1_0_, quiz0_.text as text2_1_0_, quiz0_.title as title3_1_0_, quiz0_.user_id as user_id4_1_0_, user1_.id as id1_4_1_, user1_.email as email2_4_1_, user1_.password as password3_4_1_, user1_.role as role4_4_1_ from quiz quiz0_ left outer join quiz_user user1_ on quiz0_.user_id=user1_.id where quiz0_.id=?
?[0m?[0;34mHibernate: select answers0_.quiz_id as quiz_id3_2_0_, answers0_.id as id1_2_0_, answers0_.id as id1_2_1_, answers0_.index as index2_2_1_ from quiz_answer answers0_ where answers0_.quiz_id=?
?[1;31m
Start test 136?[0m
?[0m?[0;34mHibernate: select user0_.id as id1_4_, user0_.email as email2_4_, user0_.password as password3_4_, user0_.role as role4_4_ from quiz_user user0_ where user0_.email=?
?[0m?[0;34mHibernate: insert into quiz (id, text, title, user_id) values (null, ?, ?, ?)
?[0m?[0;34mHibernate: insert into quiz_answer (id, index, quiz_id) values (null, ?, ?)
?[0m?[0;34mHibernate: insert into quiz_answer (id, index, quiz_id) values (null, ?, ?)
?[0m?[0;34mHibernate: insert into quiz_answer (id, index, quiz_id) values (null, ?, ?)
?[0m?[0;34mHibernate: insert into quiz_option (id, index, option, quiz_id) values (null, ?, ?, ?)
?[0m?[0;34mHibernate: insert into quiz_option (id, index, option, quiz_id) values (null, ?, ?, ?)
?[0m?[0;34mHibernate: insert into quiz_option (id, index, option, quiz_id) values (null, ?, ?, ?)
?[0m?[0;34mHibernate: insert into quiz_option (id, index, option, quiz_id) values (null, ?, ?, ?)
?[0m?[0;34mHibernate: update quiz_answer set quiz_id=? where id=?
?[0m?[0;34mHibernate: update quiz_answer set quiz_id=? where id=?
?[0m?[0;34mHibernate: update quiz_answer set quiz_id=? where id=?
?[0m?[0;34mHibernate: update quiz_option set quiz_id=? where id=?
?[0m?[0;34mHibernate: update quiz_option set quiz_id=? where id=?
?[0m?[0;34mHibernate: update quiz_option set quiz_id=? where id=?
?[0m?[0;34mHibernate: update quiz_option set quiz_id=? where id=?
?[1;31m
Start test 137?[0m
?[0m?[0;34mHibernate: select user0_.id as id1_4_, user0_.email as email2_4_, user0_.password as password3_4_, user0_.role as role4_4_ from quiz_user user0_ where user0_.email=?
?[0m?[0;34mHibernate: select quiz0_.id as id1_1_0_, quiz0_.text as text2_1_0_, quiz0_.title as title3_1_0_, quiz0_.user_id as user_id4_1_0_, user1_.id as id1_4_1_, user1_.email as email2_4_1_, user1_.password as password3_4_1_, user1_.role as role4_4_1_ from quiz quiz0_ left outer join quiz_user user1_ on quiz0_.user_id=user1_.id where quiz0_.id=?
?[0m?[0;34mHibernate: select options0_.quiz_id as quiz_id4_3_0_, options0_.id as id1_3_0_, options0_.id as id1_3_1_, options0_.index as index2_3_1_, options0_.option as option3_3_1_ from quiz_option options0_ where options0_.quiz_id=?
?[1;31m
Start test 138?[0m
?[0m?[0;34mHibernate: select user0_.id as id1_4_, user0_.email as email2_4_, user0_.password as password3_4_, user0_.role as role4_4_ from quiz_user user0_ where user0_.email=?
?[0m?[0;34mHibernate: select quiz0_.id as id1_1_0_, quiz0_.text as text2_1_0_, quiz0_.title as title3_1_0_, quiz0_.user_id as user_id4_1_0_, user1_.id as id1_4_1_, user1_.email as email2_4_1_, user1_.password as password3_4_1_, user1_.role as role4_4_1_ from quiz quiz0_ left outer join quiz_user user1_ on quiz0_.user_id=user1_.id where quiz0_.id=?
?[1;31m
Start test 139?[0m
?[0m?[0;34mHibernate: select user0_.id as id1_4_, user0_.email as email2_4_, user0_.password as password3_4_, user0_.role as role4_4_ from quiz_user user0_ where user0_.email=?
?[0m?[0;34mHibernate: select quiz0_.id as id1_1_0_, quiz0_.text as text2_1_0_, quiz0_.title as title3_1_0_, quiz0_.user_id as user_id4_1_0_, user1_.id as id1_4_1_, user1_.email as email2_4_1_, user1_.password as password3_4_1_, user1_.role as role4_4_1_ from quiz quiz0_ left outer join quiz_user user1_ on quiz0_.user_id=user1_.id where quiz0_.id=?
?[0m?[0;34mHibernate: select answers0_.quiz_id as quiz_id3_2_0_, answers0_.id as id1_2_0_, answers0_.id as id1_2_1_, answers0_.index as index2_2_1_ from quiz_answer answers0_ where answers0_.quiz_id=?
?[1;31m
Start test 140?[0m
?[0m?[0;34mHibernate: select user0_.id as id1_4_, user0_.email as email2_4_, user0_.password as password3_4_, user0_.role as role4_4_ from quiz_user user0_ where user0_.email=?
?[0m?[0;34mHibernate: select quiz0_.id as id1_1_0_, quiz0_.text as text2_1_0_, quiz0_.title as title3_1_0_, quiz0_.user_id as user_id4_1_0_, user1_.id as id1_4_1_, user1_.email as email2_4_1_, user1_.password as password3_4_1_, user1_.role as role4_4_1_ from quiz quiz0_ left outer join quiz_user user1_ on quiz0_.user_id=user1_.id where quiz0_.id=?
?[0m?[0;34mHibernate: select answers0_.quiz_id as quiz_id3_2_0_, answers0_.id as id1_2_0_, answers0_.id as id1_2_1_, answers0_.index as index2_2_1_ from quiz_answer answers0_ where answers0_.quiz_id=?
?[1;31m
Start test 141?[0m
?[0m?[0;34mHibernate: select user0_.id as id1_4_, user0_.email as email2_4_, user0_.password as password3_4_, user0_.role as role4_4_ from quiz_user user0_ where user0_.email=?
?[0m?[0;34mHibernate: select quiz0_.id as id1_1_0_, quiz0_.text as text2_1_0_, quiz0_.title as title3_1_0_, quiz0_.user_id as user_id4_1_0_, user1_.id as id1_4_1_, user1_.email as email2_4_1_, user1_.password as password3_4_1_, user1_.role as role4_4_1_ from quiz quiz0_ left outer join quiz_user user1_ on quiz0_.user_id=user1_.id where quiz0_.id=?
?[0m?[0;34mHibernate: select answers0_.quiz_id as quiz_id3_2_0_, answers0_.id as id1_2_0_, answers0_.id as id1_2_1_, answers0_.index as index2_2_1_ from quiz_answer answers0_ where answers0_.quiz_id=?
?[1;31m
Start test 142?[0m
?[0m?[0;34mHibernate: select user0_.id as id1_4_, user0_.email as email2_4_, user0_.password as password3_4_, user0_.role as role4_4_ from quiz_user user0_ where user0_.email=?
?[0m?[0;34mHibernate: select quiz0_.id as id1_1_0_, quiz0_.text as text2_1_0_, quiz0_.title as title3_1_0_, quiz0_.user_id as user_id4_1_0_, user1_.id as id1_4_1_, user1_.email as email2_4_1_, user1_.password as password3_4_1_, user1_.role as role4_4_1_ from quiz quiz0_ left outer join quiz_user user1_ on quiz0_.user_id=user1_.id where quiz0_.id=?
?[0m?[0;34mHibernate: select answers0_.quiz_id as quiz_id3_2_0_, answers0_.id as id1_2_0_, answers0_.id as id1_2_1_, answers0_.index as index2_2_1_ from quiz_answer answers0_ where answers0_.quiz_id=?
?[1;31m
Start test 143?[0m
?[0m?[0;34mHibernate: select user0_.id as id1_4_, user0_.email as email2_4_, user0_.password as password3_4_, user0_.role as role4_4_ from quiz_user user0_ where user0_.email=?
?[0m?[0;34mHibernate: select quiz0_.id as id1_1_0_, quiz0_.text as text2_1_0_, quiz0_.title as title3_1_0_, quiz0_.user_id as user_id4_1_0_, user1_.id as id1_4_1_, user1_.email as email2_4_1_, user1_.password as password3_4_1_, user1_.role as role4_4_1_ from quiz quiz0_ left outer join quiz_user user1_ on quiz0_.user_id=user1_.id where quiz0_.id=?
?[0m?[0;34mHibernate: select answers0_.quiz_id as quiz_id3_2_0_, answers0_.id as id1_2_0_, answers0_.id as id1_2_1_, answers0_.index as index2_2_1_ from quiz_answer answers0_ where answers0_.quiz_id=?
?[1;31m
Start test 144?[0m
?[0m?[0;34mHibernate: select user0_.id as id1_4_, user0_.email as email2_4_, user0_.password as password3_4_, user0_.role as role4_4_ from quiz_user user0_ where user0_.email=?
?[0m?[0;34mHibernate: select quiz0_.id as id1_1_0_, quiz0_.text as text2_1_0_, quiz0_.title as title3_1_0_, quiz0_.user_id as user_id4_1_0_, user1_.id as id1_4_1_, user1_.email as email2_4_1_, user1_.password as password3_4_1_, user1_.role as role4_4_1_ from quiz quiz0_ left outer join quiz_user user1_ on quiz0_.user_id=user1_.id where quiz0_.id=?
?[0m?[0;34mHibernate: select answers0_.quiz_id as quiz_id3_2_0_, answers0_.id as id1_2_0_, answers0_.id as id1_2_1_, answers0_.index as index2_2_1_ from quiz_answer answers0_ where answers0_.quiz_id=?
?[1;31m
Start test 145?[0m
?[0m?[0;34mHibernate: select user0_.id as id1_4_, user0_.email as email2_4_, user0_.password as password3_4_, user0_.role as role4_4_ from quiz_user user0_ where user0_.email=?
?[0m?[0;34mHibernate: select quiz0_.id as id1_1_0_, quiz0_.text as text2_1_0_, quiz0_.title as title3_1_0_, quiz0_.user_id as user_id4_1_0_, user1_.id as id1_4_1_, user1_.email as email2_4_1_, user1_.password as password3_4_1_, user1_.role as role4_4_1_ from quiz quiz0_ left outer join quiz_user user1_ on quiz0_.user_id=user1_.id where quiz0_.id=?
?[0m?[0;34mHibernate: select answers0_.quiz_id as quiz_id3_2_0_, answers0_.id as id1_2_0_, answers0_.id as id1_2_1_, answers0_.index as index2_2_1_ from quiz_answer answers0_ where answers0_.quiz_id=?
?[1;31m
Start test 146?[0m
?[0m?[0;34mHibernate: select user0_.id as id1_4_, user0_.email as email2_4_, user0_.password as password3_4_, user0_.role as role4_4_ from quiz_user user0_ where user0_.email=?
?[0m?[0;34mHibernate: select quiz0_.id as id1_1_0_, quiz0_.text as text2_1_0_, quiz0_.title as title3_1_0_, quiz0_.user_id as user_id4_1_0_, user1_.id as id1_4_1_, user1_.email as email2_4_1_, user1_.password as password3_4_1_, user1_.role as role4_4_1_ from quiz quiz0_ left outer join quiz_user user1_ on quiz0_.user_id=user1_.id where quiz0_.id=?
?[0m?[0;34mHibernate: select answers0_.quiz_id as quiz_id3_2_0_, answers0_.id as id1_2_0_, answers0_.id as id1_2_1_, answers0_.index as index2_2_1_ from quiz_answer answers0_ where answers0_.quiz_id=?
?[1;31m
Start test 147?[0m
?[0m?[0;34mHibernate: select user0_.id as id1_4_, user0_.email as email2_4_, user0_.password as password3_4_, user0_.role as role4_4_ from quiz_user user0_ where user0_.email=?
?[0m?[0;34mHibernate: select quiz0_.id as id1_1_0_, quiz0_.text as text2_1_0_, quiz0_.title as title3_1_0_, quiz0_.user_id as user_id4_1_0_, user1_.id as id1_4_1_, user1_.email as email2_4_1_, user1_.password as password3_4_1_, user1_.role as role4_4_1_ from quiz quiz0_ left outer join quiz_user user1_ on quiz0_.user_id=user1_.id where quiz0_.id=?
?[0m?[0;34mHibernate: select answers0_.quiz_id as quiz_id3_2_0_, answers0_.id as id1_2_0_, answers0_.id as id1_2_1_, answers0_.index as index2_2_1_ from quiz_answer answers0_ where answers0_.quiz_id=?
?[1;31m
Start test 148?[0m
?[0m?[0;34mHibernate: select user0_.id as id1_4_, user0_.email as email2_4_, user0_.password as password3_4_, user0_.role as role4_4_ from quiz_user user0_ where user0_.email=?
?[0m?[0;34mHibernate: select quiz0_.id as id1_1_0_, quiz0_.text as text2_1_0_, quiz0_.title as title3_1_0_, quiz0_.user_id as user_id4_1_0_, user1_.id as id1_4_1_, user1_.email as email2_4_1_, user1_.password as password3_4_1_, user1_.role as role4_4_1_ from quiz quiz0_ left outer join quiz_user user1_ on quiz0_.user_id=user1_.id where quiz0_.id=?
?[0m?[0;34mHibernate: select answers0_.quiz_id as quiz_id3_2_0_, answers0_.id as id1_2_0_, answers0_.id as id1_2_1_, answers0_.index as index2_2_1_ from quiz_answer answers0_ where answers0_.quiz_id=?
?[1;31m
Start test 149?[0m
?[0m?[0;34mHibernate: select user0_.id as id1_4_, user0_.email as email2_4_, user0_.password as password3_4_, user0_.role as role4_4_ from quiz_user user0_ where user0_.email=?
?[0m?[0;34mHibernate: select quiz0_.id as id1_1_0_, quiz0_.text as text2_1_0_, quiz0_.title as title3_1_0_, quiz0_.user_id as user_id4_1_0_, user1_.id as id1_4_1_, user1_.email as email2_4_1_, user1_.password as password3_4_1_, user1_.role as role4_4_1_ from quiz quiz0_ left outer join quiz_user user1_ on quiz0_.user_id=user1_.id where quiz0_.id=?
?[0m?[0;34mHibernate: select answers0_.quiz_id as quiz_id3_2_0_, answers0_.id as id1_2_0_, answers0_.id as id1_2_1_, answers0_.index as index2_2_1_ from quiz_answer answers0_ where answers0_.quiz_id=?
?[1;31m
Start test 150?[0m
?[0m?[0;34mHibernate: select user0_.id as id1_4_, user0_.email as email2_4_, user0_.password as password3_4_, user0_.role as role4_4_ from quiz_user user0_ where user0_.email=?
?[0m?[0;34mHibernate: select quiz0_.id as id1_1_0_, quiz0_.text as text2_1_0_, quiz0_.title as title3_1_0_, quiz0_.user_id as user_id4_1_0_, user1_.id as id1_4_1_, user1_.email as email2_4_1_, user1_.password as password3_4_1_, user1_.role as role4_4_1_ from quiz quiz0_ left outer join quiz_user user1_ on quiz0_.user_id=user1_.id where quiz0_.id=?
?[0m?[0;34mHibernate: select answers0_.quiz_id as quiz_id3_2_0_, answers0_.id as id1_2_0_, answers0_.id as id1_2_1_, answers0_.index as index2_2_1_ from quiz_answer answers0_ where answers0_.quiz_id=?
?[1;31m
Start test 151?[0m
?[0m?[0;34mHibernate: select user0_.id as id1_4_, user0_.email as email2_4_, user0_.password as password3_4_, user0_.role as role4_4_ from quiz_user user0_ where user0_.email=?
?[0m?[0;34mHibernate: select quiz0_.id as id1_1_0_, quiz0_.text as text2_1_0_, quiz0_.title as title3_1_0_, quiz0_.user_id as user_id4_1_0_, user1_.id as id1_4_1_, user1_.email as email2_4_1_, user1_.password as password3_4_1_, user1_.role as role4_4_1_ from quiz quiz0_ left outer join quiz_user user1_ on quiz0_.user_id=user1_.id where quiz0_.id=?
?[0m?[0;34mHibernate: select answers0_.quiz_id as quiz_id3_2_0_, answers0_.id as id1_2_0_, answers0_.id as id1_2_1_, answers0_.index as index2_2_1_ from quiz_answer answers0_ where answers0_.quiz_id=?
?[0m?[0;34mHibernate: insert into completed_quiz (id, completed_at, quiz_id, user_id) values (null, ?, ?, ?)
?[1;31m
Start test 152?[0m
?[0m?[0;34mHibernate: select user0_.id as id1_4_, user0_.email as email2_4_, user0_.password as password3_4_, user0_.role as role4_4_ from quiz_user user0_ where user0_.email=?
?[0m?[0;34mHibernate: select quiz0_.id as id1_1_0_, quiz0_.text as text2_1_0_, quiz0_.title as title3_1_0_, quiz0_.user_id as user_id4_1_0_, user1_.id as id1_4_1_, user1_.email as email2_4_1_, user1_.password as password3_4_1_, user1_.role as role4_4_1_ from quiz quiz0_ left outer join quiz_user user1_ on quiz0_.user_id=user1_.id where quiz0_.id=?
?[0m?[0;34mHibernate: select answers0_.quiz_id as quiz_id3_2_0_, answers0_.id as id1_2_0_, answers0_.id as id1_2_1_, answers0_.index as index2_2_1_ from quiz_answer answers0_ where answers0_.quiz_id=?
?[1;31m
Start test 153?[0m
?[0m?[0;34mHibernate: select user0_.id as id1_4_, user0_.email as email2_4_, user0_.password as password3_4_, user0_.role as role4_4_ from quiz_user user0_ where user0_.email=?
?[0m?[0;34mHibernate: select quiz0_.id as id1_1_0_, quiz0_.text as text2_1_0_, quiz0_.title as title3_1_0_, quiz0_.user_id as user_id4_1_0_, user1_.id as id1_4_1_, user1_.email as email2_4_1_, user1_.password as password3_4_1_, user1_.role as role4_4_1_ from quiz quiz0_ left outer join quiz_user user1_ on quiz0_.user_id=user1_.id where quiz0_.id=?
?[0m?[0;34mHibernate: select answers0_.quiz_id as quiz_id3_2_0_, answers0_.id as id1_2_0_, answers0_.id as id1_2_1_, answers0_.index as index2_2_1_ from quiz_answer answers0_ where answers0_.quiz_id=?
?[1;31m
Start test 154?[0m
?[0m?[0;34mHibernate: select user0_.id as id1_4_, user0_.email as email2_4_, user0_.password as password3_4_, user0_.role as role4_4_ from quiz_user user0_ where user0_.email=?
?[0m?[0;34mHibernate: select quiz0_.id as id1_1_, quiz0_.text as text2_1_, quiz0_.title as title3_1_, quiz0_.user_id as user_id4_1_ from quiz quiz0_ limit ?
?[0m?[0;34mHibernate: select user0_.id as id1_4_0_, user0_.email as email2_4_0_, user0_.password as password3_4_0_, user0_.role as role4_4_0_ from quiz_user user0_ where user0_.id=?
?[0m?[0;34mHibernate: select user0_.id as id1_4_0_, user0_.email as email2_4_0_, user0_.password as password3_4_0_, user0_.role as role4_4_0_ from quiz_user user0_ where user0_.id=?
?[0m?[0;34mHibernate: select options0_.quiz_id as quiz_id4_3_0_, options0_.id as id1_3_0_, options0_.id as id1_3_1_, options0_.index as index2_3_1_, options0_.option as option3_3_1_ from quiz_option options0_ where options0_.quiz_id=?
?[0m?[0;34mHibernate: select options0_.quiz_id as quiz_id4_3_0_, options0_.id as id1_3_0_, options0_.id as id1_3_1_, options0_.index as index2_3_1_, options0_.option as option3_3_1_ from quiz_option options0_ where options0_.quiz_id=?
?[0m?[0;34mHibernate: select options0_.quiz_id as quiz_id4_3_0_, options0_.id as id1_3_0_, options0_.id as id1_3_1_, options0_.index as index2_3_1_, options0_.option as option3_3_1_ from quiz_option options0_ where options0_.quiz_id=?
?[0m?[0;34mHibernate: select options0_.quiz_id as quiz_id4_3_0_, options0_.id as id1_3_0_, options0_.id as id1_3_1_, options0_.index as index2_3_1_, options0_.option as option3_3_1_ from quiz_option options0_ where options0_.quiz_id=?
?[0m?[0;34mHibernate: select options0_.quiz_id as quiz_id4_3_0_, options0_.id as id1_3_0_, options0_.id as id1_3_1_, options0_.index as index2_3_1_, options0_.option as option3_3_1_ from quiz_option options0_ where options0_.quiz_id=?
?[0m?[0;34mHibernate: select options0_.quiz_id as quiz_id4_3_0_, options0_.id as id1_3_0_, options0_.id as id1_3_1_, options0_.index as index2_3_1_, options0_.option as option3_3_1_ from quiz_option options0_ where options0_.quiz_id=?
?[0m?[0;34mHibernate: select options0_.quiz_id as quiz_id4_3_0_, options0_.id as id1_3_0_, options0_.id as id1_3_1_, options0_.index as index2_3_1_, options0_.option as option3_3_1_ from quiz_option options0_ where options0_.quiz_id=?
?[1;31m
Start test 155?[0m
?[0;34m2023-09-29 12:18:09.888  INFO 44905 --- [       Thread-7] j.LocalContainerEntityManagerFactoryBean : Closing JPA EntityManagerFactory for persistence unit 'default'
?[0m?[0;34m2023-09-29 12:18:09.889  INFO 44905 --- [       Thread-7] com.zaxxer.hikari.HikariDataSource       : HikariPool-2 - Shutdown initiated...
?[0m?[0;34m2023-09-29 12:18:10.143  INFO 44905 --- [       Thread-7] com.zaxxer.hikari.HikariDataSource       : HikariPool-2 - Shutdown completed.
?[0;34m
?[0m?[0;34m  .   ____          _            __ _ _
?[0m?[0;34m /\\ / ___'_ __ _ _(_)_ __  __ _ \ \ \ \
?[0m?[0;34m( ( )\___ | '_ | '_| | '_ \/ _` | \ \ \ \
?[0m?[0;34m \\/  ___)| |_)| | | | | || (_| |  ) ) ) )
?[0m?[0;34m  '  |____| .__|_| |_|_| |_\__, | / / / /
?[0m?[0;34m =========|_|==============|___/=/_/_/_/
?[0m?[0;34m :: Spring Boot ::                (v2.5.6)
?[0m?[0;34m
?[0m?[0;34m2023-09-29 12:18:19.407  INFO 44905 --- [    Test worker] engine.WebQuizEngine                     : Starting WebQuizEngine using Java 17.0.8.1 on iKoks-Ubuntu with PID 44905 (started by tamerlan in /home/tamerlan/IdeaProjects/HyperskillWebQuizEngine/Web Quiz Engine (Java)/task)
?[0m?[0;34m2023-09-29 12:18:19.407  INFO 44905 --- [    Test worker] engine.WebQuizEngine                     : No active profile set, falling back to default profiles: default
?[0m?[0;34m2023-09-29 12:18:19.556  INFO 44905 --- [    Test worker] .s.d.r.c.RepositoryConfigurationDelegate : Bootstrapping Spring Data JPA repositories in DEFAULT mode.
?[0m?[0;34m2023-09-29 12:18:19.561  INFO 44905 --- [    Test worker] .s.d.r.c.RepositoryConfigurationDelegate : Finished Spring Data repository scanning in 5 ms. Found 5 JPA repository interfaces.
?[0m?[0;34m2023-09-29 12:18:19.622  INFO 44905 --- [    Test worker] o.s.b.w.embedded.tomcat.TomcatWebServer  : Tomcat initialized with port(s): 8889 (http)
?[0m?[0;34m2023-09-29 12:18:19.623  INFO 44905 --- [    Test worker] o.apache.catalina.core.StandardService   : Starting service [Tomcat]
?[0m?[0;34m2023-09-29 12:18:19.623  INFO 44905 --- [    Test worker] org.apache.catalina.core.StandardEngine  : Starting Servlet engine: [Apache Tomcat/9.0.54]
?[0m?[0;34m2023-09-29 12:18:19.632  INFO 44905 --- [    Test worker] o.a.c.c.C.[Tomcat].[localhost].[/]       : Initializing Spring embedded WebApplicationContext
?[0m?[0;34m2023-09-29 12:18:19.632  INFO 44905 --- [    Test worker] w.s.c.ServletWebServerApplicationContext : Root WebApplicationContext: initialization completed in 223 ms
?[0m?[0;34m2023-09-29 12:18:19.656  INFO 44905 --- [    Test worker] com.zaxxer.hikari.HikariDataSource       : HikariPool-3 - Starting...
?[0m?[0;34m2023-09-29 12:18:19.662  INFO 44905 --- [    Test worker] com.zaxxer.hikari.HikariDataSource       : HikariPool-3 - Start completed.
?[0m?[0;34m2023-09-29 12:18:19.662  INFO 44905 --- [    Test worker] o.s.b.a.h2.H2ConsoleAutoConfiguration    : H2 console available at '/h2-ui'. Database available at 'jdbc:h2:file:../quizdb'
?[0m?[0;34m2023-09-29 12:18:19.691  INFO 44905 --- [    Test worker] o.hibernate.jpa.internal.util.LogHelper  : HHH000204: Processing PersistenceUnitInfo [name: default]
?[0m?[0;34m2023-09-29 12:18:19.694  INFO 44905 --- [    Test worker] org.hibernate.dialect.Dialect            : HHH000400: Using dialect: org.hibernate.dialect.H2Dialect
?[0m?[0;34m2023-09-29 12:18:19.778  INFO 44905 --- [    Test worker] o.h.e.t.j.p.i.JtaPlatformInitiator       : HHH000490: Using JtaPlatform implementation: [org.hibernate.engine.transaction.jta.platform.internal.NoJtaPlatform]
?[0m?[0;34m2023-09-29 12:18:19.779  INFO 44905 --- [    Test worker] j.LocalContainerEntityManagerFactoryBean : Initialized JPA EntityManagerFactory for persistence unit 'default'
?[0m?[0;34m2023-09-29 12:18:19.848  INFO 44905 --- [    Test worker] o.s.s.web.DefaultSecurityFilterChain     : Will secure any request with [org.springframework.security.web.context.request.async.WebAsyncManagerIntegrationFilter@5963a2c9, org.springframework.security.web.context.SecurityContextPersistenceFilter@73c25e8, org.springframework.security.web.header.HeaderWriterFilter@4664cd32, org.springframework.security.web.authentication.logout.LogoutFilter@1ec690bd, org.springframework.security.web.authentication.www.BasicAuthenticationFilter@738a977d, org.springframework.security.web.savedrequest.RequestCacheAwareFilter@3545bfea, org.springframework.security.web.servletapi.SecurityContextHolderAwareRequestFilter@55a8f92d, org.springframework.security.web.authentication.AnonymousAuthenticationFilter@79143853, org.springframework.security.web.session.SessionManagementFilter@18d6ac02, org.springframework.security.web.access.ExceptionTranslationFilter@2542e124, org.springframework.security.web.access.intercept.AuthorizationFilter@14972600]
?[0m?[0;34m2023-09-29 12:18:19.865  WARN 44905 --- [    Test worker] JpaBaseConfiguration$JpaWebConfiguration : spring.jpa.open-in-view is enabled by default. Therefore, database queries may be performed during view rendering. Explicitly configure spring.jpa.open-in-view to disable this warning
?[0m?[0;34m2023-09-29 12:18:20.002  INFO 44905 --- [    Test worker] o.s.b.a.e.web.EndpointLinksResolver      : Exposing 14 endpoint(s) beneath base path '/actuator'
?[0m?[0;34m2023-09-29 12:18:20.010  INFO 44905 --- [    Test worker] o.s.b.w.embedded.tomcat.TomcatWebServer  : Tomcat started on port(s): 8889 (http) with context path ''
?[0m?[0;34m2023-09-29 12:18:20.016  INFO 44905 --- [    Test worker] engine.WebQuizEngine                     : Started WebQuizEngine in 0.619 seconds (JVM running for 91.574)
?[0m?[1;31m
Start test 156?[0m
?[0;34m2023-09-29 12:18:20.020  INFO 44905 --- [nio-8889-exec-1] o.a.c.c.C.[Tomcat].[localhost].[/]       : Initializing Spring DispatcherServlet 'dispatcherServlet'
?[0m?[0;34m2023-09-29 12:18:20.020  INFO 44905 --- [nio-8889-exec-1] o.s.web.servlet.DispatcherServlet        : Initializing Servlet 'dispatcherServlet'
?[0m?[0;34m2023-09-29 12:18:20.021  INFO 44905 --- [nio-8889-exec-1] o.s.web.servlet.DispatcherServlet        : Completed initialization in 1 ms
?[0m?[0;34mHibernate: select user0_.id as id1_4_, user0_.email as email2_4_, user0_.password as password3_4_, user0_.role as role4_4_ from quiz_user user0_ where user0_.email=?
?[0m?[0;34mHibernate: select quiz0_.id as id1_1_, quiz0_.text as text2_1_, quiz0_.title as title3_1_, quiz0_.user_id as user_id4_1_ from quiz quiz0_ limit ?
?[0m?[0;34mHibernate: select user0_.id as id1_4_0_, user0_.email as email2_4_0_, user0_.password as password3_4_0_, user0_.role as role4_4_0_ from quiz_user user0_ where user0_.id=?
?[0m?[0;34mHibernate: select user0_.id as id1_4_0_, user0_.email as email2_4_0_, user0_.password as password3_4_0_, user0_.role as role4_4_0_ from quiz_user user0_ where user0_.id=?
?[0m?[0;34mHibernate: select options0_.quiz_id as quiz_id4_3_0_, options0_.id as id1_3_0_, options0_.id as id1_3_1_, options0_.index as index2_3_1_, options0_.option as option3_3_1_ from quiz_option options0_ where options0_.quiz_id=?
?[0m?[0;34mHibernate: select options0_.quiz_id as quiz_id4_3_0_, options0_.id as id1_3_0_, options0_.id as id1_3_1_, options0_.index as index2_3_1_, options0_.option as option3_3_1_ from quiz_option options0_ where options0_.quiz_id=?
?[0m?[0;34mHibernate: select options0_.quiz_id as quiz_id4_3_0_, options0_.id as id1_3_0_, options0_.id as id1_3_1_, options0_.index as index2_3_1_, options0_.option as option3_3_1_ from quiz_option options0_ where options0_.quiz_id=?
?[0m?[0;34mHibernate: select options0_.quiz_id as quiz_id4_3_0_, options0_.id as id1_3_0_, options0_.id as id1_3_1_, options0_.index as index2_3_1_, options0_.option as option3_3_1_ from quiz_option options0_ where options0_.quiz_id=?
?[0m?[0;34mHibernate: select options0_.quiz_id as quiz_id4_3_0_, options0_.id as id1_3_0_, options0_.id as id1_3_1_, options0_.index as index2_3_1_, options0_.option as option3_3_1_ from quiz_option options0_ where options0_.quiz_id=?
?[0m?[0;34mHibernate: select options0_.quiz_id as quiz_id4_3_0_, options0_.id as id1_3_0_, options0_.id as id1_3_1_, options0_.index as index2_3_1_, options0_.option as option3_3_1_ from quiz_option options0_ where options0_.quiz_id=?
?[0m?[0;34mHibernate: select options0_.quiz_id as quiz_id4_3_0_, options0_.id as id1_3_0_, options0_.id as id1_3_1_, options0_.index as index2_3_1_, options0_.option as option3_3_1_ from quiz_option options0_ where options0_.quiz_id=?
?[1;31m
Start test 157?[0m
?[0;34mHibernate: select user0_.id as id1_4_, user0_.email as email2_4_, user0_.password as password3_4_, user0_.role as role4_4_ from quiz_user user0_ where user0_.email=?
?[0m?[0;34mHibernate: select quiz0_.id as id1_1_0_, quiz0_.text as text2_1_0_, quiz0_.title as title3_1_0_, quiz0_.user_id as user_id4_1_0_, user1_.id as id1_4_1_, user1_.email as email2_4_1_, user1_.password as password3_4_1_, user1_.role as role4_4_1_ from quiz quiz0_ left outer join quiz_user user1_ on quiz0_.user_id=user1_.id where quiz0_.id=?
?[0m?[0;34mHibernate: select answers0_.quiz_id as quiz_id3_2_0_, answers0_.id as id1_2_0_, answers0_.id as id1_2_1_, answers0_.index as index2_2_1_ from quiz_answer answers0_ where answers0_.quiz_id=?
?[0m?[0;34mHibernate: insert into completed_quiz (id, completed_at, quiz_id, user_id) values (null, ?, ?, ?)
?[1;31m
Start test 158?[0m
?[0;34mHibernate: select user0_.id as id1_4_, user0_.email as email2_4_, user0_.password as password3_4_, user0_.role as role4_4_ from quiz_user user0_ where user0_.email=?
?[0m?[0;34mHibernate: select quiz0_.id as id1_1_0_, quiz0_.text as text2_1_0_, quiz0_.title as title3_1_0_, quiz0_.user_id as user_id4_1_0_, user1_.id as id1_4_1_, user1_.email as email2_4_1_, user1_.password as password3_4_1_, user1_.role as role4_4_1_ from quiz quiz0_ left outer join quiz_user user1_ on quiz0_.user_id=user1_.id where quiz0_.id=?
?[0m?[0;34mHibernate: select answers0_.quiz_id as quiz_id3_2_0_, answers0_.id as id1_2_0_, answers0_.id as id1_2_1_, answers0_.index as index2_2_1_ from quiz_answer answers0_ where answers0_.quiz_id=?
?[1;31m
Start test 159?[0m
?[0;34mHibernate: select user0_.id as id1_4_, user0_.email as email2_4_, user0_.password as password3_4_, user0_.role as role4_4_ from quiz_user user0_ where user0_.email=?
?[0m?[0;34mHibernate: select quiz0_.id as id1_1_0_, quiz0_.text as text2_1_0_, quiz0_.title as title3_1_0_, quiz0_.user_id as user_id4_1_0_, user1_.id as id1_4_1_, user1_.email as email2_4_1_, user1_.password as password3_4_1_, user1_.role as role4_4_1_ from quiz quiz0_ left outer join quiz_user user1_ on quiz0_.user_id=user1_.id where quiz0_.id=?
?[0m?[0;34mHibernate: select answers0_.quiz_id as quiz_id3_2_0_, answers0_.id as id1_2_0_, answers0_.id as id1_2_1_, answers0_.index as index2_2_1_ from quiz_answer answers0_ where answers0_.quiz_id=?
?[1;31m
Start test 160?[0m
?[0;34mHibernate: select user0_.id as id1_4_, user0_.email as email2_4_, user0_.password as password3_4_, user0_.role as role4_4_ from quiz_user user0_ where user0_.email=?
?[0m?[0;34mHibernate: select quiz0_.id as id1_1_0_, quiz0_.text as text2_1_0_, quiz0_.title as title3_1_0_, quiz0_.user_id as user_id4_1_0_, user1_.id as id1_4_1_, user1_.email as email2_4_1_, user1_.password as password3_4_1_, user1_.role as role4_4_1_ from quiz quiz0_ left outer join quiz_user user1_ on quiz0_.user_id=user1_.id where quiz0_.id=?
?[0m?[0;34mHibernate: select answers0_.quiz_id as quiz_id3_2_0_, answers0_.id as id1_2_0_, answers0_.id as id1_2_1_, answers0_.index as index2_2_1_ from quiz_answer answers0_ where answers0_.quiz_id=?
?[0m?[0;34mHibernate: insert into completed_quiz (id, completed_at, quiz_id, user_id) values (null, ?, ?, ?)
?[1;31m
Start test 161?[0m
?[0;34mHibernate: select user0_.id as id1_4_, user0_.email as email2_4_, user0_.password as password3_4_, user0_.role as role4_4_ from quiz_user user0_ where user0_.email=?
?[0m?[0;34mHibernate: select completedq0_.id as id1_0_, completedq0_.completed_at as complete2_0_, completedq0_.quiz_id as quiz_id3_0_, completedq0_.user_id as user_id4_0_ from completed_quiz completedq0_ where completedq0_.user_id=? order by completedq0_.completed_at desc limit ?
?[0m?[0;34mHibernate: select quiz0_.id as id1_1_0_, quiz0_.text as text2_1_0_, quiz0_.title as title3_1_0_, quiz0_.user_id as user_id4_1_0_, user1_.id as id1_4_1_, user1_.email as email2_4_1_, user1_.password as password3_4_1_, user1_.role as role4_4_1_ from quiz quiz0_ left outer join quiz_user user1_ on quiz0_.user_id=user1_.id where quiz0_.id=?
?[0m?[0;34mHibernate: select quiz0_.id as id1_1_0_, quiz0_.text as text2_1_0_, quiz0_.title as title3_1_0_, quiz0_.user_id as user_id4_1_0_, user1_.id as id1_4_1_, user1_.email as email2_4_1_, user1_.password as password3_4_1_, user1_.role as role4_4_1_ from quiz quiz0_ left outer join quiz_user user1_ on quiz0_.user_id=user1_.id where quiz0_.id=?
?[0m?[0;34mHibernate: select quiz0_.id as id1_1_0_, quiz0_.text as text2_1_0_, quiz0_.title as title3_1_0_, quiz0_.user_id as user_id4_1_0_, user1_.id as id1_4_1_, user1_.email as email2_4_1_, user1_.password as password3_4_1_, user1_.role as role4_4_1_ from quiz quiz0_ left outer join quiz_user user1_ on quiz0_.user_id=user1_.id where quiz0_.id=?
?[0m?[0;34mHibernate: select quiz0_.id as id1_1_0_, quiz0_.text as text2_1_0_, quiz0_.title as title3_1_0_, quiz0_.user_id as user_id4_1_0_, user1_.id as id1_4_1_, user1_.email as email2_4_1_, user1_.password as password3_4_1_, user1_.role as role4_4_1_ from quiz quiz0_ left outer join quiz_user user1_ on quiz0_.user_id=user1_.id where quiz0_.id=?
?[1;31m
Start test 162?[0m
?[0;34mHibernate: select user0_.id as id1_4_, user0_.email as email2_4_, user0_.password as password3_4_, user0_.role as role4_4_ from quiz_user user0_ where user0_.email=?
?[0m?[0;34mHibernate: select completedq0_.id as id1_0_, completedq0_.completed_at as complete2_0_, completedq0_.quiz_id as quiz_id3_0_, completedq0_.user_id as user_id4_0_ from completed_quiz completedq0_ where completedq0_.user_id=? order by completedq0_.completed_at desc limit ?
?[0m?[0;34mHibernate: select quiz0_.id as id1_1_0_, quiz0_.text as text2_1_0_, quiz0_.title as title3_1_0_, quiz0_.user_id as user_id4_1_0_, user1_.id as id1_4_1_, user1_.email as email2_4_1_, user1_.password as password3_4_1_, user1_.role as role4_4_1_ from quiz quiz0_ left outer join quiz_user user1_ on quiz0_.user_id=user1_.id where quiz0_.id=?
?[0m?[0;34mHibernate: select quiz0_.id as id1_1_0_, quiz0_.text as text2_1_0_, quiz0_.title as title3_1_0_, quiz0_.user_id as user_id4_1_0_, user1_.id as id1_4_1_, user1_.email as email2_4_1_, user1_.password as password3_4_1_, user1_.role as role4_4_1_ from quiz quiz0_ left outer join quiz_user user1_ on quiz0_.user_id=user1_.id where quiz0_.id=?
?[0m?[0;34mHibernate: select quiz0_.id as id1_1_0_, quiz0_.text as text2_1_0_, quiz0_.title as title3_1_0_, quiz0_.user_id as user_id4_1_0_, user1_.id as id1_4_1_, user1_.email as email2_4_1_, user1_.password as password3_4_1_, user1_.role as role4_4_1_ from quiz quiz0_ left outer join quiz_user user1_ on quiz0_.user_id=user1_.id where quiz0_.id=?
?[0m?[0;34mHibernate: select quiz0_.id as id1_1_0_, quiz0_.text as text2_1_0_, quiz0_.title as title3_1_0_, quiz0_.user_id as user_id4_1_0_, user1_.id as id1_4_1_, user1_.email as email2_4_1_, user1_.password as password3_4_1_, user1_.role as role4_4_1_ from quiz quiz0_ left outer join quiz_user user1_ on quiz0_.user_id=user1_.id where quiz0_.id=?
?[1;31m
Start test 163?[0m
?[0;34mHibernate: select user0_.id as id1_4_, user0_.email as email2_4_, user0_.password as password3_4_, user0_.role as role4_4_ from quiz_user user0_ where user0_.email=?
?[0m?[0;34mHibernate: select completedq0_.id as id1_0_, completedq0_.completed_at as complete2_0_, completedq0_.quiz_id as quiz_id3_0_, completedq0_.user_id as user_id4_0_ from completed_quiz completedq0_ where completedq0_.user_id=? order by completedq0_.completed_at desc limit ?
?[0m?[0;34mHibernate: select quiz0_.id as id1_1_0_, quiz0_.text as text2_1_0_, quiz0_.title as title3_1_0_, quiz0_.user_id as user_id4_1_0_, user1_.id as id1_4_1_, user1_.email as email2_4_1_, user1_.password as password3_4_1_, user1_.role as role4_4_1_ from quiz quiz0_ left outer join quiz_user user1_ on quiz0_.user_id=user1_.id where quiz0_.id=?
?[0m?[0;34mHibernate: select quiz0_.id as id1_1_0_, quiz0_.text as text2_1_0_, quiz0_.title as title3_1_0_, quiz0_.user_id as user_id4_1_0_, user1_.id as id1_4_1_, user1_.email as email2_4_1_, user1_.password as password3_4_1_, user1_.role as role4_4_1_ from quiz quiz0_ left outer join quiz_user user1_ on quiz0_.user_id=user1_.id where quiz0_.id=?
?[0m?[0;34mHibernate: select quiz0_.id as id1_1_0_, quiz0_.text as text2_1_0_, quiz0_.title as title3_1_0_, quiz0_.user_id as user_id4_1_0_, user1_.id as id1_4_1_, user1_.email as email2_4_1_, user1_.password as password3_4_1_, user1_.role as role4_4_1_ from quiz quiz0_ left outer join quiz_user user1_ on quiz0_.user_id=user1_.id where quiz0_.id=?
?[0m?[0;34mHibernate: select quiz0_.id as id1_1_0_, quiz0_.text as text2_1_0_, quiz0_.title as title3_1_0_, quiz0_.user_id as user_id4_1_0_, user1_.id as id1_4_1_, user1_.email as email2_4_1_, user1_.password as password3_4_1_, user1_.role as role4_4_1_ from quiz quiz0_ left outer join quiz_user user1_ on quiz0_.user_id=user1_.id where quiz0_.id=?
?[1;31m
Start test 164?[0m
?[0;34mHibernate: select user0_.id as id1_4_, user0_.email as email2_4_, user0_.password as password3_4_, user0_.role as role4_4_ from quiz_user user0_ where user0_.email=?
?[0m?[0;34mHibernate: select completedq0_.id as id1_0_, completedq0_.completed_at as complete2_0_, completedq0_.quiz_id as quiz_id3_0_, completedq0_.user_id as user_id4_0_ from completed_quiz completedq0_ where completedq0_.user_id=? order by completedq0_.completed_at desc limit ?
?[0m?[0;34mHibernate: select quiz0_.id as id1_1_0_, quiz0_.text as text2_1_0_, quiz0_.title as title3_1_0_, quiz0_.user_id as user_id4_1_0_, user1_.id as id1_4_1_, user1_.email as email2_4_1_, user1_.password as password3_4_1_, user1_.role as role4_4_1_ from quiz quiz0_ left outer join quiz_user user1_ on quiz0_.user_id=user1_.id where quiz0_.id=?
?[0m?[0;34mHibernate: select quiz0_.id as id1_1_0_, quiz0_.text as text2_1_0_, quiz0_.title as title3_1_0_, quiz0_.user_id as user_id4_1_0_, user1_.id as id1_4_1_, user1_.email as email2_4_1_, user1_.password as password3_4_1_, user1_.role as role4_4_1_ from quiz quiz0_ left outer join quiz_user user1_ on quiz0_.user_id=user1_.id where quiz0_.id=?
?[0m?[0;34mHibernate: select quiz0_.id as id1_1_0_, quiz0_.text as text2_1_0_, quiz0_.title as title3_1_0_, quiz0_.user_id as user_id4_1_0_, user1_.id as id1_4_1_, user1_.email as email2_4_1_, user1_.password as password3_4_1_, user1_.role as role4_4_1_ from quiz quiz0_ left outer join quiz_user user1_ on quiz0_.user_id=user1_.id where quiz0_.id=?
?[0m?[0;34mHibernate: select quiz0_.id as id1_1_0_, quiz0_.text as text2_1_0_, quiz0_.title as title3_1_0_, quiz0_.user_id as user_id4_1_0_, user1_.id as id1_4_1_, user1_.email as email2_4_1_, user1_.password as password3_4_1_, user1_.role as role4_4_1_ from quiz quiz0_ left outer join quiz_user user1_ on quiz0_.user_id=user1_.id where quiz0_.id=?
?[1;31m
Start test 165?[0m
?[0;34mHibernate: select user0_.id as id1_4_, user0_.email as email2_4_, user0_.password as password3_4_, user0_.role as role4_4_ from quiz_user user0_ where user0_.email=?
?[0m?[0;34mHibernate: select completedq0_.id as id1_0_, completedq0_.completed_at as complete2_0_, completedq0_.quiz_id as quiz_id3_0_, completedq0_.user_id as user_id4_0_ from completed_quiz completedq0_ where completedq0_.user_id=? order by completedq0_.completed_at desc limit ?
?[0m?[0;34mHibernate: select quiz0_.id as id1_1_0_, quiz0_.text as text2_1_0_, quiz0_.title as title3_1_0_, quiz0_.user_id as user_id4_1_0_, user1_.id as id1_4_1_, user1_.email as email2_4_1_, user1_.password as password3_4_1_, user1_.role as role4_4_1_ from quiz quiz0_ left outer join quiz_user user1_ on quiz0_.user_id=user1_.id where quiz0_.id=?
?[0m?[0;34mHibernate: select quiz0_.id as id1_1_0_, quiz0_.text as text2_1_0_, quiz0_.title as title3_1_0_, quiz0_.user_id as user_id4_1_0_, user1_.id as id1_4_1_, user1_.email as email2_4_1_, user1_.password as password3_4_1_, user1_.role as role4_4_1_ from quiz quiz0_ left outer join quiz_user user1_ on quiz0_.user_id=user1_.id where quiz0_.id=?
?[0m?[0;34mHibernate: select quiz0_.id as id1_1_0_, quiz0_.text as text2_1_0_, quiz0_.title as title3_1_0_, quiz0_.user_id as user_id4_1_0_, user1_.id as id1_4_1_, user1_.email as email2_4_1_, user1_.password as password3_4_1_, user1_.role as role4_4_1_ from quiz quiz0_ left outer join quiz_user user1_ on quiz0_.user_id=user1_.id where quiz0_.id=?
?[0m?[0;34mHibernate: select quiz0_.id as id1_1_0_, quiz0_.text as text2_1_0_, quiz0_.title as title3_1_0_, quiz0_.user_id as user_id4_1_0_, user1_.id as id1_4_1_, user1_.email as email2_4_1_, user1_.password as password3_4_1_, user1_.role as role4_4_1_ from quiz quiz0_ left outer join quiz_user user1_ on quiz0_.user_id=user1_.id where quiz0_.id=?
?[1;31m
Start test 166?[0m
?[0m?[0;34mHibernate: select user0_.id as id1_4_, user0_.email as email2_4_, user0_.password as password3_4_, user0_.role as role4_4_ from quiz_user user0_ where user0_.email=?
?[0m?[0;34mHibernate: select completedq0_.id as id1_0_, completedq0_.completed_at as complete2_0_, completedq0_.quiz_id as quiz_id3_0_, completedq0_.user_id as user_id4_0_ from completed_quiz completedq0_ where completedq0_.user_id=? order by completedq0_.completed_at desc limit ?
?[0m?[0;34mHibernate: select quiz0_.id as id1_1_0_, quiz0_.text as text2_1_0_, quiz0_.title as title3_1_0_, quiz0_.user_id as user_id4_1_0_, user1_.id as id1_4_1_, user1_.email as email2_4_1_, user1_.password as password3_4_1_, user1_.role as role4_4_1_ from quiz quiz0_ left outer join quiz_user user1_ on quiz0_.user_id=user1_.id where quiz0_.id=?
?[0m?[0;34mHibernate: select user0_.id as id1_4_0_, user0_.email as email2_4_0_, user0_.password as password3_4_0_, user0_.role as role4_4_0_ from quiz_user user0_ where user0_.id=?
?[0m?[0;34mHibernate: select quiz0_.id as id1_1_0_, quiz0_.text as text2_1_0_, quiz0_.title as title3_1_0_, quiz0_.user_id as user_id4_1_0_, user1_.id as id1_4_1_, user1_.email as email2_4_1_, user1_.password as password3_4_1_, user1_.role as role4_4_1_ from quiz quiz0_ left outer join quiz_user user1_ on quiz0_.user_id=user1_.id where quiz0_.id=?
?[0m?[0;34mHibernate: select quiz0_.id as id1_1_0_, quiz0_.text as text2_1_0_, quiz0_.title as title3_1_0_, quiz0_.user_id as user_id4_1_0_, user1_.id as id1_4_1_, user1_.email as email2_4_1_, user1_.password as password3_4_1_, user1_.role as role4_4_1_ from quiz quiz0_ left outer join quiz_user user1_ on quiz0_.user_id=user1_.id where quiz0_.id=?
?[0m?[0;34mHibernate: select quiz0_.id as id1_1_0_, quiz0_.text as text2_1_0_, quiz0_.title as title3_1_0_, quiz0_.user_id as user_id4_1_0_, user1_.id as id1_4_1_, user1_.email as email2_4_1_, user1_.password as password3_4_1_, user1_.role as role4_4_1_ from quiz quiz0_ left outer join quiz_user user1_ on quiz0_.user_id=user1_.id where quiz0_.id=?
?[0m?[0;34mHibernate: select quiz0_.id as id1_1_0_, quiz0_.text as text2_1_0_, quiz0_.title as title3_1_0_, quiz0_.user_id as user_id4_1_0_, user1_.id as id1_4_1_, user1_.email as email2_4_1_, user1_.password as password3_4_1_, user1_.role as role4_4_1_ from quiz quiz0_ left outer join quiz_user user1_ on quiz0_.user_id=user1_.id where quiz0_.id=?
?[1;31m
Start test 167?[0m
?[0m?[0;34mHibernate: select user0_.id as id1_4_, user0_.email as email2_4_, user0_.password as password3_4_, user0_.role as role4_4_ from quiz_user user0_ where user0_.email=?
?[0m?[0;34mHibernate: select completedq0_.id as id1_0_, completedq0_.completed_at as complete2_0_, completedq0_.quiz_id as quiz_id3_0_, completedq0_.user_id as user_id4_0_ from completed_quiz completedq0_ where completedq0_.user_id=? order by completedq0_.completed_at desc limit ?
?[0m?[0;34mHibernate: select quiz0_.id as id1_1_0_, quiz0_.text as text2_1_0_, quiz0_.title as title3_1_0_, quiz0_.user_id as user_id4_1_0_, user1_.id as id1_4_1_, user1_.email as email2_4_1_, user1_.password as password3_4_1_, user1_.role as role4_4_1_ from quiz quiz0_ left outer join quiz_user user1_ on quiz0_.user_id=user1_.id where quiz0_.id=?
?[0m?[0;34mHibernate: select user0_.id as id1_4_0_, user0_.email as email2_4_0_, user0_.password as password3_4_0_, user0_.role as role4_4_0_ from quiz_user user0_ where user0_.id=?
?[0m?[0;34mHibernate: select quiz0_.id as id1_1_0_, quiz0_.text as text2_1_0_, quiz0_.title as title3_1_0_, quiz0_.user_id as user_id4_1_0_, user1_.id as id1_4_1_, user1_.email as email2_4_1_, user1_.password as password3_4_1_, user1_.role as role4_4_1_ from quiz quiz0_ left outer join quiz_user user1_ on quiz0_.user_id=user1_.id where quiz0_.id=?
?[0m?[0;34mHibernate: select quiz0_.id as id1_1_0_, quiz0_.text as text2_1_0_, quiz0_.title as title3_1_0_, quiz0_.user_id as user_id4_1_0_, user1_.id as id1_4_1_, user1_.email as email2_4_1_, user1_.password as password3_4_1_, user1_.role as role4_4_1_ from quiz quiz0_ left outer join quiz_user user1_ on quiz0_.user_id=user1_.id where quiz0_.id=?
?[0m?[0;34mHibernate: select quiz0_.id as id1_1_0_, quiz0_.text as text2_1_0_, quiz0_.title as title3_1_0_, quiz0_.user_id as user_id4_1_0_, user1_.id as id1_4_1_, user1_.email as email2_4_1_, user1_.password as password3_4_1_, user1_.role as role4_4_1_ from quiz quiz0_ left outer join quiz_user user1_ on quiz0_.user_id=user1_.id where quiz0_.id=?
?[0m?[0;34mHibernate: select quiz0_.id as id1_1_0_, quiz0_.text as text2_1_0_, quiz0_.title as title3_1_0_, quiz0_.user_id as user_id4_1_0_, user1_.id as id1_4_1_, user1_.email as email2_4_1_, user1_.password as password3_4_1_, user1_.role as role4_4_1_ from quiz quiz0_ left outer join quiz_user user1_ on quiz0_.user_id=user1_.id where quiz0_.id=?
?[1;31m
Start test 168?[0m
?[0m?[0;34mHibernate: select user0_.id as id1_4_, user0_.email as email2_4_, user0_.password as password3_4_, user0_.role as role4_4_ from quiz_user user0_ where user0_.email=?
?[0m?[0;34mHibernate: select completedq0_.id as id1_0_, completedq0_.completed_at as complete2_0_, completedq0_.quiz_id as quiz_id3_0_, completedq0_.user_id as user_id4_0_ from completed_quiz completedq0_ where completedq0_.user_id=? order by completedq0_.completed_at desc limit ?
?[0m?[0;34mHibernate: select quiz0_.id as id1_1_0_, quiz0_.text as text2_1_0_, quiz0_.title as title3_1_0_, quiz0_.user_id as user_id4_1_0_, user1_.id as id1_4_1_, user1_.email as email2_4_1_, user1_.password as password3_4_1_, user1_.role as role4_4_1_ from quiz quiz0_ left outer join quiz_user user1_ on quiz0_.user_id=user1_.id where quiz0_.id=?
?[0m?[0;34mHibernate: select user0_.id as id1_4_0_, user0_.email as email2_4_0_, user0_.password as password3_4_0_, user0_.role as role4_4_0_ from quiz_user user0_ where user0_.id=?
?[0m?[0;34mHibernate: select quiz0_.id as id1_1_0_, quiz0_.text as text2_1_0_, quiz0_.title as title3_1_0_, quiz0_.user_id as user_id4_1_0_, user1_.id as id1_4_1_, user1_.email as email2_4_1_, user1_.password as password3_4_1_, user1_.role as role4_4_1_ from quiz quiz0_ left outer join quiz_user user1_ on quiz0_.user_id=user1_.id where quiz0_.id=?
?[0m?[0;34mHibernate: select quiz0_.id as id1_1_0_, quiz0_.text as text2_1_0_, quiz0_.title as title3_1_0_, quiz0_.user_id as user_id4_1_0_, user1_.id as id1_4_1_, user1_.email as email2_4_1_, user1_.password as password3_4_1_, user1_.role as role4_4_1_ from quiz quiz0_ left outer join quiz_user user1_ on quiz0_.user_id=user1_.id where quiz0_.id=?
?[0m?[0;34mHibernate: select quiz0_.id as id1_1_0_, quiz0_.text as text2_1_0_, quiz0_.title as title3_1_0_, quiz0_.user_id as user_id4_1_0_, user1_.id as id1_4_1_, user1_.email as email2_4_1_, user1_.password as password3_4_1_, user1_.role as role4_4_1_ from quiz quiz0_ left outer join quiz_user user1_ on quiz0_.user_id=user1_.id where quiz0_.id=?
?[0m?[0;34mHibernate: select quiz0_.id as id1_1_0_, quiz0_.text as text2_1_0_, quiz0_.title as title3_1_0_, quiz0_.user_id as user_id4_1_0_, user1_.id as id1_4_1_, user1_.email as email2_4_1_, user1_.password as password3_4_1_, user1_.role as role4_4_1_ from quiz quiz0_ left outer join quiz_user user1_ on quiz0_.user_id=user1_.id where quiz0_.id=?
?[1;31m
Start test 169?[0m
?[0m?[0;34mHibernate: select user0_.id as id1_4_, user0_.email as email2_4_, user0_.password as password3_4_, user0_.role as role4_4_ from quiz_user user0_ where user0_.email=?
?[0m?[0;34mHibernate: select completedq0_.id as id1_0_, completedq0_.completed_at as complete2_0_, completedq0_.quiz_id as quiz_id3_0_, completedq0_.user_id as user_id4_0_ from completed_quiz completedq0_ where completedq0_.user_id=? order by completedq0_.completed_at desc limit ?
?[0m?[0;34mHibernate: select quiz0_.id as id1_1_0_, quiz0_.text as text2_1_0_, quiz0_.title as title3_1_0_, quiz0_.user_id as user_id4_1_0_, user1_.id as id1_4_1_, user1_.email as email2_4_1_, user1_.password as password3_4_1_, user1_.role as role4_4_1_ from quiz quiz0_ left outer join quiz_user user1_ on quiz0_.user_id=user1_.id where quiz0_.id=?
?[0m?[0;34mHibernate: select user0_.id as id1_4_0_, user0_.email as email2_4_0_, user0_.password as password3_4_0_, user0_.role as role4_4_0_ from quiz_user user0_ where user0_.id=?
?[0m?[0;34mHibernate: select quiz0_.id as id1_1_0_, quiz0_.text as text2_1_0_, quiz0_.title as title3_1_0_, quiz0_.user_id as user_id4_1_0_, user1_.id as id1_4_1_, user1_.email as email2_4_1_, user1_.password as password3_4_1_, user1_.role as role4_4_1_ from quiz quiz0_ left outer join quiz_user user1_ on quiz0_.user_id=user1_.id where quiz0_.id=?
?[0m?[0;34mHibernate: select quiz0_.id as id1_1_0_, quiz0_.text as text2_1_0_, quiz0_.title as title3_1_0_, quiz0_.user_id as user_id4_1_0_, user1_.id as id1_4_1_, user1_.email as email2_4_1_, user1_.password as password3_4_1_, user1_.role as role4_4_1_ from quiz quiz0_ left outer join quiz_user user1_ on quiz0_.user_id=user1_.id where quiz0_.id=?
?[0m?[0;34mHibernate: select quiz0_.id as id1_1_0_, quiz0_.text as text2_1_0_, quiz0_.title as title3_1_0_, quiz0_.user_id as user_id4_1_0_, user1_.id as id1_4_1_, user1_.email as email2_4_1_, user1_.password as password3_4_1_, user1_.role as role4_4_1_ from quiz quiz0_ left outer join quiz_user user1_ on quiz0_.user_id=user1_.id where quiz0_.id=?
?[0m?[0;34mHibernate: select quiz0_.id as id1_1_0_, quiz0_.text as text2_1_0_, quiz0_.title as title3_1_0_, quiz0_.user_id as user_id4_1_0_, user1_.id as id1_4_1_, user1_.email as email2_4_1_, user1_.password as password3_4_1_, user1_.role as role4_4_1_ from quiz quiz0_ left outer join quiz_user user1_ on quiz0_.user_id=user1_.id where quiz0_.id=?
?[1;31m
Start test 170?[0m
?[0m?[0;34mHibernate: select user0_.id as id1_4_, user0_.email as email2_4_, user0_.password as password3_4_, user0_.role as role4_4_ from quiz_user user0_ where user0_.email=?
?[0m?[0;34mHibernate: select completedq0_.id as id1_0_, completedq0_.completed_at as complete2_0_, completedq0_.quiz_id as quiz_id3_0_, completedq0_.user_id as user_id4_0_ from completed_quiz completedq0_ where completedq0_.user_id=? order by completedq0_.completed_at desc limit ?
?[0m?[0;34mHibernate: select quiz0_.id as id1_1_0_, quiz0_.text as text2_1_0_, quiz0_.title as title3_1_0_, quiz0_.user_id as user_id4_1_0_, user1_.id as id1_4_1_, user1_.email as email2_4_1_, user1_.password as password3_4_1_, user1_.role as role4_4_1_ from quiz quiz0_ left outer join quiz_user user1_ on quiz0_.user_id=user1_.id where quiz0_.id=?
?[0m?[0;34mHibernate: select user0_.id as id1_4_0_, user0_.email as email2_4_0_, user0_.password as password3_4_0_, user0_.role as role4_4_0_ from quiz_user user0_ where user0_.id=?
?[0m?[0;34mHibernate: select quiz0_.id as id1_1_0_, quiz0_.text as text2_1_0_, quiz0_.title as title3_1_0_, quiz0_.user_id as user_id4_1_0_, user1_.id as id1_4_1_, user1_.email as email2_4_1_, user1_.password as password3_4_1_, user1_.role as role4_4_1_ from quiz quiz0_ left outer join quiz_user user1_ on quiz0_.user_id=user1_.id where quiz0_.id=?
?[0m?[0;34mHibernate: select quiz0_.id as id1_1_0_, quiz0_.text as text2_1_0_, quiz0_.title as title3_1_0_, quiz0_.user_id as user_id4_1_0_, user1_.id as id1_4_1_, user1_.email as email2_4_1_, user1_.password as password3_4_1_, user1_.role as role4_4_1_ from quiz quiz0_ left outer join quiz_user user1_ on quiz0_.user_id=user1_.id where quiz0_.id=?
?[0m?[0;34mHibernate: select quiz0_.id as id1_1_0_, quiz0_.text as text2_1_0_, quiz0_.title as title3_1_0_, quiz0_.user_id as user_id4_1_0_, user1_.id as id1_4_1_, user1_.email as email2_4_1_, user1_.password as password3_4_1_, user1_.role as role4_4_1_ from quiz quiz0_ left outer join quiz_user user1_ on quiz0_.user_id=user1_.id where quiz0_.id=?
?[0m?[0;34mHibernate: select quiz0_.id as id1_1_0_, quiz0_.text as text2_1_0_, quiz0_.title as title3_1_0_, quiz0_.user_id as user_id4_1_0_, user1_.id as id1_4_1_, user1_.email as email2_4_1_, user1_.password as password3_4_1_, user1_.role as role4_4_1_ from quiz quiz0_ left outer join quiz_user user1_ on quiz0_.user_id=user1_.id where quiz0_.id=?
?[1;31m
Start test 171?[0m
?[0m?[0;34mHibernate: select user0_.id as id1_4_, user0_.email as email2_4_, user0_.password as password3_4_, user0_.role as role4_4_ from quiz_user user0_ where user0_.email=?
?[0m?[0;34mHibernate: select completedq0_.id as id1_0_, completedq0_.completed_at as complete2_0_, completedq0_.quiz_id as quiz_id3_0_, completedq0_.user_id as user_id4_0_ from completed_quiz completedq0_ where completedq0_.user_id=? order by completedq0_.completed_at desc limit ?
?[0m?[0;34mHibernate: select quiz0_.id as id1_1_0_, quiz0_.text as text2_1_0_, quiz0_.title as title3_1_0_, quiz0_.user_id as user_id4_1_0_, user1_.id as id1_4_1_, user1_.email as email2_4_1_, user1_.password as password3_4_1_, user1_.role as role4_4_1_ from quiz quiz0_ left outer join quiz_user user1_ on quiz0_.user_id=user1_.id where quiz0_.id=?
?[0m?[0;34mHibernate: select user0_.id as id1_4_0_, user0_.email as email2_4_0_, user0_.password as password3_4_0_, user0_.role as role4_4_0_ from quiz_user user0_ where user0_.id=?
?[0m?[0;34mHibernate: select quiz0_.id as id1_1_0_, quiz0_.text as text2_1_0_, quiz0_.title as title3_1_0_, quiz0_.user_id as user_id4_1_0_, user1_.id as id1_4_1_, user1_.email as email2_4_1_, user1_.password as password3_4_1_, user1_.role as role4_4_1_ from quiz quiz0_ left outer join quiz_user user1_ on quiz0_.user_id=user1_.id where quiz0_.id=?
?[0m?[0;34mHibernate: select quiz0_.id as id1_1_0_, quiz0_.text as text2_1_0_, quiz0_.title as title3_1_0_, quiz0_.user_id as user_id4_1_0_, user1_.id as id1_4_1_, user1_.email as email2_4_1_, user1_.password as password3_4_1_, user1_.role as role4_4_1_ from quiz quiz0_ left outer join quiz_user user1_ on quiz0_.user_id=user1_.id where quiz0_.id=?
?[0m?[0;34mHibernate: select quiz0_.id as id1_1_0_, quiz0_.text as text2_1_0_, quiz0_.title as title3_1_0_, quiz0_.user_id as user_id4_1_0_, user1_.id as id1_4_1_, user1_.email as email2_4_1_, user1_.password as password3_4_1_, user1_.role as role4_4_1_ from quiz quiz0_ left outer join quiz_user user1_ on quiz0_.user_id=user1_.id where quiz0_.id=?
?[0m?[0;34mHibernate: select quiz0_.id as id1_1_0_, quiz0_.text as text2_1_0_, quiz0_.title as title3_1_0_, quiz0_.user_id as user_id4_1_0_, user1_.id as id1_4_1_, user1_.email as email2_4_1_, user1_.password as password3_4_1_, user1_.role as role4_4_1_ from quiz quiz0_ left outer join quiz_user user1_ on quiz0_.user_id=user1_.id where quiz0_.id=?
?[1;31m
Start test 172?[0m
?[0m?[0;34mHibernate: select user0_.id as id1_4_, user0_.email as email2_4_, user0_.password as password3_4_, user0_.role as role4_4_ from quiz_user user0_ where user0_.email=?
?[0m?[0;34mHibernate: select quiz0_.id as id1_1_0_, quiz0_.text as text2_1_0_, quiz0_.title as title3_1_0_, quiz0_.user_id as user_id4_1_0_, user1_.id as id1_4_1_, user1_.email as email2_4_1_, user1_.password as password3_4_1_, user1_.role as role4_4_1_ from quiz quiz0_ left outer join quiz_user user1_ on quiz0_.user_id=user1_.id where quiz0_.id=?
?[0m?[0;34mHibernate: select answers0_.quiz_id as quiz_id3_2_0_, answers0_.id as id1_2_0_, answers0_.id as id1_2_1_, answers0_.index as index2_2_1_ from quiz_answer answers0_ where answers0_.quiz_id=?
?[0m?[0;34mHibernate: insert into completed_quiz (id, completed_at, quiz_id, user_id) values (null, ?, ?, ?)
?[1;31m
Start test 173?[0m
?[0m?[0;34mHibernate: select user0_.id as id1_4_, user0_.email as email2_4_, user0_.password as password3_4_, user0_.role as role4_4_ from quiz_user user0_ where user0_.email=?
?[0m?[0;34mHibernate: select quiz0_.id as id1_1_0_, quiz0_.text as text2_1_0_, quiz0_.title as title3_1_0_, quiz0_.user_id as user_id4_1_0_, user1_.id as id1_4_1_, user1_.email as email2_4_1_, user1_.password as password3_4_1_, user1_.role as role4_4_1_ from quiz quiz0_ left outer join quiz_user user1_ on quiz0_.user_id=user1_.id where quiz0_.id=?
?[0m?[0;34mHibernate: select answers0_.quiz_id as quiz_id3_2_0_, answers0_.id as id1_2_0_, answers0_.id as id1_2_1_, answers0_.index as index2_2_1_ from quiz_answer answers0_ where answers0_.quiz_id=?
?[0m?[0;34mHibernate: insert into completed_quiz (id, completed_at, quiz_id, user_id) values (null, ?, ?, ?)
?[1;31m
Start test 174?[0m
?[0m?[0;34mHibernate: select user0_.id as id1_4_, user0_.email as email2_4_, user0_.password as password3_4_, user0_.role as role4_4_ from quiz_user user0_ where user0_.email=?
?[0m?[0;34mHibernate: select quiz0_.id as id1_1_0_, quiz0_.text as text2_1_0_, quiz0_.title as title3_1_0_, quiz0_.user_id as user_id4_1_0_, user1_.id as id1_4_1_, user1_.email as email2_4_1_, user1_.password as password3_4_1_, user1_.role as role4_4_1_ from quiz quiz0_ left outer join quiz_user user1_ on quiz0_.user_id=user1_.id where quiz0_.id=?
?[0m?[0;34mHibernate: select answers0_.quiz_id as quiz_id3_2_0_, answers0_.id as id1_2_0_, answers0_.id as id1_2_1_, answers0_.index as index2_2_1_ from quiz_answer answers0_ where answers0_.quiz_id=?
?[0m?[0;34mHibernate: insert into completed_quiz (id, completed_at, quiz_id, user_id) values (null, ?, ?, ?)
?[1;31m
Start test 175?[0m
?[0m?[0;34mHibernate: select user0_.id as id1_4_, user0_.email as email2_4_, user0_.password as password3_4_, user0_.role as role4_4_ from quiz_user user0_ where user0_.email=?
?[0m?[0;34mHibernate: select quiz0_.id as id1_1_0_, quiz0_.text as text2_1_0_, quiz0_.title as title3_1_0_, quiz0_.user_id as user_id4_1_0_, user1_.id as id1_4_1_, user1_.email as email2_4_1_, user1_.password as password3_4_1_, user1_.role as role4_4_1_ from quiz quiz0_ left outer join quiz_user user1_ on quiz0_.user_id=user1_.id where quiz0_.id=?
?[0m?[0;34mHibernate: select answers0_.quiz_id as quiz_id3_2_0_, answers0_.id as id1_2_0_, answers0_.id as id1_2_1_, answers0_.index as index2_2_1_ from quiz_answer answers0_ where answers0_.quiz_id=?
?[0m?[0;34mHibernate: insert into completed_quiz (id, completed_at, quiz_id, user_id) values (null, ?, ?, ?)
?[1;31m
Start test 176?[0m
?[0m?[0;34mHibernate: select user0_.id as id1_4_, user0_.email as email2_4_, user0_.password as password3_4_, user0_.role as role4_4_ from quiz_user user0_ where user0_.email=?
?[0m?[0;34mHibernate: select quiz0_.id as id1_1_0_, quiz0_.text as text2_1_0_, quiz0_.title as title3_1_0_, quiz0_.user_id as user_id4_1_0_, user1_.id as id1_4_1_, user1_.email as email2_4_1_, user1_.password as password3_4_1_, user1_.role as role4_4_1_ from quiz quiz0_ left outer join quiz_user user1_ on quiz0_.user_id=user1_.id where quiz0_.id=?
?[0m?[0;34mHibernate: select answers0_.quiz_id as quiz_id3_2_0_, answers0_.id as id1_2_0_, answers0_.id as id1_2_1_, answers0_.index as index2_2_1_ from quiz_answer answers0_ where answers0_.quiz_id=?
?[0m?[0;34mHibernate: insert into completed_quiz (id, completed_at, quiz_id, user_id) values (null, ?, ?, ?)
?[1;31m
Start test 177?[0m
?[0m?[0;34mHibernate: select user0_.id as id1_4_, user0_.email as email2_4_, user0_.password as password3_4_, user0_.role as role4_4_ from quiz_user user0_ where user0_.email=?
?[0m?[0;34mHibernate: select quiz0_.id as id1_1_0_, quiz0_.text as text2_1_0_, quiz0_.title as title3_1_0_, quiz0_.user_id as user_id4_1_0_, user1_.id as id1_4_1_, user1_.email as email2_4_1_, user1_.password as password3_4_1_, user1_.role as role4_4_1_ from quiz quiz0_ left outer join quiz_user user1_ on quiz0_.user_id=user1_.id where quiz0_.id=?
?[0m?[0;34mHibernate: select answers0_.quiz_id as quiz_id3_2_0_, answers0_.id as id1_2_0_, answers0_.id as id1_2_1_, answers0_.index as index2_2_1_ from quiz_answer answers0_ where answers0_.quiz_id=?
?[0m?[0;34mHibernate: insert into completed_quiz (id, completed_at, quiz_id, user_id) values (null, ?, ?, ?)
?[1;31m
Start test 178?[0m
?[0m?[0;34mHibernate: select user0_.id as id1_4_, user0_.email as email2_4_, user0_.password as password3_4_, user0_.role as role4_4_ from quiz_user user0_ where user0_.email=?
?[0m?[0;34mHibernate: select quiz0_.id as id1_1_0_, quiz0_.text as text2_1_0_, quiz0_.title as title3_1_0_, quiz0_.user_id as user_id4_1_0_, user1_.id as id1_4_1_, user1_.email as email2_4_1_, user1_.password as password3_4_1_, user1_.role as role4_4_1_ from quiz quiz0_ left outer join quiz_user user1_ on quiz0_.user_id=user1_.id where quiz0_.id=?
?[0m?[0;34mHibernate: select answers0_.quiz_id as quiz_id3_2_0_, answers0_.id as id1_2_0_, answers0_.id as id1_2_1_, answers0_.index as index2_2_1_ from quiz_answer answers0_ where answers0_.quiz_id=?
?[0m?[0;34mHibernate: insert into completed_quiz (id, completed_at, quiz_id, user_id) values (null, ?, ?, ?)
?[1;31m
Start test 179?[0m
?[0m?[0;34mHibernate: select user0_.id as id1_4_, user0_.email as email2_4_, user0_.password as password3_4_, user0_.role as role4_4_ from quiz_user user0_ where user0_.email=?
?[0m?[0;34mHibernate: select quiz0_.id as id1_1_0_, quiz0_.text as text2_1_0_, quiz0_.title as title3_1_0_, quiz0_.user_id as user_id4_1_0_, user1_.id as id1_4_1_, user1_.email as email2_4_1_, user1_.password as password3_4_1_, user1_.role as role4_4_1_ from quiz quiz0_ left outer join quiz_user user1_ on quiz0_.user_id=user1_.id where quiz0_.id=?
?[0m?[0;34mHibernate: select answers0_.quiz_id as quiz_id3_2_0_, answers0_.id as id1_2_0_, answers0_.id as id1_2_1_, answers0_.index as index2_2_1_ from quiz_answer answers0_ where answers0_.quiz_id=?
?[0m?[0;34mHibernate: insert into completed_quiz (id, completed_at, quiz_id, user_id) values (null, ?, ?, ?)
?[1;31m
Start test 180?[0m
?[0m?[0;34mHibernate: select user0_.id as id1_4_, user0_.email as email2_4_, user0_.password as password3_4_, user0_.role as role4_4_ from quiz_user user0_ where user0_.email=?
?[0m?[0;34mHibernate: select quiz0_.id as id1_1_0_, quiz0_.text as text2_1_0_, quiz0_.title as title3_1_0_, quiz0_.user_id as user_id4_1_0_, user1_.id as id1_4_1_, user1_.email as email2_4_1_, user1_.password as password3_4_1_, user1_.role as role4_4_1_ from quiz quiz0_ left outer join quiz_user user1_ on quiz0_.user_id=user1_.id where quiz0_.id=?
?[0m?[0;34mHibernate: select answers0_.quiz_id as quiz_id3_2_0_, answers0_.id as id1_2_0_, answers0_.id as id1_2_1_, answers0_.index as index2_2_1_ from quiz_answer answers0_ where answers0_.quiz_id=?
?[0m?[0;34mHibernate: insert into completed_quiz (id, completed_at, quiz_id, user_id) values (null, ?, ?, ?)
?[1;31m
Start test 181?[0m
?[0m?[0;34mHibernate: select user0_.id as id1_4_, user0_.email as email2_4_, user0_.password as password3_4_, user0_.role as role4_4_ from quiz_user user0_ where user0_.email=?
?[0m?[0;34mHibernate: select quiz0_.id as id1_1_0_, quiz0_.text as text2_1_0_, quiz0_.title as title3_1_0_, quiz0_.user_id as user_id4_1_0_, user1_.id as id1_4_1_, user1_.email as email2_4_1_, user1_.password as password3_4_1_, user1_.role as role4_4_1_ from quiz quiz0_ left outer join quiz_user user1_ on quiz0_.user_id=user1_.id where quiz0_.id=?
?[0m?[0;34mHibernate: select answers0_.quiz_id as quiz_id3_2_0_, answers0_.id as id1_2_0_, answers0_.id as id1_2_1_, answers0_.index as index2_2_1_ from quiz_answer answers0_ where answers0_.quiz_id=?
?[0m?[0;34mHibernate: insert into completed_quiz (id, completed_at, quiz_id, user_id) values (null, ?, ?, ?)
?[1;31m
Start test 182?[0m
?[0m?[0;34mHibernate: select user0_.id as id1_4_, user0_.email as email2_4_, user0_.password as password3_4_, user0_.role as role4_4_ from quiz_user user0_ where user0_.email=?
?[0m?[0;34mHibernate: select quiz0_.id as id1_1_0_, quiz0_.text as text2_1_0_, quiz0_.title as title3_1_0_, quiz0_.user_id as user_id4_1_0_, user1_.id as id1_4_1_, user1_.email as email2_4_1_, user1_.password as password3_4_1_, user1_.role as role4_4_1_ from quiz quiz0_ left outer join quiz_user user1_ on quiz0_.user_id=user1_.id where quiz0_.id=?
?[0m?[0;34mHibernate: select answers0_.quiz_id as quiz_id3_2_0_, answers0_.id as id1_2_0_, answers0_.id as id1_2_1_, answers0_.index as index2_2_1_ from quiz_answer answers0_ where answers0_.quiz_id=?
?[0m?[0;34mHibernate: insert into completed_quiz (id, completed_at, quiz_id, user_id) values (null, ?, ?, ?)
?[1;31m
Start test 183?[0m
?[0m?[0;34mHibernate: select user0_.id as id1_4_, user0_.email as email2_4_, user0_.password as password3_4_, user0_.role as role4_4_ from quiz_user user0_ where user0_.email=?
?[0m?[0;34mHibernate: select quiz0_.id as id1_1_0_, quiz0_.text as text2_1_0_, quiz0_.title as title3_1_0_, quiz0_.user_id as user_id4_1_0_, user1_.id as id1_4_1_, user1_.email as email2_4_1_, user1_.password as password3_4_1_, user1_.role as role4_4_1_ from quiz quiz0_ left outer join quiz_user user1_ on quiz0_.user_id=user1_.id where quiz0_.id=?
?[0m?[0;34mHibernate: select answers0_.quiz_id as quiz_id3_2_0_, answers0_.id as id1_2_0_, answers0_.id as id1_2_1_, answers0_.index as index2_2_1_ from quiz_answer answers0_ where answers0_.quiz_id=?
?[0m?[0;34mHibernate: insert into completed_quiz (id, completed_at, quiz_id, user_id) values (null, ?, ?, ?)
?[1;31m
Start test 184?[0m
?[0m?[0;34mHibernate: select user0_.id as id1_4_, user0_.email as email2_4_, user0_.password as password3_4_, user0_.role as role4_4_ from quiz_user user0_ where user0_.email=?
?[0m?[0;34mHibernate: select completedq0_.id as id1_0_, completedq0_.completed_at as complete2_0_, completedq0_.quiz_id as quiz_id3_0_, completedq0_.user_id as user_id4_0_ from completed_quiz completedq0_ where completedq0_.user_id=? order by completedq0_.completed_at desc limit ?
?[0m?[0;34mHibernate: select quiz0_.id as id1_1_0_, quiz0_.text as text2_1_0_, quiz0_.title as title3_1_0_, quiz0_.user_id as user_id4_1_0_, user1_.id as id1_4_1_, user1_.email as email2_4_1_, user1_.password as password3_4_1_, user1_.role as role4_4_1_ from quiz quiz0_ left outer join quiz_user user1_ on quiz0_.user_id=user1_.id where quiz0_.id=?
?[0m?[0;34mHibernate: select quiz0_.id as id1_1_0_, quiz0_.text as text2_1_0_, quiz0_.title as title3_1_0_, quiz0_.user_id as user_id4_1_0_, user1_.id as id1_4_1_, user1_.email as email2_4_1_, user1_.password as password3_4_1_, user1_.role as role4_4_1_ from quiz quiz0_ left outer join quiz_user user1_ on quiz0_.user_id=user1_.id where quiz0_.id=?
?[0m?[0;34mHibernate: select quiz0_.id as id1_1_0_, quiz0_.text as text2_1_0_, quiz0_.title as title3_1_0_, quiz0_.user_id as user_id4_1_0_, user1_.id as id1_4_1_, user1_.email as email2_4_1_, user1_.password as password3_4_1_, user1_.role as role4_4_1_ from quiz quiz0_ left outer join quiz_user user1_ on quiz0_.user_id=user1_.id where quiz0_.id=?
?[0m?[0;34mHibernate: select quiz0_.id as id1_1_0_, quiz0_.text as text2_1_0_, quiz0_.title as title3_1_0_, quiz0_.user_id as user_id4_1_0_, user1_.id as id1_4_1_, user1_.email as email2_4_1_, user1_.password as password3_4_1_, user1_.role as role4_4_1_ from quiz quiz0_ left outer join quiz_user user1_ on quiz0_.user_id=user1_.id where quiz0_.id=?
?[0m?[0;34mHibernate: select count(completedq0_.id) as col_0_0_ from completed_quiz completedq0_ where completedq0_.user_id=?
?[1;31m
Start test 185?[0m
?[0m?[0;34mHibernate: select user0_.id as id1_4_, user0_.email as email2_4_, user0_.password as password3_4_, user0_.role as role4_4_ from quiz_user user0_ where user0_.email=?
?[0m?[0;34mHibernate: select completedq0_.id as id1_0_, completedq0_.completed_at as complete2_0_, completedq0_.quiz_id as quiz_id3_0_, completedq0_.user_id as user_id4_0_ from completed_quiz completedq0_ where completedq0_.user_id=? order by completedq0_.completed_at desc limit ?
?[0m?[0;34mHibernate: select quiz0_.id as id1_1_0_, quiz0_.text as text2_1_0_, quiz0_.title as title3_1_0_, quiz0_.user_id as user_id4_1_0_, user1_.id as id1_4_1_, user1_.email as email2_4_1_, user1_.password as password3_4_1_, user1_.role as role4_4_1_ from quiz quiz0_ left outer join quiz_user user1_ on quiz0_.user_id=user1_.id where quiz0_.id=?
?[0m?[0;34mHibernate: select quiz0_.id as id1_1_0_, quiz0_.text as text2_1_0_, quiz0_.title as title3_1_0_, quiz0_.user_id as user_id4_1_0_, user1_.id as id1_4_1_, user1_.email as email2_4_1_, user1_.password as password3_4_1_, user1_.role as role4_4_1_ from quiz quiz0_ left outer join quiz_user user1_ on quiz0_.user_id=user1_.id where quiz0_.id=?
?[0m?[0;34mHibernate: select quiz0_.id as id1_1_0_, quiz0_.text as text2_1_0_, quiz0_.title as title3_1_0_, quiz0_.user_id as user_id4_1_0_, user1_.id as id1_4_1_, user1_.email as email2_4_1_, user1_.password as password3_4_1_, user1_.role as role4_4_1_ from quiz quiz0_ left outer join quiz_user user1_ on quiz0_.user_id=user1_.id where quiz0_.id=?
?[0m?[0;34mHibernate: select quiz0_.id as id1_1_0_, quiz0_.text as text2_1_0_, quiz0_.title as title3_1_0_, quiz0_.user_id as user_id4_1_0_, user1_.id as id1_4_1_, user1_.email as email2_4_1_, user1_.password as password3_4_1_, user1_.role as role4_4_1_ from quiz quiz0_ left outer join quiz_user user1_ on quiz0_.user_id=user1_.id where quiz0_.id=?
?[0m?[0;34mHibernate: select count(completedq0_.id) as col_0_0_ from completed_quiz completedq0_ where completedq0_.user_id=?
?[1;31m
Start test 186?[0m
?[0m?[0;34mHibernate: select user0_.id as id1_4_, user0_.email as email2_4_, user0_.password as password3_4_, user0_.role as role4_4_ from quiz_user user0_ where user0_.email=?
?[0m?[0;34mHibernate: select completedq0_.id as id1_0_, completedq0_.completed_at as complete2_0_, completedq0_.quiz_id as quiz_id3_0_, completedq0_.user_id as user_id4_0_ from completed_quiz completedq0_ where completedq0_.user_id=? order by completedq0_.completed_at desc limit ?
?[0m?[0;34mHibernate: select quiz0_.id as id1_1_0_, quiz0_.text as text2_1_0_, quiz0_.title as title3_1_0_, quiz0_.user_id as user_id4_1_0_, user1_.id as id1_4_1_, user1_.email as email2_4_1_, user1_.password as password3_4_1_, user1_.role as role4_4_1_ from quiz quiz0_ left outer join quiz_user user1_ on quiz0_.user_id=user1_.id where quiz0_.id=?
?[0m?[0;34mHibernate: select quiz0_.id as id1_1_0_, quiz0_.text as text2_1_0_, quiz0_.title as title3_1_0_, quiz0_.user_id as user_id4_1_0_, user1_.id as id1_4_1_, user1_.email as email2_4_1_, user1_.password as password3_4_1_, user1_.role as role4_4_1_ from quiz quiz0_ left outer join quiz_user user1_ on quiz0_.user_id=user1_.id where quiz0_.id=?
?[0m?[0;34mHibernate: select quiz0_.id as id1_1_0_, quiz0_.text as text2_1_0_, quiz0_.title as title3_1_0_, quiz0_.user_id as user_id4_1_0_, user1_.id as id1_4_1_, user1_.email as email2_4_1_, user1_.password as password3_4_1_, user1_.role as role4_4_1_ from quiz quiz0_ left outer join quiz_user user1_ on quiz0_.user_id=user1_.id where quiz0_.id=?
?[0m?[0;34mHibernate: select quiz0_.id as id1_1_0_, quiz0_.text as text2_1_0_, quiz0_.title as title3_1_0_, quiz0_.user_id as user_id4_1_0_, user1_.id as id1_4_1_, user1_.email as email2_4_1_, user1_.password as password3_4_1_, user1_.role as role4_4_1_ from quiz quiz0_ left outer join quiz_user user1_ on quiz0_.user_id=user1_.id where quiz0_.id=?
?[0m?[0;34mHibernate: select count(completedq0_.id) as col_0_0_ from completed_quiz completedq0_ where completedq0_.user_id=?
?[1;31m
Start test 187?[0m
?[0m?[0;34mHibernate: select user0_.id as id1_4_, user0_.email as email2_4_, user0_.password as password3_4_, user0_.role as role4_4_ from quiz_user user0_ where user0_.email=?
?[0m?[0;34mHibernate: select completedq0_.id as id1_0_, completedq0_.completed_at as complete2_0_, completedq0_.quiz_id as quiz_id3_0_, completedq0_.user_id as user_id4_0_ from completed_quiz completedq0_ where completedq0_.user_id=? order by completedq0_.completed_at desc limit ?
?[0m?[0;34mHibernate: select quiz0_.id as id1_1_0_, quiz0_.text as text2_1_0_, quiz0_.title as title3_1_0_, quiz0_.user_id as user_id4_1_0_, user1_.id as id1_4_1_, user1_.email as email2_4_1_, user1_.password as password3_4_1_, user1_.role as role4_4_1_ from quiz quiz0_ left outer join quiz_user user1_ on quiz0_.user_id=user1_.id where quiz0_.id=?
?[0m?[0;34mHibernate: select quiz0_.id as id1_1_0_, quiz0_.text as text2_1_0_, quiz0_.title as title3_1_0_, quiz0_.user_id as user_id4_1_0_, user1_.id as id1_4_1_, user1_.email as email2_4_1_, user1_.password as password3_4_1_, user1_.role as role4_4_1_ from quiz quiz0_ left outer join quiz_user user1_ on quiz0_.user_id=user1_.id where quiz0_.id=?
?[0m?[0;34mHibernate: select quiz0_.id as id1_1_0_, quiz0_.text as text2_1_0_, quiz0_.title as title3_1_0_, quiz0_.user_id as user_id4_1_0_, user1_.id as id1_4_1_, user1_.email as email2_4_1_, user1_.password as password3_4_1_, user1_.role as role4_4_1_ from quiz quiz0_ left outer join quiz_user user1_ on quiz0_.user_id=user1_.id where quiz0_.id=?
?[0m?[0;34mHibernate: select quiz0_.id as id1_1_0_, quiz0_.text as text2_1_0_, quiz0_.title as title3_1_0_, quiz0_.user_id as user_id4_1_0_, user1_.id as id1_4_1_, user1_.email as email2_4_1_, user1_.password as password3_4_1_, user1_.role as role4_4_1_ from quiz quiz0_ left outer join quiz_user user1_ on quiz0_.user_id=user1_.id where quiz0_.id=?
?[0m?[0;34mHibernate: select count(completedq0_.id) as col_0_0_ from completed_quiz completedq0_ where completedq0_.user_id=?
?[1;31m
Start test 188?[0m
?[0m?[0;34mHibernate: select user0_.id as id1_4_, user0_.email as email2_4_, user0_.password as password3_4_, user0_.role as role4_4_ from quiz_user user0_ where user0_.email=?
?[0m?[0;34mHibernate: select completedq0_.id as id1_0_, completedq0_.completed_at as complete2_0_, completedq0_.quiz_id as quiz_id3_0_, completedq0_.user_id as user_id4_0_ from completed_quiz completedq0_ where completedq0_.user_id=? order by completedq0_.completed_at desc limit ?
?[0m?[0;34mHibernate: select quiz0_.id as id1_1_0_, quiz0_.text as text2_1_0_, quiz0_.title as title3_1_0_, quiz0_.user_id as user_id4_1_0_, user1_.id as id1_4_1_, user1_.email as email2_4_1_, user1_.password as password3_4_1_, user1_.role as role4_4_1_ from quiz quiz0_ left outer join quiz_user user1_ on quiz0_.user_id=user1_.id where quiz0_.id=?
?[0m?[0;34mHibernate: select quiz0_.id as id1_1_0_, quiz0_.text as text2_1_0_, quiz0_.title as title3_1_0_, quiz0_.user_id as user_id4_1_0_, user1_.id as id1_4_1_, user1_.email as email2_4_1_, user1_.password as password3_4_1_, user1_.role as role4_4_1_ from quiz quiz0_ left outer join quiz_user user1_ on quiz0_.user_id=user1_.id where quiz0_.id=?
?[0m?[0;34mHibernate: select quiz0_.id as id1_1_0_, quiz0_.text as text2_1_0_, quiz0_.title as title3_1_0_, quiz0_.user_id as user_id4_1_0_, user1_.id as id1_4_1_, user1_.email as email2_4_1_, user1_.password as password3_4_1_, user1_.role as role4_4_1_ from quiz quiz0_ left outer join quiz_user user1_ on quiz0_.user_id=user1_.id where quiz0_.id=?
?[0m?[0;34mHibernate: select quiz0_.id as id1_1_0_, quiz0_.text as text2_1_0_, quiz0_.title as title3_1_0_, quiz0_.user_id as user_id4_1_0_, user1_.id as id1_4_1_, user1_.email as email2_4_1_, user1_.password as password3_4_1_, user1_.role as role4_4_1_ from quiz quiz0_ left outer join quiz_user user1_ on quiz0_.user_id=user1_.id where quiz0_.id=?
?[0m?[0;34mHibernate: select count(completedq0_.id) as col_0_0_ from completed_quiz completedq0_ where completedq0_.user_id=?
?[1;31m
Start test 189?[0m
?[0m?[0;34mHibernate: select user0_.id as id1_4_, user0_.email as email2_4_, user0_.password as password3_4_, user0_.role as role4_4_ from quiz_user user0_ where user0_.email=?
?[0m?[0;34mHibernate: select completedq0_.id as id1_0_, completedq0_.completed_at as complete2_0_, completedq0_.quiz_id as quiz_id3_0_, completedq0_.user_id as user_id4_0_ from completed_quiz completedq0_ where completedq0_.user_id=? order by completedq0_.completed_at desc limit ?
?[0m?[0;34mHibernate: select quiz0_.id as id1_1_0_, quiz0_.text as text2_1_0_, quiz0_.title as title3_1_0_, quiz0_.user_id as user_id4_1_0_, user1_.id as id1_4_1_, user1_.email as email2_4_1_, user1_.password as password3_4_1_, user1_.role as role4_4_1_ from quiz quiz0_ left outer join quiz_user user1_ on quiz0_.user_id=user1_.id where quiz0_.id=?
?[0m?[0;34mHibernate: select quiz0_.id as id1_1_0_, quiz0_.text as text2_1_0_, quiz0_.title as title3_1_0_, quiz0_.user_id as user_id4_1_0_, user1_.id as id1_4_1_, user1_.email as email2_4_1_, user1_.password as password3_4_1_, user1_.role as role4_4_1_ from quiz quiz0_ left outer join quiz_user user1_ on quiz0_.user_id=user1_.id where quiz0_.id=?
?[0m?[0;34mHibernate: select quiz0_.id as id1_1_0_, quiz0_.text as text2_1_0_, quiz0_.title as title3_1_0_, quiz0_.user_id as user_id4_1_0_, user1_.id as id1_4_1_, user1_.email as email2_4_1_, user1_.password as password3_4_1_, user1_.role as role4_4_1_ from quiz quiz0_ left outer join quiz_user user1_ on quiz0_.user_id=user1_.id where quiz0_.id=?
?[0m?[0;34mHibernate: select quiz0_.id as id1_1_0_, quiz0_.text as text2_1_0_, quiz0_.title as title3_1_0_, quiz0_.user_id as user_id4_1_0_, user1_.id as id1_4_1_, user1_.email as email2_4_1_, user1_.password as password3_4_1_, user1_.role as role4_4_1_ from quiz quiz0_ left outer join quiz_user user1_ on quiz0_.user_id=user1_.id where quiz0_.id=?
?[0m?[0;34mHibernate: select count(completedq0_.id) as col_0_0_ from completed_quiz completedq0_ where completedq0_.user_id=?
?[1;31m
Start test 190?[0m
?[0m?[0;34mHibernate: select user0_.id as id1_4_, user0_.email as email2_4_, user0_.password as password3_4_, user0_.role as role4_4_ from quiz_user user0_ where user0_.email=?
?[0m?[0;34mHibernate: select completedq0_.id as id1_0_, completedq0_.completed_at as complete2_0_, completedq0_.quiz_id as quiz_id3_0_, completedq0_.user_id as user_id4_0_ from completed_quiz completedq0_ where completedq0_.user_id=? order by completedq0_.completed_at desc limit ? offset ?
?[0m?[0;34mHibernate: select quiz0_.id as id1_1_0_, quiz0_.text as text2_1_0_, quiz0_.title as title3_1_0_, quiz0_.user_id as user_id4_1_0_, user1_.id as id1_4_1_, user1_.email as email2_4_1_, user1_.password as password3_4_1_, user1_.role as role4_4_1_ from quiz quiz0_ left outer join quiz_user user1_ on quiz0_.user_id=user1_.id where quiz0_.id=?
?[1;31m
Start test 191?[0m
?[0m?[0;34mHibernate: select user0_.id as id1_4_, user0_.email as email2_4_, user0_.password as password3_4_, user0_.role as role4_4_ from quiz_user user0_ where user0_.email=?
?[0m?[0;34mHibernate: select completedq0_.id as id1_0_, completedq0_.completed_at as complete2_0_, completedq0_.quiz_id as quiz_id3_0_, completedq0_.user_id as user_id4_0_ from completed_quiz completedq0_ where completedq0_.user_id=? order by completedq0_.completed_at desc limit ?
?[0m?[0;34mHibernate: select quiz0_.id as id1_1_0_, quiz0_.text as text2_1_0_, quiz0_.title as title3_1_0_, quiz0_.user_id as user_id4_1_0_, user1_.id as id1_4_1_, user1_.email as email2_4_1_, user1_.password as password3_4_1_, user1_.role as role4_4_1_ from quiz quiz0_ left outer join quiz_user user1_ on quiz0_.user_id=user1_.id where quiz0_.id=?
?[0m?[0;34mHibernate: select user0_.id as id1_4_0_, user0_.email as email2_4_0_, user0_.password as password3_4_0_, user0_.role as role4_4_0_ from quiz_user user0_ where user0_.id=?
?[0m?[0;34mHibernate: select quiz0_.id as id1_1_0_, quiz0_.text as text2_1_0_, quiz0_.title as title3_1_0_, quiz0_.user_id as user_id4_1_0_, user1_.id as id1_4_1_, user1_.email as email2_4_1_, user1_.password as password3_4_1_, user1_.role as role4_4_1_ from quiz quiz0_ left outer join quiz_user user1_ on quiz0_.user_id=user1_.id where quiz0_.id=?
?[0m?[0;34mHibernate: select quiz0_.id as id1_1_0_, quiz0_.text as text2_1_0_, quiz0_.title as title3_1_0_, quiz0_.user_id as user_id4_1_0_, user1_.id as id1_4_1_, user1_.email as email2_4_1_, user1_.password as password3_4_1_, user1_.role as role4_4_1_ from quiz quiz0_ left outer join quiz_user user1_ on quiz0_.user_id=user1_.id where quiz0_.id=?
?[0m?[0;34mHibernate: select quiz0_.id as id1_1_0_, quiz0_.text as text2_1_0_, quiz0_.title as title3_1_0_, quiz0_.user_id as user_id4_1_0_, user1_.id as id1_4_1_, user1_.email as email2_4_1_, user1_.password as password3_4_1_, user1_.role as role4_4_1_ from quiz quiz0_ left outer join quiz_user user1_ on quiz0_.user_id=user1_.id where quiz0_.id=?
?[0m?[0;34mHibernate: select count(completedq0_.id) as col_0_0_ from completed_quiz completedq0_ where completedq0_.user_id=?
?[1;31m
Start test 192?[0m
?[0m?[0;34mHibernate: select user0_.id as id1_4_, user0_.email as email2_4_, user0_.password as password3_4_, user0_.role as role4_4_ from quiz_user user0_ where user0_.email=?
?[0m?[0;34mHibernate: select completedq0_.id as id1_0_, completedq0_.completed_at as complete2_0_, completedq0_.quiz_id as quiz_id3_0_, completedq0_.user_id as user_id4_0_ from completed_quiz completedq0_ where completedq0_.user_id=? order by completedq0_.completed_at desc limit ?
?[0m?[0;34mHibernate: select quiz0_.id as id1_1_0_, quiz0_.text as text2_1_0_, quiz0_.title as title3_1_0_, quiz0_.user_id as user_id4_1_0_, user1_.id as id1_4_1_, user1_.email as email2_4_1_, user1_.password as password3_4_1_, user1_.role as role4_4_1_ from quiz quiz0_ left outer join quiz_user user1_ on quiz0_.user_id=user1_.id where quiz0_.id=?
?[0m?[0;34mHibernate: select user0_.id as id1_4_0_, user0_.email as email2_4_0_, user0_.password as password3_4_0_, user0_.role as role4_4_0_ from quiz_user user0_ where user0_.id=?
?[0m?[0;34mHibernate: select quiz0_.id as id1_1_0_, quiz0_.text as text2_1_0_, quiz0_.title as title3_1_0_, quiz0_.user_id as user_id4_1_0_, user1_.id as id1_4_1_, user1_.email as email2_4_1_, user1_.password as password3_4_1_, user1_.role as role4_4_1_ from quiz quiz0_ left outer join quiz_user user1_ on quiz0_.user_id=user1_.id where quiz0_.id=?
?[0m?[0;34mHibernate: select quiz0_.id as id1_1_0_, quiz0_.text as text2_1_0_, quiz0_.title as title3_1_0_, quiz0_.user_id as user_id4_1_0_, user1_.id as id1_4_1_, user1_.email as email2_4_1_, user1_.password as password3_4_1_, user1_.role as role4_4_1_ from quiz quiz0_ left outer join quiz_user user1_ on quiz0_.user_id=user1_.id where quiz0_.id=?
?[0m?[0;34mHibernate: select quiz0_.id as id1_1_0_, quiz0_.text as text2_1_0_, quiz0_.title as title3_1_0_, quiz0_.user_id as user_id4_1_0_, user1_.id as id1_4_1_, user1_.email as email2_4_1_, user1_.password as password3_4_1_, user1_.role as role4_4_1_ from quiz quiz0_ left outer join quiz_user user1_ on quiz0_.user_id=user1_.id where quiz0_.id=?
?[0m?[0;34mHibernate: select count(completedq0_.id) as col_0_0_ from completed_quiz completedq0_ where completedq0_.user_id=?
?[1;31m
Start test 193?[0m
?[0m?[0;34mHibernate: select user0_.id as id1_4_, user0_.email as email2_4_, user0_.password as password3_4_, user0_.role as role4_4_ from quiz_user user0_ where user0_.email=?
?[0m?[0;34mHibernate: select completedq0_.id as id1_0_, completedq0_.completed_at as complete2_0_, completedq0_.quiz_id as quiz_id3_0_, completedq0_.user_id as user_id4_0_ from completed_quiz completedq0_ where completedq0_.user_id=? order by completedq0_.completed_at desc limit ?
?[0m?[0;34mHibernate: select quiz0_.id as id1_1_0_, quiz0_.text as text2_1_0_, quiz0_.title as title3_1_0_, quiz0_.user_id as user_id4_1_0_, user1_.id as id1_4_1_, user1_.email as email2_4_1_, user1_.password as password3_4_1_, user1_.role as role4_4_1_ from quiz quiz0_ left outer join quiz_user user1_ on quiz0_.user_id=user1_.id where quiz0_.id=?
?[0m?[0;34mHibernate: select user0_.id as id1_4_0_, user0_.email as email2_4_0_, user0_.password as password3_4_0_, user0_.role as role4_4_0_ from quiz_user user0_ where user0_.id=?
?[0m?[0;34mHibernate: select quiz0_.id as id1_1_0_, quiz0_.text as text2_1_0_, quiz0_.title as title3_1_0_, quiz0_.user_id as user_id4_1_0_, user1_.id as id1_4_1_, user1_.email as email2_4_1_, user1_.password as password3_4_1_, user1_.role as role4_4_1_ from quiz quiz0_ left outer join quiz_user user1_ on quiz0_.user_id=user1_.id where quiz0_.id=?
?[0m?[0;34mHibernate: select quiz0_.id as id1_1_0_, quiz0_.text as text2_1_0_, quiz0_.title as title3_1_0_, quiz0_.user_id as user_id4_1_0_, user1_.id as id1_4_1_, user1_.email as email2_4_1_, user1_.password as password3_4_1_, user1_.role as role4_4_1_ from quiz quiz0_ left outer join quiz_user user1_ on quiz0_.user_id=user1_.id where quiz0_.id=?
?[0m?[0;34mHibernate: select quiz0_.id as id1_1_0_, quiz0_.text as text2_1_0_, quiz0_.title as title3_1_0_, quiz0_.user_id as user_id4_1_0_, user1_.id as id1_4_1_, user1_.email as email2_4_1_, user1_.password as password3_4_1_, user1_.role as role4_4_1_ from quiz quiz0_ left outer join quiz_user user1_ on quiz0_.user_id=user1_.id where quiz0_.id=?
?[0m?[0;34mHibernate: select count(completedq0_.id) as col_0_0_ from completed_quiz completedq0_ where completedq0_.user_id=?
?[1;31m
Start test 194?[0m
?[0m?[0;34mHibernate: select user0_.id as id1_4_, user0_.email as email2_4_, user0_.password as password3_4_, user0_.role as role4_4_ from quiz_user user0_ where user0_.email=?
?[0m?[0;34mHibernate: select completedq0_.id as id1_0_, completedq0_.completed_at as complete2_0_, completedq0_.quiz_id as quiz_id3_0_, completedq0_.user_id as user_id4_0_ from completed_quiz completedq0_ where completedq0_.user_id=? order by completedq0_.completed_at desc limit ?
?[0m?[0;34mHibernate: select quiz0_.id as id1_1_0_, quiz0_.text as text2_1_0_, quiz0_.title as title3_1_0_, quiz0_.user_id as user_id4_1_0_, user1_.id as id1_4_1_, user1_.email as email2_4_1_, user1_.password as password3_4_1_, user1_.role as role4_4_1_ from quiz quiz0_ left outer join quiz_user user1_ on quiz0_.user_id=user1_.id where quiz0_.id=?
?[0m?[0;34mHibernate: select user0_.id as id1_4_0_, user0_.email as email2_4_0_, user0_.password as password3_4_0_, user0_.role as role4_4_0_ from quiz_user user0_ where user0_.id=?
?[0m?[0;34mHibernate: select quiz0_.id as id1_1_0_, quiz0_.text as text2_1_0_, quiz0_.title as title3_1_0_, quiz0_.user_id as user_id4_1_0_, user1_.id as id1_4_1_, user1_.email as email2_4_1_, user1_.password as password3_4_1_, user1_.role as role4_4_1_ from quiz quiz0_ left outer join quiz_user user1_ on quiz0_.user_id=user1_.id where quiz0_.id=?
?[0m?[0;34mHibernate: select quiz0_.id as id1_1_0_, quiz0_.text as text2_1_0_, quiz0_.title as title3_1_0_, quiz0_.user_id as user_id4_1_0_, user1_.id as id1_4_1_, user1_.email as email2_4_1_, user1_.password as password3_4_1_, user1_.role as role4_4_1_ from quiz quiz0_ left outer join quiz_user user1_ on quiz0_.user_id=user1_.id where quiz0_.id=?
?[0m?[0;34mHibernate: select quiz0_.id as id1_1_0_, quiz0_.text as text2_1_0_, quiz0_.title as title3_1_0_, quiz0_.user_id as user_id4_1_0_, user1_.id as id1_4_1_, user1_.email as email2_4_1_, user1_.password as password3_4_1_, user1_.role as role4_4_1_ from quiz quiz0_ left outer join quiz_user user1_ on quiz0_.user_id=user1_.id where quiz0_.id=?
?[0m?[0;34mHibernate: select count(completedq0_.id) as col_0_0_ from completed_quiz completedq0_ where completedq0_.user_id=?
?[1;31m
Start test 195?[0m
?[0m?[0;34mHibernate: select user0_.id as id1_4_, user0_.email as email2_4_, user0_.password as password3_4_, user0_.role as role4_4_ from quiz_user user0_ where user0_.email=?
?[0m?[0;34mHibernate: select completedq0_.id as id1_0_, completedq0_.completed_at as complete2_0_, completedq0_.quiz_id as quiz_id3_0_, completedq0_.user_id as user_id4_0_ from completed_quiz completedq0_ where completedq0_.user_id=? order by completedq0_.completed_at desc limit ?
?[0m?[0;34mHibernate: select quiz0_.id as id1_1_0_, quiz0_.text as text2_1_0_, quiz0_.title as title3_1_0_, quiz0_.user_id as user_id4_1_0_, user1_.id as id1_4_1_, user1_.email as email2_4_1_, user1_.password as password3_4_1_, user1_.role as role4_4_1_ from quiz quiz0_ left outer join quiz_user user1_ on quiz0_.user_id=user1_.id where quiz0_.id=?
?[0m?[0;34mHibernate: select user0_.id as id1_4_0_, user0_.email as email2_4_0_, user0_.password as password3_4_0_, user0_.role as role4_4_0_ from quiz_user user0_ where user0_.id=?
?[0m?[0;34mHibernate: select quiz0_.id as id1_1_0_, quiz0_.text as text2_1_0_, quiz0_.title as title3_1_0_, quiz0_.user_id as user_id4_1_0_, user1_.id as id1_4_1_, user1_.email as email2_4_1_, user1_.password as password3_4_1_, user1_.role as role4_4_1_ from quiz quiz0_ left outer join quiz_user user1_ on quiz0_.user_id=user1_.id where quiz0_.id=?
?[0m?[0;34mHibernate: select quiz0_.id as id1_1_0_, quiz0_.text as text2_1_0_, quiz0_.title as title3_1_0_, quiz0_.user_id as user_id4_1_0_, user1_.id as id1_4_1_, user1_.email as email2_4_1_, user1_.password as password3_4_1_, user1_.role as role4_4_1_ from quiz quiz0_ left outer join quiz_user user1_ on quiz0_.user_id=user1_.id where quiz0_.id=?
?[0m?[0;34mHibernate: select quiz0_.id as id1_1_0_, quiz0_.text as text2_1_0_, quiz0_.title as title3_1_0_, quiz0_.user_id as user_id4_1_0_, user1_.id as id1_4_1_, user1_.email as email2_4_1_, user1_.password as password3_4_1_, user1_.role as role4_4_1_ from quiz quiz0_ left outer join quiz_user user1_ on quiz0_.user_id=user1_.id where quiz0_.id=?
?[0m?[0;34mHibernate: select count(completedq0_.id) as col_0_0_ from completed_quiz completedq0_ where completedq0_.user_id=?
?[1;31m
Start test 196?[0m
?[0m?[0;34mHibernate: select user0_.id as id1_4_, user0_.email as email2_4_, user0_.password as password3_4_, user0_.role as role4_4_ from quiz_user user0_ where user0_.email=?
?[0m?[0;34mHibernate: select completedq0_.id as id1_0_, completedq0_.completed_at as complete2_0_, completedq0_.quiz_id as quiz_id3_0_, completedq0_.user_id as user_id4_0_ from completed_quiz completedq0_ where completedq0_.user_id=? order by completedq0_.completed_at desc limit ?
?[0m?[0;34mHibernate: select quiz0_.id as id1_1_0_, quiz0_.text as text2_1_0_, quiz0_.title as title3_1_0_, quiz0_.user_id as user_id4_1_0_, user1_.id as id1_4_1_, user1_.email as email2_4_1_, user1_.password as password3_4_1_, user1_.role as role4_4_1_ from quiz quiz0_ left outer join quiz_user user1_ on quiz0_.user_id=user1_.id where quiz0_.id=?
?[0m?[0;34mHibernate: select user0_.id as id1_4_0_, user0_.email as email2_4_0_, user0_.password as password3_4_0_, user0_.role as role4_4_0_ from quiz_user user0_ where user0_.id=?
?[0m?[0;34mHibernate: select quiz0_.id as id1_1_0_, quiz0_.text as text2_1_0_, quiz0_.title as title3_1_0_, quiz0_.user_id as user_id4_1_0_, user1_.id as id1_4_1_, user1_.email as email2_4_1_, user1_.password as password3_4_1_, user1_.role as role4_4_1_ from quiz quiz0_ left outer join quiz_user user1_ on quiz0_.user_id=user1_.id where quiz0_.id=?
?[0m?[0;34mHibernate: select quiz0_.id as id1_1_0_, quiz0_.text as text2_1_0_, quiz0_.title as title3_1_0_, quiz0_.user_id as user_id4_1_0_, user1_.id as id1_4_1_, user1_.email as email2_4_1_, user1_.password as password3_4_1_, user1_.role as role4_4_1_ from quiz quiz0_ left outer join quiz_user user1_ on quiz0_.user_id=user1_.id where quiz0_.id=?
?[0m?[0;34mHibernate: select quiz0_.id as id1_1_0_, quiz0_.text as text2_1_0_, quiz0_.title as title3_1_0_, quiz0_.user_id as user_id4_1_0_, user1_.id as id1_4_1_, user1_.email as email2_4_1_, user1_.password as password3_4_1_, user1_.role as role4_4_1_ from quiz quiz0_ left outer join quiz_user user1_ on quiz0_.user_id=user1_.id where quiz0_.id=?
?[0m?[0;34mHibernate: select count(completedq0_.id) as col_0_0_ from completed_quiz completedq0_ where completedq0_.user_id=?
?[1;31m
Start test 197?[0m
?[0m?[0;34mHibernate: select user0_.id as id1_4_, user0_.email as email2_4_, user0_.password as password3_4_, user0_.role as role4_4_ from quiz_user user0_ where user0_.email=?
?[0m?[0;34mHibernate: select completedq0_.id as id1_0_, completedq0_.completed_at as complete2_0_, completedq0_.quiz_id as quiz_id3_0_, completedq0_.user_id as user_id4_0_ from completed_quiz completedq0_ where completedq0_.user_id=? order by completedq0_.completed_at desc limit ? offset ?
?[0m?[0;34mHibernate: select quiz0_.id as id1_1_0_, quiz0_.text as text2_1_0_, quiz0_.title as title3_1_0_, quiz0_.user_id as user_id4_1_0_, user1_.id as id1_4_1_, user1_.email as email2_4_1_, user1_.password as password3_4_1_, user1_.role as role4_4_1_ from quiz quiz0_ left outer join quiz_user user1_ on quiz0_.user_id=user1_.id where quiz0_.id=?
?[0m?[0;34mHibernate: select user0_.id as id1_4_0_, user0_.email as email2_4_0_, user0_.password as password3_4_0_, user0_.role as role4_4_0_ from quiz_user user0_ where user0_.id=?
?[0m?[0;34mHibernate: select quiz0_.id as id1_1_0_, quiz0_.text as text2_1_0_, quiz0_.title as title3_1_0_, quiz0_.user_id as user_id4_1_0_, user1_.id as id1_4_1_, user1_.email as email2_4_1_, user1_.password as password3_4_1_, user1_.role as role4_4_1_ from quiz quiz0_ left outer join quiz_user user1_ on quiz0_.user_id=user1_.id where quiz0_.id=?
?[1;31m
Start test 198?[0m
?[0m?[0;34mHibernate: select user0_.id as id1_4_, user0_.email as email2_4_, user0_.password as password3_4_, user0_.role as role4_4_ from quiz_user user0_ where user0_.email=?
?[0m?[0;34mHibernate: select completedq0_.id as id1_0_, completedq0_.completed_at as complete2_0_, completedq0_.quiz_id as quiz_id3_0_, completedq0_.user_id as user_id4_0_ from completed_quiz completedq0_ where completedq0_.user_id=? order by completedq0_.completed_at desc limit ? offset ?
?[0m?[0;34mHibernate: select quiz0_.id as id1_1_0_, quiz0_.text as text2_1_0_, quiz0_.title as title3_1_0_, quiz0_.user_id as user_id4_1_0_, user1_.id as id1_4_1_, user1_.email as email2_4_1_, user1_.password as password3_4_1_, user1_.role as role4_4_1_ from quiz quiz0_ left outer join quiz_user user1_ on quiz0_.user_id=user1_.id where quiz0_.id=?
?[0m?[0;34mHibernate: select user0_.id as id1_4_0_, user0_.email as email2_4_0_, user0_.password as password3_4_0_, user0_.role as role4_4_0_ from quiz_user user0_ where user0_.id=?
?[0m?[0;34mHibernate: select quiz0_.id as id1_1_0_, quiz0_.text as text2_1_0_, quiz0_.title as title3_1_0_, quiz0_.user_id as user_id4_1_0_, user1_.id as id1_4_1_, user1_.email as email2_4_1_, user1_.password as password3_4_1_, user1_.role as role4_4_1_ from quiz quiz0_ left outer join quiz_user user1_ on quiz0_.user_id=user1_.id where quiz0_.id=?
?[1;31m
Start test 199?[0m
?[0m?[0;34mHibernate: select user0_.id as id1_4_, user0_.email as email2_4_, user0_.password as password3_4_, user0_.role as role4_4_ from quiz_user user0_ where user0_.email=?
?[0m?[0;34mHibernate: select quiz0_.id as id1_1_0_, quiz0_.text as text2_1_0_, quiz0_.title as title3_1_0_, quiz0_.user_id as user_id4_1_0_, user1_.id as id1_4_1_, user1_.email as email2_4_1_, user1_.password as password3_4_1_, user1_.role as role4_4_1_ from quiz quiz0_ left outer join quiz_user user1_ on quiz0_.user_id=user1_.id where quiz0_.id=?
?[0m?[0;34mHibernate: select answers0_.quiz_id as quiz_id3_2_0_, answers0_.id as id1_2_0_, answers0_.id as id1_2_1_, answers0_.index as index2_2_1_ from quiz_answer answers0_ where answers0_.quiz_id=?
?[0m?[0;34mHibernate: select completedq0_.quiz_id as quiz_id3_0_0_, completedq0_.id as id1_0_0_, completedq0_.id as id1_0_1_, completedq0_.completed_at as complete2_0_1_, completedq0_.quiz_id as quiz_id3_0_1_, completedq0_.user_id as user_id4_0_1_, user1_.id as id1_4_2_, user1_.email as email2_4_2_, user1_.password as password3_4_2_, user1_.role as role4_4_2_ from completed_quiz completedq0_ left outer join quiz_user user1_ on completedq0_.user_id=user1_.id where completedq0_.quiz_id=?
?[0m?[0;34mHibernate: select options0_.quiz_id as quiz_id4_3_0_, options0_.id as id1_3_0_, options0_.id as id1_3_1_, options0_.index as index2_3_1_, options0_.option as option3_3_1_ from quiz_option options0_ where options0_.quiz_id=?
?[0m?[0;34mHibernate: delete from quiz_answer where id=?
?[0m?[0;34mHibernate: delete from completed_quiz where id=?
?[0m?[0;34mHibernate: delete from completed_quiz where id=?
?[0m?[0;34mHibernate: delete from quiz_option where id=?
?[0m?[0;34mHibernate: delete from quiz_option where id=?
?[0m?[0;34mHibernate: delete from quiz_option where id=?
?[0m?[0;34mHibernate: delete from quiz_option where id=?
?[0m?[0;34mHibernate: delete from quiz where id=?
?[1;31m
Start test 200?[0m
?[0m?[0;34mHibernate: select user0_.id as id1_4_, user0_.email as email2_4_, user0_.password as password3_4_, user0_.role as role4_4_ from quiz_user user0_ where user0_.email=?
?[0m?[0;34mHibernate: select quiz0_.id as id1_1_0_, quiz0_.text as text2_1_0_, quiz0_.title as title3_1_0_, quiz0_.user_id as user_id4_1_0_, user1_.id as id1_4_1_, user1_.email as email2_4_1_, user1_.password as password3_4_1_, user1_.role as role4_4_1_ from quiz quiz0_ left outer join quiz_user user1_ on quiz0_.user_id=user1_.id where quiz0_.id=?
?[1;31m
Start test 201?[0m
?[0m?[0;34mHibernate: select user0_.id as id1_4_, user0_.email as email2_4_, user0_.password as password3_4_, user0_.role as role4_4_ from quiz_user user0_ where user0_.email=?
?[0m?[0;34mHibernate: select quiz0_.id as id1_1_0_, quiz0_.text as text2_1_0_, quiz0_.title as title3_1_0_, quiz0_.user_id as user_id4_1_0_, user1_.id as id1_4_1_, user1_.email as email2_4_1_, user1_.password as password3_4_1_, user1_.role as role4_4_1_ from quiz quiz0_ left outer join quiz_user user1_ on quiz0_.user_id=user1_.id where quiz0_.id=?
?[1;31m
Start test 202?[0m
?[0m?[0;34mHibernate: select user0_.id as id1_4_, user0_.email as email2_4_, user0_.password as password3_4_, user0_.role as role4_4_ from quiz_user user0_ where user0_.email=?
?[0m?[0;34mHibernate: select quiz0_.id as id1_1_0_, quiz0_.text as text2_1_0_, quiz0_.title as title3_1_0_, quiz0_.user_id as user_id4_1_0_, user1_.id as id1_4_1_, user1_.email as email2_4_1_, user1_.password as password3_4_1_, user1_.role as role4_4_1_ from quiz quiz0_ left outer join quiz_user user1_ on quiz0_.user_id=user1_.id where quiz0_.id=?
?[1;31m
Start test 203?[0m
?[0m?[0;34mHibernate: select user0_.id as id1_4_, user0_.email as email2_4_, user0_.password as password3_4_, user0_.role as role4_4_ from quiz_user user0_ where user0_.email=?
?[0m?[0;34mHibernate: select quiz0_.id as id1_1_0_, quiz0_.text as text2_1_0_, quiz0_.title as title3_1_0_, quiz0_.user_id as user_id4_1_0_, user1_.id as id1_4_1_, user1_.email as email2_4_1_, user1_.password as password3_4_1_, user1_.role as role4_4_1_ from quiz quiz0_ left outer join quiz_user user1_ on quiz0_.user_id=user1_.id where quiz0_.id=?
?[0m?[0;34mHibernate: select options0_.quiz_id as quiz_id4_3_0_, options0_.id as id1_3_0_, options0_.id as id1_3_1_, options0_.index as index2_3_1_, options0_.option as option3_3_1_ from quiz_option options0_ where options0_.quiz_id=?
?[1;31m
Start test 204?[0m
?[0m?[0;34mHibernate: select user0_.id as id1_4_, user0_.email as email2_4_, user0_.password as password3_4_, user0_.role as role4_4_ from quiz_user user0_ where user0_.email=?
?[0m?[0;34mHibernate: select quiz0_.id as id1_1_0_, quiz0_.text as text2_1_0_, quiz0_.title as title3_1_0_, quiz0_.user_id as user_id4_1_0_, user1_.id as id1_4_1_, user1_.email as email2_4_1_, user1_.password as password3_4_1_, user1_.role as role4_4_1_ from quiz quiz0_ left outer join quiz_user user1_ on quiz0_.user_id=user1_.id where quiz0_.id=?
?[0m?[0;34mHibernate: select options0_.quiz_id as quiz_id4_3_0_, options0_.id as id1_3_0_, options0_.id as id1_3_1_, options0_.index as index2_3_1_, options0_.option as option3_3_1_ from quiz_option options0_ where options0_.quiz_id=?
?[1;31m
Start test 205?[0m
?[0m?[0;34mHibernate: select user0_.id as id1_4_, user0_.email as email2_4_, user0_.password as password3_4_, user0_.role as role4_4_ from quiz_user user0_ where user0_.email=?
?[0m?[0;34mHibernate: select quiz0_.id as id1_1_0_, quiz0_.text as text2_1_0_, quiz0_.title as title3_1_0_, quiz0_.user_id as user_id4_1_0_, user1_.id as id1_4_1_, user1_.email as email2_4_1_, user1_.password as password3_4_1_, user1_.role as role4_4_1_ from quiz quiz0_ left outer join quiz_user user1_ on quiz0_.user_id=user1_.id where quiz0_.id=?
?[1;31m
Start test 206?[0m
?[0m?[0;34mHibernate: select user0_.id as id1_4_, user0_.email as email2_4_, user0_.password as password3_4_, user0_.role as role4_4_ from quiz_user user0_ where user0_.email=?
?[0m?[0;34mHibernate: select quiz0_.id as id1_1_0_, quiz0_.text as text2_1_0_, quiz0_.title as title3_1_0_, quiz0_.user_id as user_id4_1_0_, user1_.id as id1_4_1_, user1_.email as email2_4_1_, user1_.password as password3_4_1_, user1_.role as role4_4_1_ from quiz quiz0_ left outer join quiz_user user1_ on quiz0_.user_id=user1_.id where quiz0_.id=?
?[1;31m
Start test 207?[0m
?[0m?[0;34mHibernate: select user0_.id as id1_4_, user0_.email as email2_4_, user0_.password as password3_4_, user0_.role as role4_4_ from quiz_user user0_ where user0_.email=?
?[0m?[0;34mHibernate: select quiz0_.id as id1_1_0_, quiz0_.text as text2_1_0_, quiz0_.title as title3_1_0_, quiz0_.user_id as user_id4_1_0_, user1_.id as id1_4_1_, user1_.email as email2_4_1_, user1_.password as password3_4_1_, user1_.role as role4_4_1_ from quiz quiz0_ left outer join quiz_user user1_ on quiz0_.user_id=user1_.id where quiz0_.id=?
?[0m?[0;34mHibernate: select answers0_.quiz_id as quiz_id3_2_0_, answers0_.id as id1_2_0_, answers0_.id as id1_2_1_, answers0_.index as index2_2_1_ from quiz_answer answers0_ where answers0_.quiz_id=?
?[0m?[0;34mHibernate: select completedq0_.quiz_id as quiz_id3_0_0_, completedq0_.id as id1_0_0_, completedq0_.id as id1_0_1_, completedq0_.completed_at as complete2_0_1_, completedq0_.quiz_id as quiz_id3_0_1_, completedq0_.user_id as user_id4_0_1_, user1_.id as id1_4_2_, user1_.email as email2_4_2_, user1_.password as password3_4_2_, user1_.role as role4_4_2_ from completed_quiz completedq0_ left outer join quiz_user user1_ on completedq0_.user_id=user1_.id where completedq0_.quiz_id=?
?[0m?[0;34mHibernate: select options0_.quiz_id as quiz_id4_3_0_, options0_.id as id1_3_0_, options0_.id as id1_3_1_, options0_.index as index2_3_1_, options0_.option as option3_3_1_ from quiz_option options0_ where options0_.quiz_id=?
?[0m?[0;34mHibernate: delete from quiz_answer where id=?
?[0m?[0;34mHibernate: delete from completed_quiz where id=?
?[0m?[0;34mHibernate: delete from completed_quiz where id=?
?[0m?[0;34mHibernate: delete from quiz_option where id=?
?[0m?[0;34mHibernate: delete from quiz_option where id=?
?[0m?[0;34mHibernate: delete from quiz_option where id=?
?[0m?[0;34mHibernate: delete from quiz_option where id=?
?[0m?[0;34mHibernate: delete from quiz where id=?
?[1;31m
Start test 208?[0m
?[0m?[0;34mHibernate: select user0_.id as id1_4_, user0_.email as email2_4_, user0_.password as password3_4_, user0_.role as role4_4_ from quiz_user user0_ where user0_.email=?
?[0m?[0;34mHibernate: select quiz0_.id as id1_1_0_, quiz0_.text as text2_1_0_, quiz0_.title as title3_1_0_, quiz0_.user_id as user_id4_1_0_, user1_.id as id1_4_1_, user1_.email as email2_4_1_, user1_.password as password3_4_1_, user1_.role as role4_4_1_ from quiz quiz0_ left outer join quiz_user user1_ on quiz0_.user_id=user1_.id where quiz0_.id=?
?[1;31m
Start test 209?[0m
?[0m?[0;34mHibernate: select user0_.id as id1_4_, user0_.email as email2_4_, user0_.password as password3_4_, user0_.role as role4_4_ from quiz_user user0_ where user0_.email=?
?[0m?[0;34mHibernate: select quiz0_.id as id1_1_0_, quiz0_.text as text2_1_0_, quiz0_.title as title3_1_0_, quiz0_.user_id as user_id4_1_0_, user1_.id as id1_4_1_, user1_.email as email2_4_1_, user1_.password as password3_4_1_, user1_.role as role4_4_1_ from quiz quiz0_ left outer join quiz_user user1_ on quiz0_.user_id=user1_.id where quiz0_.id=?
?[1;31m
Start test 210?[0m
?[0m?[0;34mHibernate: select user0_.id as id1_4_, user0_.email as email2_4_, user0_.password as password3_4_, user0_.role as role4_4_ from quiz_user user0_ where user0_.email=?
?[0m?[0;34mHibernate: select quiz0_.id as id1_1_0_, quiz0_.text as text2_1_0_, quiz0_.title as title3_1_0_, quiz0_.user_id as user_id4_1_0_, user1_.id as id1_4_1_, user1_.email as email2_4_1_, user1_.password as password3_4_1_, user1_.role as role4_4_1_ from quiz quiz0_ left outer join quiz_user user1_ on quiz0_.user_id=user1_.id where quiz0_.id=?
?[1;31m
Start test 211?[0m
?[0m?[0;34mHibernate: select user0_.id as id1_4_, user0_.email as email2_4_, user0_.password as password3_4_, user0_.role as role4_4_ from quiz_user user0_ where user0_.email=?
?[0m?[0;34mHibernate: select quiz0_.id as id1_1_0_, quiz0_.text as text2_1_0_, quiz0_.title as title3_1_0_, quiz0_.user_id as user_id4_1_0_, user1_.id as id1_4_1_, user1_.email as email2_4_1_, user1_.password as password3_4_1_, user1_.role as role4_4_1_ from quiz quiz0_ left outer join quiz_user user1_ on quiz0_.user_id=user1_.id where quiz0_.id=?
?[1;31m
Start test 212?[0m
?[0m?[0;34mHibernate: select user0_.id as id1_4_, user0_.email as email2_4_, user0_.password as password3_4_, user0_.role as role4_4_ from quiz_user user0_ where user0_.email=?
?[0m?[0;34mHibernate: select quiz0_.id as id1_1_0_, quiz0_.text as text2_1_0_, quiz0_.title as title3_1_0_, quiz0_.user_id as user_id4_1_0_, user1_.id as id1_4_1_, user1_.email as email2_4_1_, user1_.password as password3_4_1_, user1_.role as role4_4_1_ from quiz quiz0_ left outer join quiz_user user1_ on quiz0_.user_id=user1_.id where quiz0_.id=?
?[1;31m
Start test 213?[0m
?[0m?[0;34mHibernate: select user0_.id as id1_4_, user0_.email as email2_4_, user0_.password as password3_4_, user0_.role as role4_4_ from quiz_user user0_ where user0_.email=?
?[0m?[0;34mHibernate: select quiz0_.id as id1_1_0_, quiz0_.text as text2_1_0_, quiz0_.title as title3_1_0_, quiz0_.user_id as user_id4_1_0_, user1_.id as id1_4_1_, user1_.email as email2_4_1_, user1_.password as password3_4_1_, user1_.role as role4_4_1_ from quiz quiz0_ left outer join quiz_user user1_ on quiz0_.user_id=user1_.id where quiz0_.id=?
?[1;31m
Start test 214?[0m
?[0m?[0;34mHibernate: select user0_.id as id1_4_, user0_.email as email2_4_, user0_.password as password3_4_, user0_.role as role4_4_ from quiz_user user0_ where user0_.email=?
?[0m?[0;34mHibernate: select quiz0_.id as id1_1_, quiz0_.text as text2_1_, quiz0_.title as title3_1_, quiz0_.user_id as user_id4_1_ from quiz quiz0_ limit ?
?[0m?[0;34mHibernate: select user0_.id as id1_4_0_, user0_.email as email2_4_0_, user0_.password as password3_4_0_, user0_.role as role4_4_0_ from quiz_user user0_ where user0_.id=?
?[0m?[0;34mHibernate: select options0_.quiz_id as quiz_id4_3_0_, options0_.id as id1_3_0_, options0_.id as id1_3_1_, options0_.index as index2_3_1_, options0_.option as option3_3_1_ from quiz_option options0_ where options0_.quiz_id=?
?[0m?[0;34mHibernate: select options0_.quiz_id as quiz_id4_3_0_, options0_.id as id1_3_0_, options0_.id as id1_3_1_, options0_.index as index2_3_1_, options0_.option as option3_3_1_ from quiz_option options0_ where options0_.quiz_id=?
?[0m?[0;34mHibernate: select options0_.quiz_id as quiz_id4_3_0_, options0_.id as id1_3_0_, options0_.id as id1_3_1_, options0_.index as index2_3_1_, options0_.option as option3_3_1_ from quiz_option options0_ where options0_.quiz_id=?
?[0m?[0;34mHibernate: select options0_.quiz_id as quiz_id4_3_0_, options0_.id as id1_3_0_, options0_.id as id1_3_1_, options0_.index as index2_3_1_, options0_.option as option3_3_1_ from quiz_option options0_ where options0_.quiz_id=?
?[0m?[0;34mHibernate: select options0_.quiz_id as quiz_id4_3_0_, options0_.id as id1_3_0_, options0_.id as id1_3_1_, options0_.index as index2_3_1_, options0_.option as option3_3_1_ from quiz_option options0_ where options0_.quiz_id=?
?[1;31m
Start test 215?[0m
?[0;34m2023-09-29 12:18:49.666  INFO 44905 --- [       Thread-9] j.LocalContainerEntityManagerFactoryBean : Closing JPA EntityManagerFactory for persistence unit 'default'
?[0m?[0;34m2023-09-29 12:18:49.667  INFO 44905 --- [       Thread-9] com.zaxxer.hikari.HikariDataSource       : HikariPool-3 - Shutdown initiated...
?[0m?[0;34m2023-09-29 12:18:50.190  INFO 44905 --- [       Thread-9] com.zaxxer.hikari.HikariDataSource       : HikariPool-3 - Shutdown completed.
?[0;34m
?[0m?[0;34m  .   ____          _            __ _ _
?[0m?[0;34m /\\ / ___'_ __ _ _(_)_ __  __ _ \ \ \ \
?[0m?[0;34m( ( )\___ | '_ | '_| | '_ \/ _` | \ \ \ \
?[0m?[0;34m \\/  ___)| |_)| | | | | || (_| |  ) ) ) )
?[0m?[0;34m  '  |____| .__|_| |_|_| |_\__, | / / / /
?[0m?[0;34m =========|_|==============|___/=/_/_/_/
?[0m?[0;34m :: Spring Boot ::                (v2.5.6)
?[0m?[0;34m
?[0m?[0;34m2023-09-29 12:18:59.188  INFO 44905 --- [    Test worker] engine.WebQuizEngine                     : Starting WebQuizEngine using Java 17.0.8.1 on iKoks-Ubuntu with PID 44905 (started by tamerlan in /home/tamerlan/IdeaProjects/HyperskillWebQuizEngine/Web Quiz Engine (Java)/task)
?[0m?[0;34m2023-09-29 12:18:59.189  INFO 44905 --- [    Test worker] engine.WebQuizEngine                     : No active profile set, falling back to default profiles: default
?[0m?[0;34m2023-09-29 12:18:59.304  INFO 44905 --- [    Test worker] .s.d.r.c.RepositoryConfigurationDelegate : Bootstrapping Spring Data JPA repositories in DEFAULT mode.
?[0m?[0;34m2023-09-29 12:18:59.311  INFO 44905 --- [    Test worker] .s.d.r.c.RepositoryConfigurationDelegate : Finished Spring Data repository scanning in 6 ms. Found 5 JPA repository interfaces.
?[0m?[0;34m2023-09-29 12:18:59.353  INFO 44905 --- [    Test worker] o.s.b.w.embedded.tomcat.TomcatWebServer  : Tomcat initialized with port(s): 8889 (http)
?[0m?[0;34m2023-09-29 12:18:59.354  INFO 44905 --- [    Test worker] o.apache.catalina.core.StandardService   : Starting service [Tomcat]
?[0m?[0;34m2023-09-29 12:18:59.354  INFO 44905 --- [    Test worker] org.apache.catalina.core.StandardEngine  : Starting Servlet engine: [Apache Tomcat/9.0.54]
?[0m?[0;34m2023-09-29 12:18:59.367  INFO 44905 --- [    Test worker] o.a.c.c.C.[Tomcat].[localhost].[/]       : Initializing Spring embedded WebApplicationContext
?[0m?[0;34m2023-09-29 12:18:59.367  INFO 44905 --- [    Test worker] w.s.c.ServletWebServerApplicationContext : Root WebApplicationContext: initialization completed in 178 ms
?[0m?[0;34m2023-09-29 12:18:59.395  INFO 44905 --- [    Test worker] com.zaxxer.hikari.HikariDataSource       : HikariPool-4 - Starting...
?[0m?[0;34m2023-09-29 12:18:59.409  INFO 44905 --- [    Test worker] com.zaxxer.hikari.HikariDataSource       : HikariPool-4 - Start completed.
?[0m?[0;34m2023-09-29 12:18:59.409  INFO 44905 --- [    Test worker] o.s.b.a.h2.H2ConsoleAutoConfiguration    : H2 console available at '/h2-ui'. Database available at 'jdbc:h2:file:../quizdb'
?[0m?[0;34m2023-09-29 12:18:59.438  INFO 44905 --- [    Test worker] o.hibernate.jpa.internal.util.LogHelper  : HHH000204: Processing PersistenceUnitInfo [name: default]
?[0m?[0;34m2023-09-29 12:18:59.441  INFO 44905 --- [    Test worker] org.hibernate.dialect.Dialect            : HHH000400: Using dialect: org.hibernate.dialect.H2Dialect
?[0m?[0;34m2023-09-29 12:18:59.517  INFO 44905 --- [    Test worker] o.h.e.t.j.p.i.JtaPlatformInitiator       : HHH000490: Using JtaPlatform implementation: [org.hibernate.engine.transaction.jta.platform.internal.NoJtaPlatform]
?[0m?[0;34m2023-09-29 12:18:59.517  INFO 44905 --- [    Test worker] j.LocalContainerEntityManagerFactoryBean : Initialized JPA EntityManagerFactory for persistence unit 'default'
?[0m?[0;34m2023-09-29 12:18:59.587  INFO 44905 --- [    Test worker] o.s.s.web.DefaultSecurityFilterChain     : Will secure any request with [org.springframework.security.web.context.request.async.WebAsyncManagerIntegrationFilter@648100de, org.springframework.security.web.context.SecurityContextPersistenceFilter@1def2d16, org.springframework.security.web.header.HeaderWriterFilter@4095ebff, org.springframework.security.web.authentication.logout.LogoutFilter@591b9836, org.springframework.security.web.authentication.www.BasicAuthenticationFilter@61defefb, org.springframework.security.web.savedrequest.RequestCacheAwareFilter@47bcb545, org.springframework.security.web.servletapi.SecurityContextHolderAwareRequestFilter@2899745e, org.springframework.security.web.authentication.AnonymousAuthenticationFilter@676b85f3, org.springframework.security.web.session.SessionManagementFilter@2b2f8cf, org.springframework.security.web.access.ExceptionTranslationFilter@2d1ef2fc, org.springframework.security.web.access.intercept.AuthorizationFilter@18f7a872]
?[0m?[0;34m2023-09-29 12:18:59.601  WARN 44905 --- [    Test worker] JpaBaseConfiguration$JpaWebConfiguration : spring.jpa.open-in-view is enabled by default. Therefore, database queries may be performed during view rendering. Explicitly configure spring.jpa.open-in-view to disable this warning
?[0m?[0;34m2023-09-29 12:18:59.725  INFO 44905 --- [    Test worker] o.s.b.a.e.web.EndpointLinksResolver      : Exposing 14 endpoint(s) beneath base path '/actuator'
?[0m?[0;34m2023-09-29 12:18:59.737  INFO 44905 --- [    Test worker] o.s.b.w.embedded.tomcat.TomcatWebServer  : Tomcat started on port(s): 8889 (http) with context path ''
?[0m?[0;34m2023-09-29 12:18:59.751  INFO 44905 --- [    Test worker] engine.WebQuizEngine                     : Started WebQuizEngine in 0.571 seconds (JVM running for 131.309)
?[0m?[1;31m
Start test 216?[0m
?[0;34m2023-09-29 12:18:59.761  INFO 44905 --- [nio-8889-exec-1] o.a.c.c.C.[Tomcat].[localhost].[/]       : Initializing Spring DispatcherServlet 'dispatcherServlet'
?[0m?[0;34m2023-09-29 12:18:59.761  INFO 44905 --- [nio-8889-exec-1] o.s.web.servlet.DispatcherServlet        : Initializing Servlet 'dispatcherServlet'
?[0m?[0;34m2023-09-29 12:18:59.762  INFO 44905 --- [nio-8889-exec-1] o.s.web.servlet.DispatcherServlet        : Completed initialization in 1 ms
?[0m?[0;34mHibernate: select user0_.id as id1_4_, user0_.email as email2_4_, user0_.password as password3_4_, user0_.role as role4_4_ from quiz_user user0_ where user0_.email=?
?[0m?[0;34mHibernate: select quiz0_.id as id1_1_, quiz0_.text as text2_1_, quiz0_.title as title3_1_, quiz0_.user_id as user_id4_1_ from quiz quiz0_ limit ?
?[0m?[0;34mHibernate: select user0_.id as id1_4_0_, user0_.email as email2_4_0_, user0_.password as password3_4_0_, user0_.role as role4_4_0_ from quiz_user user0_ where user0_.id=?
?[0m?[0;34mHibernate: select options0_.quiz_id as quiz_id4_3_0_, options0_.id as id1_3_0_, options0_.id as id1_3_1_, options0_.index as index2_3_1_, options0_.option as option3_3_1_ from quiz_option options0_ where options0_.quiz_id=?
?[0m?[0;34mHibernate: select options0_.quiz_id as quiz_id4_3_0_, options0_.id as id1_3_0_, options0_.id as id1_3_1_, options0_.index as index2_3_1_, options0_.option as option3_3_1_ from quiz_option options0_ where options0_.quiz_id=?
?[0m?[0;34mHibernate: select options0_.quiz_id as quiz_id4_3_0_, options0_.id as id1_3_0_, options0_.id as id1_3_1_, options0_.index as index2_3_1_, options0_.option as option3_3_1_ from quiz_option options0_ where options0_.quiz_id=?
?[0m?[0;34mHibernate: select options0_.quiz_id as quiz_id4_3_0_, options0_.id as id1_3_0_, options0_.id as id1_3_1_, options0_.index as index2_3_1_, options0_.option as option3_3_1_ from quiz_option options0_ where options0_.quiz_id=?
?[0m?[0;34mHibernate: select options0_.quiz_id as quiz_id4_3_0_, options0_.id as id1_3_0_, options0_.id as id1_3_1_, options0_.index as index2_3_1_, options0_.option as option3_3_1_ from quiz_option options0_ where options0_.quiz_id=?
?[1;31m
Start test 217?[0m
?[0;34mHibernate: select user0_.id as id1_4_, user0_.email as email2_4_, user0_.password as password3_4_, user0_.role as role4_4_ from quiz_user user0_ where user0_.email=?
?[0m?[0;34mHibernate: select quiz0_.id as id1_1_0_, quiz0_.text as text2_1_0_, quiz0_.title as title3_1_0_, quiz0_.user_id as user_id4_1_0_, user1_.id as id1_4_1_, user1_.email as email2_4_1_, user1_.password as password3_4_1_, user1_.role as role4_4_1_ from quiz quiz0_ left outer join quiz_user user1_ on quiz0_.user_id=user1_.id where quiz0_.id=?
?[1;31m
Start test 218?[0m
?[0;34mHibernate: select user0_.id as id1_4_, user0_.email as email2_4_, user0_.password as password3_4_, user0_.role as role4_4_ from quiz_user user0_ where user0_.email=?
?[0m?[0;34mHibernate: select quiz0_.id as id1_1_0_, quiz0_.text as text2_1_0_, quiz0_.title as title3_1_0_, quiz0_.user_id as user_id4_1_0_, user1_.id as id1_4_1_, user1_.email as email2_4_1_, user1_.password as password3_4_1_, user1_.role as role4_4_1_ from quiz quiz0_ left outer join quiz_user user1_ on quiz0_.user_id=user1_.id where quiz0_.id=?
?[1;31m
Start test 219?[0m
?[0;34mHibernate: select user0_.id as id1_4_, user0_.email as email2_4_, user0_.password as password3_4_, user0_.role as role4_4_ from quiz_user user0_ where user0_.email=?
?[0m?[0;34mHibernate: select quiz0_.id as id1_1_0_, quiz0_.text as text2_1_0_, quiz0_.title as title3_1_0_, quiz0_.user_id as user_id4_1_0_, user1_.id as id1_4_1_, user1_.email as email2_4_1_, user1_.password as password3_4_1_, user1_.role as role4_4_1_ from quiz quiz0_ left outer join quiz_user user1_ on quiz0_.user_id=user1_.id where quiz0_.id=?
?[1;31m
Start test 220?[0m
?[0;34mHibernate: select user0_.id as id1_4_, user0_.email as email2_4_, user0_.password as password3_4_, user0_.role as role4_4_ from quiz_user user0_ where user0_.email=?
?[0m?[0;34mHibernate: select quiz0_.id as id1_1_0_, quiz0_.text as text2_1_0_, quiz0_.title as title3_1_0_, quiz0_.user_id as user_id4_1_0_, user1_.id as id1_4_1_, user1_.email as email2_4_1_, user1_.password as password3_4_1_, user1_.role as role4_4_1_ from quiz quiz0_ left outer join quiz_user user1_ on quiz0_.user_id=user1_.id where quiz0_.id=?
?[1;31m
Start test 221?[0m
?[0;34mHibernate: select user0_.id as id1_4_, user0_.email as email2_4_, user0_.password as password3_4_, user0_.role as role4_4_ from quiz_user user0_ where user0_.email=?
?[0m?[0;34mHibernate: insert into quiz (id, text, title, user_id) values (null, ?, ?, ?)
?[0m?[0;34mHibernate: insert into quiz_answer (id, index, quiz_id) values (null, ?, ?)
?[0m?[0;34mHibernate: insert into quiz_answer (id, index, quiz_id) values (null, ?, ?)
?[0m?[0;34mHibernate: insert into quiz_answer (id, index, quiz_id) values (null, ?, ?)
?[0m?[0;34mHibernate: insert into quiz_option (id, index, option, quiz_id) values (null, ?, ?, ?)
?[0m?[0;34mHibernate: insert into quiz_option (id, index, option, quiz_id) values (null, ?, ?, ?)
?[0m?[0;34mHibernate: insert into quiz_option (id, index, option, quiz_id) values (null, ?, ?, ?)
?[0m?[0;34mHibernate: insert into quiz_option (id, index, option, quiz_id) values (null, ?, ?, ?)
?[0m?[0;34mHibernate: update quiz_answer set quiz_id=? where id=?
?[0m?[0;34mHibernate: update quiz_answer set quiz_id=? where id=?
?[0m?[0;34mHibernate: update quiz_answer set quiz_id=? where id=?
?[0m?[0;34mHibernate: update quiz_option set quiz_id=? where id=?
?[0m?[0;34mHibernate: update quiz_option set quiz_id=? where id=?
?[0m?[0;34mHibernate: update quiz_option set quiz_id=? where id=?
?[0m?[0;34mHibernate: update quiz_option set quiz_id=? where id=?
?[1;31m
Start test 222?[0m
?[0;34mHibernate: select user0_.id as id1_4_, user0_.email as email2_4_, user0_.password as password3_4_, user0_.role as role4_4_ from quiz_user user0_ where user0_.email=?
?[0m?[0;34mHibernate: insert into quiz (id, text, title, user_id) values (null, ?, ?, ?)
?[0m?[0;34mHibernate: insert into quiz_answer (id, index, quiz_id) values (null, ?, ?)
?[0m?[0;34mHibernate: insert into quiz_answer (id, index, quiz_id) values (null, ?, ?)
?[0m?[0;34mHibernate: insert into quiz_answer (id, index, quiz_id) values (null, ?, ?)
?[0m?[0;34mHibernate: insert into quiz_option (id, index, option, quiz_id) values (null, ?, ?, ?)
?[0m?[0;34mHibernate: insert into quiz_option (id, index, option, quiz_id) values (null, ?, ?, ?)
?[0m?[0;34mHibernate: insert into quiz_option (id, index, option, quiz_id) values (null, ?, ?, ?)
?[0m?[0;34mHibernate: insert into quiz_option (id, index, option, quiz_id) values (null, ?, ?, ?)
?[0m?[0;34mHibernate: update quiz_answer set quiz_id=? where id=?
?[0m?[0;34mHibernate: update quiz_answer set quiz_id=? where id=?
?[0m?[0;34mHibernate: update quiz_answer set quiz_id=? where id=?
?[0m?[0;34mHibernate: update quiz_option set quiz_id=? where id=?
?[0m?[0;34mHibernate: update quiz_option set quiz_id=? where id=?
?[0m?[0;34mHibernate: update quiz_option set quiz_id=? where id=?
?[0m?[0;34mHibernate: update quiz_option set quiz_id=? where id=?
?[1;31m
Start test 223?[0m
?[0;34mHibernate: select user0_.id as id1_4_, user0_.email as email2_4_, user0_.password as password3_4_, user0_.role as role4_4_ from quiz_user user0_ where user0_.email=?
?[0m?[0;34mHibernate: insert into quiz (id, text, title, user_id) values (null, ?, ?, ?)
?[0m?[0;34mHibernate: insert into quiz_answer (id, index, quiz_id) values (null, ?, ?)
?[0m?[0;34mHibernate: insert into quiz_answer (id, index, quiz_id) values (null, ?, ?)
?[0m?[0;34mHibernate: insert into quiz_answer (id, index, quiz_id) values (null, ?, ?)
?[0m?[0;34mHibernate: insert into quiz_option (id, index, option, quiz_id) values (null, ?, ?, ?)
?[0m?[0;34mHibernate: insert into quiz_option (id, index, option, quiz_id) values (null, ?, ?, ?)
?[0m?[0;34mHibernate: insert into quiz_option (id, index, option, quiz_id) values (null, ?, ?, ?)
?[0m?[0;34mHibernate: insert into quiz_option (id, index, option, quiz_id) values (null, ?, ?, ?)
?[0m?[0;34mHibernate: update quiz_answer set quiz_id=? where id=?
?[0m?[0;34mHibernate: update quiz_answer set quiz_id=? where id=?
?[0m?[0;34mHibernate: update quiz_answer set quiz_id=? where id=?
?[0m?[0;34mHibernate: update quiz_option set quiz_id=? where id=?
?[0m?[0;34mHibernate: update quiz_option set quiz_id=? where id=?
?[0m?[0;34mHibernate: update quiz_option set quiz_id=? where id=?
?[0m?[0;34mHibernate: update quiz_option set quiz_id=? where id=?
?[1;31m
Start test 224?[0m
?[0;34mHibernate: select user0_.id as id1_4_, user0_.email as email2_4_, user0_.password as password3_4_, user0_.role as role4_4_ from quiz_user user0_ where user0_.email=?
?[0m?[0;34mHibernate: insert into quiz (id, text, title, user_id) values (null, ?, ?, ?)
?[0m?[0;34mHibernate: insert into quiz_answer (id, index, quiz_id) values (null, ?, ?)
?[0m?[0;34mHibernate: insert into quiz_answer (id, index, quiz_id) values (null, ?, ?)
?[0m?[0;34mHibernate: insert into quiz_answer (id, index, quiz_id) values (null, ?, ?)
?[0m?[0;34mHibernate: insert into quiz_option (id, index, option, quiz_id) values (null, ?, ?, ?)
?[0m?[0;34mHibernate: insert into quiz_option (id, index, option, quiz_id) values (null, ?, ?, ?)
?[0m?[0;34mHibernate: insert into quiz_option (id, index, option, quiz_id) values (null, ?, ?, ?)
?[0m?[0;34mHibernate: insert into quiz_option (id, index, option, quiz_id) values (null, ?, ?, ?)
?[0m?[0;34mHibernate: update quiz_answer set quiz_id=? where id=?
?[0m?[0;34mHibernate: update quiz_answer set quiz_id=? where id=?
?[0m?[0;34mHibernate: update quiz_answer set quiz_id=? where id=?
?[0m?[0;34mHibernate: update quiz_option set quiz_id=? where id=?
?[0m?[0;34mHibernate: update quiz_option set quiz_id=? where id=?
?[0m?[0;34mHibernate: update quiz_option set quiz_id=? where id=?
?[0m?[0;34mHibernate: update quiz_option set quiz_id=? where id=?
?[1;31m
Start test 225?[0m
?[0;34mHibernate: select user0_.id as id1_4_, user0_.email as email2_4_, user0_.password as password3_4_, user0_.role as role4_4_ from quiz_user user0_ where user0_.email=?
?[0m?[0;34mHibernate: insert into quiz (id, text, title, user_id) values (null, ?, ?, ?)
?[0m?[0;34mHibernate: insert into quiz_answer (id, index, quiz_id) values (null, ?, ?)
?[0m?[0;34mHibernate: insert into quiz_answer (id, index, quiz_id) values (null, ?, ?)
?[0m?[0;34mHibernate: insert into quiz_answer (id, index, quiz_id) values (null, ?, ?)
?[0m?[0;34mHibernate: insert into quiz_option (id, index, option, quiz_id) values (null, ?, ?, ?)
?[0m?[0;34mHibernate: insert into quiz_option (id, index, option, quiz_id) values (null, ?, ?, ?)
?[0m?[0;34mHibernate: insert into quiz_option (id, index, option, quiz_id) values (null, ?, ?, ?)
?[0m?[0;34mHibernate: insert into quiz_option (id, index, option, quiz_id) values (null, ?, ?, ?)
?[0m?[0;34mHibernate: update quiz_answer set quiz_id=? where id=?
?[0m?[0;34mHibernate: update quiz_answer set quiz_id=? where id=?
?[0m?[0;34mHibernate: update quiz_answer set quiz_id=? where id=?
?[0m?[0;34mHibernate: update quiz_option set quiz_id=? where id=?
?[0m?[0;34mHibernate: update quiz_option set quiz_id=? where id=?
?[0m?[0;34mHibernate: update quiz_option set quiz_id=? where id=?
?[0m?[0;34mHibernate: update quiz_option set quiz_id=? where id=?
?[1;31m
Start test 226?[0m
?[0m?[0;34mHibernate: select user0_.id as id1_4_, user0_.email as email2_4_, user0_.password as password3_4_, user0_.role as role4_4_ from quiz_user user0_ where user0_.email=?
?[0m?[0;34mHibernate: insert into quiz (id, text, title, user_id) values (null, ?, ?, ?)
?[0m?[0;34mHibernate: insert into quiz_answer (id, index, quiz_id) values (null, ?, ?)
?[0m?[0;34mHibernate: insert into quiz_answer (id, index, quiz_id) values (null, ?, ?)
?[0m?[0;34mHibernate: insert into quiz_answer (id, index, quiz_id) values (null, ?, ?)
?[0m?[0;34mHibernate: insert into quiz_option (id, index, option, quiz_id) values (null, ?, ?, ?)
?[0m?[0;34mHibernate: insert into quiz_option (id, index, option, quiz_id) values (null, ?, ?, ?)
?[0m?[0;34mHibernate: insert into quiz_option (id, index, option, quiz_id) values (null, ?, ?, ?)
?[0m?[0;34mHibernate: insert into quiz_option (id, index, option, quiz_id) values (null, ?, ?, ?)
?[0m?[0;34mHibernate: update quiz_answer set quiz_id=? where id=?
?[0m?[0;34mHibernate: update quiz_answer set quiz_id=? where id=?
?[0m?[0;34mHibernate: update quiz_answer set quiz_id=? where id=?
?[0m?[0;34mHibernate: update quiz_option set quiz_id=? where id=?
?[0m?[0;34mHibernate: update quiz_option set quiz_id=? where id=?
?[0m?[0;34mHibernate: update quiz_option set quiz_id=? where id=?
?[0m?[0;34mHibernate: update quiz_option set quiz_id=? where id=?
?[1;31m
Start test 227?[0m
?[0m?[0;34mHibernate: select user0_.id as id1_4_, user0_.email as email2_4_, user0_.password as password3_4_, user0_.role as role4_4_ from quiz_user user0_ where user0_.email=?
?[0m?[0;34mHibernate: insert into quiz (id, text, title, user_id) values (null, ?, ?, ?)
?[0m?[0;34mHibernate: insert into quiz_answer (id, index, quiz_id) values (null, ?, ?)
?[0m?[0;34mHibernate: insert into quiz_answer (id, index, quiz_id) values (null, ?, ?)
?[0m?[0;34mHibernate: insert into quiz_answer (id, index, quiz_id) values (null, ?, ?)
?[0m?[0;34mHibernate: insert into quiz_option (id, index, option, quiz_id) values (null, ?, ?, ?)
?[0m?[0;34mHibernate: insert into quiz_option (id, index, option, quiz_id) values (null, ?, ?, ?)
?[0m?[0;34mHibernate: insert into quiz_option (id, index, option, quiz_id) values (null, ?, ?, ?)
?[0m?[0;34mHibernate: insert into quiz_option (id, index, option, quiz_id) values (null, ?, ?, ?)
?[0m?[0;34mHibernate: update quiz_answer set quiz_id=? where id=?
?[0m?[0;34mHibernate: update quiz_answer set quiz_id=? where id=?
?[0m?[0;34mHibernate: update quiz_answer set quiz_id=? where id=?
?[0m?[0;34mHibernate: update quiz_option set quiz_id=? where id=?
?[0m?[0;34mHibernate: update quiz_option set quiz_id=? where id=?
?[0m?[0;34mHibernate: update quiz_option set quiz_id=? where id=?
?[0m?[0;34mHibernate: update quiz_option set quiz_id=? where id=?
?[1;31m
Start test 228?[0m
?[0m?[0;34mHibernate: select user0_.id as id1_4_, user0_.email as email2_4_, user0_.password as password3_4_, user0_.role as role4_4_ from quiz_user user0_ where user0_.email=?
?[0m?[0;34mHibernate: insert into quiz (id, text, title, user_id) values (null, ?, ?, ?)
?[0m?[0;34mHibernate: insert into quiz_answer (id, index, quiz_id) values (null, ?, ?)
?[0m?[0;34mHibernate: insert into quiz_answer (id, index, quiz_id) values (null, ?, ?)
?[0m?[0;34mHibernate: insert into quiz_answer (id, index, quiz_id) values (null, ?, ?)
?[0m?[0;34mHibernate: insert into quiz_option (id, index, option, quiz_id) values (null, ?, ?, ?)
?[0m?[0;34mHibernate: insert into quiz_option (id, index, option, quiz_id) values (null, ?, ?, ?)
?[0m?[0;34mHibernate: insert into quiz_option (id, index, option, quiz_id) values (null, ?, ?, ?)
?[0m?[0;34mHibernate: insert into quiz_option (id, index, option, quiz_id) values (null, ?, ?, ?)
?[0m?[0;34mHibernate: update quiz_answer set quiz_id=? where id=?
?[0m?[0;34mHibernate: update quiz_answer set quiz_id=? where id=?
?[0m?[0;34mHibernate: update quiz_answer set quiz_id=? where id=?
?[0m?[0;34mHibernate: update quiz_option set quiz_id=? where id=?
?[0m?[0;34mHibernate: update quiz_option set quiz_id=? where id=?
?[0m?[0;34mHibernate: update quiz_option set quiz_id=? where id=?
?[0m?[0;34mHibernate: update quiz_option set quiz_id=? where id=?
?[1;31m
Start test 229?[0m
?[0m?[0;34mHibernate: select user0_.id as id1_4_, user0_.email as email2_4_, user0_.password as password3_4_, user0_.role as role4_4_ from quiz_user user0_ where user0_.email=?
?[0m?[0;34mHibernate: insert into quiz (id, text, title, user_id) values (null, ?, ?, ?)
?[0m?[0;34mHibernate: insert into quiz_answer (id, index, quiz_id) values (null, ?, ?)
?[0m?[0;34mHibernate: insert into quiz_answer (id, index, quiz_id) values (null, ?, ?)
?[0m?[0;34mHibernate: insert into quiz_answer (id, index, quiz_id) values (null, ?, ?)
?[0m?[0;34mHibernate: insert into quiz_option (id, index, option, quiz_id) values (null, ?, ?, ?)
?[0m?[0;34mHibernate: insert into quiz_option (id, index, option, quiz_id) values (null, ?, ?, ?)
?[0m?[0;34mHibernate: insert into quiz_option (id, index, option, quiz_id) values (null, ?, ?, ?)
?[0m?[0;34mHibernate: insert into quiz_option (id, index, option, quiz_id) values (null, ?, ?, ?)
?[0m?[0;34mHibernate: update quiz_answer set quiz_id=? where id=?
?[0m?[0;34mHibernate: update quiz_answer set quiz_id=? where id=?
?[0m?[0;34mHibernate: update quiz_answer set quiz_id=? where id=?
?[0m?[0;34mHibernate: update quiz_option set quiz_id=? where id=?
?[0m?[0;34mHibernate: update quiz_option set quiz_id=? where id=?
?[0m?[0;34mHibernate: update quiz_option set quiz_id=? where id=?
?[0m?[0;34mHibernate: update quiz_option set quiz_id=? where id=?
?[1;31m
Start test 230?[0m
?[0m?[0;34mHibernate: select user0_.id as id1_4_, user0_.email as email2_4_, user0_.password as password3_4_, user0_.role as role4_4_ from quiz_user user0_ where user0_.email=?
?[0m?[0;34mHibernate: insert into quiz (id, text, title, user_id) values (null, ?, ?, ?)
?[0m?[0;34mHibernate: insert into quiz_answer (id, index, quiz_id) values (null, ?, ?)
?[0m?[0;34mHibernate: insert into quiz_answer (id, index, quiz_id) values (null, ?, ?)
?[0m?[0;34mHibernate: insert into quiz_answer (id, index, quiz_id) values (null, ?, ?)
?[0m?[0;34mHibernate: insert into quiz_option (id, index, option, quiz_id) values (null, ?, ?, ?)
?[0m?[0;34mHibernate: insert into quiz_option (id, index, option, quiz_id) values (null, ?, ?, ?)
?[0m?[0;34mHibernate: insert into quiz_option (id, index, option, quiz_id) values (null, ?, ?, ?)
?[0m?[0;34mHibernate: insert into quiz_option (id, index, option, quiz_id) values (null, ?, ?, ?)
?[0m?[0;34mHibernate: update quiz_answer set quiz_id=? where id=?
?[0m?[0;34mHibernate: update quiz_answer set quiz_id=? where id=?
?[0m?[0;34mHibernate: update quiz_answer set quiz_id=? where id=?
?[0m?[0;34mHibernate: update quiz_option set quiz_id=? where id=?
?[0m?[0;34mHibernate: update quiz_option set quiz_id=? where id=?
?[0m?[0;34mHibernate: update quiz_option set quiz_id=? where id=?
?[0m?[0;34mHibernate: update quiz_option set quiz_id=? where id=?
?[1;31m
Start test 231?[0m
?[0m?[0;34mHibernate: select user0_.id as id1_4_, user0_.email as email2_4_, user0_.password as password3_4_, user0_.role as role4_4_ from quiz_user user0_ where user0_.email=?
?[0m?[0;34mHibernate: select quiz0_.id as id1_1_, quiz0_.text as text2_1_, quiz0_.title as title3_1_, quiz0_.user_id as user_id4_1_ from quiz quiz0_ limit ?
?[0m?[0;34mHibernate: select user0_.id as id1_4_0_, user0_.email as email2_4_0_, user0_.password as password3_4_0_, user0_.role as role4_4_0_ from quiz_user user0_ where user0_.id=?
?[0m?[0;34mHibernate: select user0_.id as id1_4_0_, user0_.email as email2_4_0_, user0_.password as password3_4_0_, user0_.role as role4_4_0_ from quiz_user user0_ where user0_.id=?
?[0m?[0;34mHibernate: select count(quiz0_.id) as col_0_0_ from quiz quiz0_
?[0m?[0;34mHibernate: select options0_.quiz_id as quiz_id4_3_0_, options0_.id as id1_3_0_, options0_.id as id1_3_1_, options0_.index as index2_3_1_, options0_.option as option3_3_1_ from quiz_option options0_ where options0_.quiz_id=?
?[0m?[0;34mHibernate: select options0_.quiz_id as quiz_id4_3_0_, options0_.id as id1_3_0_, options0_.id as id1_3_1_, options0_.index as index2_3_1_, options0_.option as option3_3_1_ from quiz_option options0_ where options0_.quiz_id=?
?[0m?[0;34mHibernate: select options0_.quiz_id as quiz_id4_3_0_, options0_.id as id1_3_0_, options0_.id as id1_3_1_, options0_.index as index2_3_1_, options0_.option as option3_3_1_ from quiz_option options0_ where options0_.quiz_id=?
?[0m?[0;34mHibernate: select options0_.quiz_id as quiz_id4_3_0_, options0_.id as id1_3_0_, options0_.id as id1_3_1_, options0_.index as index2_3_1_, options0_.option as option3_3_1_ from quiz_option options0_ where options0_.quiz_id=?
?[0m?[0;34mHibernate: select options0_.quiz_id as quiz_id4_3_0_, options0_.id as id1_3_0_, options0_.id as id1_3_1_, options0_.index as index2_3_1_, options0_.option as option3_3_1_ from quiz_option options0_ where options0_.quiz_id=?
?[0m?[0;34mHibernate: select options0_.quiz_id as quiz_id4_3_0_, options0_.id as id1_3_0_, options0_.id as id1_3_1_, options0_.index as index2_3_1_, options0_.option as option3_3_1_ from quiz_option options0_ where options0_.quiz_id=?
?[0m?[0;34mHibernate: select options0_.quiz_id as quiz_id4_3_0_, options0_.id as id1_3_0_, options0_.id as id1_3_1_, options0_.index as index2_3_1_, options0_.option as option3_3_1_ from quiz_option options0_ where options0_.quiz_id=?
?[0m?[0;34mHibernate: select options0_.quiz_id as quiz_id4_3_0_, options0_.id as id1_3_0_, options0_.id as id1_3_1_, options0_.index as index2_3_1_, options0_.option as option3_3_1_ from quiz_option options0_ where options0_.quiz_id=?
?[0m?[0;34mHibernate: select options0_.quiz_id as quiz_id4_3_0_, options0_.id as id1_3_0_, options0_.id as id1_3_1_, options0_.index as index2_3_1_, options0_.option as option3_3_1_ from quiz_option options0_ where options0_.quiz_id=?
?[0m?[0;34mHibernate: select options0_.quiz_id as quiz_id4_3_0_, options0_.id as id1_3_0_, options0_.id as id1_3_1_, options0_.index as index2_3_1_, options0_.option as option3_3_1_ from quiz_option options0_ where options0_.quiz_id=?
?[1;31m
Start test 232?[0m
?[0m?[0;34mHibernate: select user0_.id as id1_4_, user0_.email as email2_4_, user0_.password as password3_4_, user0_.role as role4_4_ from quiz_user user0_ where user0_.email=?
?[0m?[0;34mHibernate: select quiz0_.id as id1_1_, quiz0_.text as text2_1_, quiz0_.title as title3_1_, quiz0_.user_id as user_id4_1_ from quiz quiz0_ limit ?
?[0m?[0;34mHibernate: select user0_.id as id1_4_0_, user0_.email as email2_4_0_, user0_.password as password3_4_0_, user0_.role as role4_4_0_ from quiz_user user0_ where user0_.id=?
?[0m?[0;34mHibernate: select user0_.id as id1_4_0_, user0_.email as email2_4_0_, user0_.password as password3_4_0_, user0_.role as role4_4_0_ from quiz_user user0_ where user0_.id=?
?[0m?[0;34mHibernate: select count(quiz0_.id) as col_0_0_ from quiz quiz0_
?[0m?[0;34mHibernate: select options0_.quiz_id as quiz_id4_3_0_, options0_.id as id1_3_0_, options0_.id as id1_3_1_, options0_.index as index2_3_1_, options0_.option as option3_3_1_ from quiz_option options0_ where options0_.quiz_id=?
?[0m?[0;34mHibernate: select options0_.quiz_id as quiz_id4_3_0_, options0_.id as id1_3_0_, options0_.id as id1_3_1_, options0_.index as index2_3_1_, options0_.option as option3_3_1_ from quiz_option options0_ where options0_.quiz_id=?
?[0m?[0;34mHibernate: select options0_.quiz_id as quiz_id4_3_0_, options0_.id as id1_3_0_, options0_.id as id1_3_1_, options0_.index as index2_3_1_, options0_.option as option3_3_1_ from quiz_option options0_ where options0_.quiz_id=?
?[0m?[0;34mHibernate: select options0_.quiz_id as quiz_id4_3_0_, options0_.id as id1_3_0_, options0_.id as id1_3_1_, options0_.index as index2_3_1_, options0_.option as option3_3_1_ from quiz_option options0_ where options0_.quiz_id=?
?[0m?[0;34mHibernate: select options0_.quiz_id as quiz_id4_3_0_, options0_.id as id1_3_0_, options0_.id as id1_3_1_, options0_.index as index2_3_1_, options0_.option as option3_3_1_ from quiz_option options0_ where options0_.quiz_id=?
?[0m?[0;34mHibernate: select options0_.quiz_id as quiz_id4_3_0_, options0_.id as id1_3_0_, options0_.id as id1_3_1_, options0_.index as index2_3_1_, options0_.option as option3_3_1_ from quiz_option options0_ where options0_.quiz_id=?
?[0m?[0;34mHibernate: select options0_.quiz_id as quiz_id4_3_0_, options0_.id as id1_3_0_, options0_.id as id1_3_1_, options0_.index as index2_3_1_, options0_.option as option3_3_1_ from quiz_option options0_ where options0_.quiz_id=?
?[0m?[0;34mHibernate: select options0_.quiz_id as quiz_id4_3_0_, options0_.id as id1_3_0_, options0_.id as id1_3_1_, options0_.index as index2_3_1_, options0_.option as option3_3_1_ from quiz_option options0_ where options0_.quiz_id=?
?[0m?[0;34mHibernate: select options0_.quiz_id as quiz_id4_3_0_, options0_.id as id1_3_0_, options0_.id as id1_3_1_, options0_.index as index2_3_1_, options0_.option as option3_3_1_ from quiz_option options0_ where options0_.quiz_id=?
?[0m?[0;34mHibernate: select options0_.quiz_id as quiz_id4_3_0_, options0_.id as id1_3_0_, options0_.id as id1_3_1_, options0_.index as index2_3_1_, options0_.option as option3_3_1_ from quiz_option options0_ where options0_.quiz_id=?
?[1;31m
Start test 233?[0m
?[0m?[0;34mHibernate: select user0_.id as id1_4_, user0_.email as email2_4_, user0_.password as password3_4_, user0_.role as role4_4_ from quiz_user user0_ where user0_.email=?
?[0m?[0;34mHibernate: select quiz0_.id as id1_1_, quiz0_.text as text2_1_, quiz0_.title as title3_1_, quiz0_.user_id as user_id4_1_ from quiz quiz0_ limit ? offset ?
?[0m?[0;34mHibernate: select user0_.id as id1_4_0_, user0_.email as email2_4_0_, user0_.password as password3_4_0_, user0_.role as role4_4_0_ from quiz_user user0_ where user0_.id=?
?[0m?[0;34mHibernate: select user0_.id as id1_4_0_, user0_.email as email2_4_0_, user0_.password as password3_4_0_, user0_.role as role4_4_0_ from quiz_user user0_ where user0_.id=?
?[0m?[0;34mHibernate: select options0_.quiz_id as quiz_id4_3_0_, options0_.id as id1_3_0_, options0_.id as id1_3_1_, options0_.index as index2_3_1_, options0_.option as option3_3_1_ from quiz_option options0_ where options0_.quiz_id=?
?[0m?[0;34mHibernate: select options0_.quiz_id as quiz_id4_3_0_, options0_.id as id1_3_0_, options0_.id as id1_3_1_, options0_.index as index2_3_1_, options0_.option as option3_3_1_ from quiz_option options0_ where options0_.quiz_id=?
?[0m?[0;34mHibernate: select options0_.quiz_id as quiz_id4_3_0_, options0_.id as id1_3_0_, options0_.id as id1_3_1_, options0_.index as index2_3_1_, options0_.option as option3_3_1_ from quiz_option options0_ where options0_.quiz_id=?
?[0m?[0;34mHibernate: select options0_.quiz_id as quiz_id4_3_0_, options0_.id as id1_3_0_, options0_.id as id1_3_1_, options0_.index as index2_3_1_, options0_.option as option3_3_1_ from quiz_option options0_ where options0_.quiz_id=?
?[0m?[0;34mHibernate: select options0_.quiz_id as quiz_id4_3_0_, options0_.id as id1_3_0_, options0_.id as id1_3_1_, options0_.index as index2_3_1_, options0_.option as option3_3_1_ from quiz_option options0_ where options0_.quiz_id=?
?[1;31m
Start test 234?[0m
?[0m?[0;34mHibernate: select user0_.id as id1_4_, user0_.email as email2_4_, user0_.password as password3_4_, user0_.role as role4_4_ from quiz_user user0_ where user0_.email=?
?[0m?[0;34mHibernate: select quiz0_.id as id1_1_, quiz0_.text as text2_1_, quiz0_.title as title3_1_, quiz0_.user_id as user_id4_1_ from quiz quiz0_ limit ? offset ?
?[0m?[0;34mHibernate: select user0_.id as id1_4_0_, user0_.email as email2_4_0_, user0_.password as password3_4_0_, user0_.role as role4_4_0_ from quiz_user user0_ where user0_.id=?
?[0m?[0;34mHibernate: select user0_.id as id1_4_0_, user0_.email as email2_4_0_, user0_.password as password3_4_0_, user0_.role as role4_4_0_ from quiz_user user0_ where user0_.id=?
?[0m?[0;34mHibernate: select options0_.quiz_id as quiz_id4_3_0_, options0_.id as id1_3_0_, options0_.id as id1_3_1_, options0_.index as index2_3_1_, options0_.option as option3_3_1_ from quiz_option options0_ where options0_.quiz_id=?
?[0m?[0;34mHibernate: select options0_.quiz_id as quiz_id4_3_0_, options0_.id as id1_3_0_, options0_.id as id1_3_1_, options0_.index as index2_3_1_, options0_.option as option3_3_1_ from quiz_option options0_ where options0_.quiz_id=?
?[0m?[0;34mHibernate: select options0_.quiz_id as quiz_id4_3_0_, options0_.id as id1_3_0_, options0_.id as id1_3_1_, options0_.index as index2_3_1_, options0_.option as option3_3_1_ from quiz_option options0_ where options0_.quiz_id=?
?[0m?[0;34mHibernate: select options0_.quiz_id as quiz_id4_3_0_, options0_.id as id1_3_0_, options0_.id as id1_3_1_, options0_.index as index2_3_1_, options0_.option as option3_3_1_ from quiz_option options0_ where options0_.quiz_id=?
?[0m?[0;34mHibernate: select options0_.quiz_id as quiz_id4_3_0_, options0_.id as id1_3_0_, options0_.id as id1_3_1_, options0_.index as index2_3_1_, options0_.option as option3_3_1_ from quiz_option options0_ where options0_.quiz_id=?
]]></system-out>
  <system-err><![CDATA[]]></system-err>
</testsuite>
